 CHEASE    00/00/00      #000000,00000ms20050328   3  65  65
 7.207798887E-01 7.471605947E-01 1.650000000E+00 1.321470981E+00-1.972745070E-02
 1.771527830E+00-1.972745070E-02-2.418537124E-02 0.000000000E+00 1.270300000E+00
 8.142604565E+04-2.418537124E-02 0.000000000E+00 1.771527830E+00 0.000000000E+00
-1.972745070E-02 0.000000000E+00 0.000000000E+00 0.000000000E+00 0.000000000E+00
 2.085461703E+00 2.085855257E+00 2.086251224E+00 2.086644944E+00 2.087033340E+00
 2.087414354E+00 2.087786405E+00 2.088147237E+00 2.088496317E+00 2.088831905E+00
 2.089153077E+00 2.089459915E+00 2.089752373E+00 2.090032450E+00 2.090300533E+00
 2.090556127E+00 2.090799454E+00 2.091030727E+00 2.091250132E+00 2.091457984E+00
 2.091654659E+00 2.091840570E+00 2.092016185E+00 2.092182018E+00 2.092338616E+00
 2.092486557E+00 2.092626446E+00 2.092758907E+00 2.092884577E+00 2.093004102E+00
 2.093118132E+00 2.093227313E+00 2.093332281E+00 2.093433663E+00 2.093532064E+00
 2.093628065E+00 2.093722217E+00 2.093815035E+00 2.093907002E+00 2.093998551E+00
 2.094090063E+00 2.094181866E+00 2.094274229E+00 2.094367357E+00 2.094461387E+00
 2.094556384E+00 2.094652334E+00 2.094749145E+00 2.094846642E+00 2.094944558E+00
 2.095042539E+00 2.095140137E+00 2.095236812E+00 2.095331925E+00 2.095424741E+00
 2.095514430E+00 2.095600050E+00 2.095680572E+00 2.095754869E+00 2.095821722E+00
 2.095879814E+00 2.095927728E+00 2.095963967E+00 2.095986951E+00 2.095995000E+00
 9.725279722E+03 9.393225450E+03 9.061783615E+03 8.732237315E+03 8.405744619E+03
 8.083352517E+03 7.766001099E+03 7.454527607E+03 7.149670173E+03 6.852071978E+03
 6.562285119E+03 6.280774527E+03 6.007921711E+03 5.744029343E+03 5.489326371E+03
 5.243968187E+03 5.008043755E+03 4.781578712E+03 4.564539357E+03 4.356836702E+03
 4.158330201E+03 3.968831940E+03 3.788110476E+03 3.615894830E+03 3.451878484E+03
 3.295723291E+03 3.147063483E+03 3.005509579E+03 2.870652422E+03 2.742067025E+03
 2.619316704E+03 2.501956842E+03 2.389539046E+03 2.281615058E+03 2.177740569E+03
 2.077479452E+03 1.980408061E+03 1.886119834E+03 1.794221745E+03 1.704350037E+03
 1.616169004E+03 1.529374011E+03 1.443695984E+03 1.358905506E+03 1.274816995E+03
 1.191292395E+03 1.108245253E+03 1.025644607E+03 9.435186081E+02 8.619603120E+02
 7.811295942E+02 7.012573316E+02 6.226499716E+02 5.456931921E+02 4.708554158E+02
 3.986908706E+02 3.298527214E+02 2.650836254E+02 2.052240405E+02 1.512172683E+02
 1.041133349E+02 6.508427806E+01 3.540536527E+01 1.646881820E+01 9.797585296E+00
 2.150434383E+00 2.181188913E+00 2.183960857E+00 2.159710117E+00 2.128284524E+00
 2.080258398E+00 2.026997882E+00 1.961106318E+00 1.894729122E+00 1.814317942E+00
 1.736773861E+00 1.655533243E+00 1.581321176E+00 1.516642867E+00 1.448366849E+00
 1.379727472E+00 1.312795485E+00 1.246626832E+00 1.181856830E+00 1.119042892E+00
 1.058372716E+00 1.000131278E+00 9.446018826E-01 8.919986035E-01 8.425053319E-01
 7.962830117E-01 7.534568164E-01 7.141214653E-01 6.783389535E-01 6.461423995E-01
 6.175328734E-01 5.924807227E-01 5.709277332E-01 5.527832393E-01 5.379306770E-01
 5.262204805E-01 5.174764871E-01 5.114909921E-01 5.080326666E-01 5.068387623E-01
 5.076192474E-01 5.100615125E-01 5.138208638E-01 5.185331999E-01 5.238070155E-01
 5.292278413E-01 5.343617961E-01 5.387510793E-01 5.419212828E-01 5.433799907E-01
 5.426197494E-01 5.391186520E-01 5.323464281E-01 5.217632895E-01 5.068255416E-01
 4.869850617E-01 4.616963550E-01 4.304165979E-01 3.926106334E-01 3.477528580E-01
 2.953282882E-01 2.348326156E-01 1.657740785E-01 8.766278115E-02 0.000000000E+00
-8.783425583E+05-8.784858547E+05-8.751026150E+05-8.685050087E+05-8.589921345E+05
-8.468516340E+05-8.323608365E+05-8.157871859E+05-7.973875832E+05-7.774078654E+05
-7.560838977E+05-7.336407977E+05-7.102937698E+05-6.862470594E+05-6.616936819E+05
-6.368176366E+05-6.117918833E+05-5.867779223E+05-5.619283517E+05-5.373842662E+05
-5.132762874E+05-4.897252826E+05-4.668405950E+05-4.447219817E+05-4.234580999E+05
-4.031275078E+05-3.837979373E+05-3.655270810E+05-3.483616222E+05-3.323382401E+05
-3.174828409E+05-3.038107203E+05-2.913271770E+05-2.800261970E+05-2.698925306E+05
-2.608992158E+05-2.530095654E+05-2.461754751E+05-2.403398367E+05-2.354338628E+05
-2.313782407E+05-2.280844827E+05-2.254515959E+05-2.233700221E+05-2.217185364E+05
-2.203655720E+05-2.191699339E+05-2.179787254E+05-2.166293763E+05-2.149485844E+05
-2.127526094E+05-2.098466744E+05-2.060264059E+05-2.010763951E+05-1.947711448E+05
-1.868740657E+05-1.771385501E+05-1.653072259E+05-1.511125097E+05-1.342762791E+05
-1.145100012E+05-9.151391159E+04-6.497892733E+04-3.458475767E+04 0.000000000E+00
 7.477546346E-03 7.219238899E-03 6.960804234E-03 6.702337046E-03 6.442551984E-03
 6.178453503E-03 5.894690392E-03 5.571816192E-03 5.200413475E-03 4.779901709E-03
 4.317645628E-03 3.839521278E-03 3.375699060E-03 2.944474746E-03 2.553929448E-03
 2.202199449E-03 1.881039357E-03 1.585492192E-03 1.313954229E-03 1.067867227E-03
 8.509032145E-04 6.673631056E-04 5.213596997E-04 4.171322476E-04 3.574969848E-04
 3.399986789E-04 3.613727424E-04 4.185889181E-04 5.101306944E-04 6.342303039E-04
 7.871184127E-04 9.647180130E-04 1.164012146E-03 1.380843548E-03 1.611359767E-03
 1.852905931E-03 2.103033808E-03 2.358791675E-03 2.615726659E-03 2.869728337E-03
 3.121624175E-03 3.375996864E-03 3.640123730E-03 3.919173261E-03 4.210474017E-03
 4.507544971E-03 4.798964050E-03 5.070350887E-03 5.314634783E-03 5.528283482E-03
 5.712189476E-03 5.873106152E-03 6.010622151E-03 6.113269181E-03 6.164505847E-03
 6.141114667E-03 6.011321755E-03 5.742328735E-03 5.309364511E-03 4.688015200E-03
 3.853994655E-03 2.783767693E-03 1.455219758E-03 3.458391750E-04 3.458391750E-04
 7.059487100E-03 6.791776278E-03 6.519143332E-03 6.243104200E-03 5.963686278E-03
 5.679745531E-03 5.389055203E-03 5.081369310E-03 4.742618690E-03 4.367286252E-03
 3.957343706E-03 3.521161238E-03 3.079883994E-03 2.654958747E-03 2.258128469E-03
 1.893375723E-03 1.557929903E-03 1.247277200E-03 9.600644580E-04 6.973460514E-04
 4.620867969E-04 2.574082582E-04 8.620156596E-05-4.880919709E-05-1.437549400E-04
-1.990529779E-04-2.189301978E-04-2.056875220E-04-1.601801428E-04-8.201125504E-05
 2.656681370E-05 1.615065597E-04 3.205674919E-04 5.002177657E-04 6.968984781E-04
 9.098656193E-04 1.138528264E-03 1.381326830E-03 1.634883827E-03 1.895551909E-03
 2.163237984E-03 2.440939462E-03 2.733264177E-03 3.042719152E-03 3.367217906E-03
 3.702333128E-03 4.039901994E-03 4.370106711E-03 4.686889757E-03 4.986368547E-03
 5.268426387E-03 5.536239143E-03 5.784351203E-03 6.001122429E-03 6.170013048E-03
 6.267708163E-03 6.263942950E-03 6.132719534E-03 5.850585382E-03 5.393658393E-03
 4.738246100E-03 3.861506516E-03 2.742041757E-03 1.357144123E-03 3.458391750E-04
 6.655341743E-03 6.385261719E-03 6.105974144E-03 5.819424094E-03 5.526919456E-03
 5.228486930E-03 4.923201380E-03 4.609462513E-03 4.280962417E-03 3.928386498E-03
 3.549442414E-03 3.147900281E-03 2.732291426E-03 2.318869504E-03 1.921869504E-03
 1.548210358E-03 1.199501916E-03 8.738722357E-04 5.702163973E-04 2.897682711E-04
 3.504565258E-05-1.915938534E-04-3.886496925E-04-5.544398361E-04-6.855624916E-04
-7.781053124E-04-8.364597145E-04-8.639909956E-04-8.615285324E-04-8.275692049E-04
-7.623020354E-04-6.692087046E-04-5.497199590E-04-4.060751501E-04-2.420851146E-04
-5.795389662E-05 1.471482862E-04 3.729942966E-04 6.173291249E-04 8.772588206E-04
 1.152364128E-03 1.444767501E-03 1.757214253E-03 2.090302778E-03 2.442328594E-03
 2.810480138E-03 3.189394630E-03 3.572478381E-03 3.954259830E-03 4.330677950E-03
 4.700566066E-03 5.063060184E-03 5.410499740E-03 5.731261670E-03 6.008821595E-03
 6.219886772E-03 6.338275326E-03 6.341497599E-03 6.206628039E-03 5.910336043E-03
 5.429545337E-03 4.742155951E-03 3.826012146E-03 2.656763542E-03 1.210098504E-03
 6.259637048E-03 5.989731531E-03 5.708443648E-03 5.416916814E-03 5.116440038E-03
 4.808122365E-03 4.492052301E-03 4.167593913E-03 3.833731133E-03 3.487076868E-03
 3.122344857E-03 2.739757937E-03 2.344131387E-03 1.943396276E-03 1.549118419E-03
 1.170006412E-03 8.099037372E-04 4.696630567E-04 1.492585654E-04-1.499117855E-04
-4.252580277E-04-6.744958895E-04-8.971060500E-04-1.092446982E-03-1.258354034E-03
-1.389047511E-03-1.484308718E-03-1.550204365E-03-1.587928015E-03-1.596065264E-03
-1.572486224E-03-1.519603530E-03-1.438932094E-03-1.330736840E-03-1.198736476E-03
-1.043483648E-03-8.632230500E-04-6.571202551E-04-4.264562831E-04-1.732985913E-04
 1.020592459E-04 4.015028173E-04 7.267066701E-04 1.077038268E-03 1.450998835E-03
 1.846991468E-03 2.261908499E-03 2.691247974E-03 3.130073425E-03 3.574259760E-03
 4.021359467E-03 4.467320769E-03 4.903858942E-03 5.319391396E-03 5.697451106E-03
 6.015730194E-03 6.252339506E-03 6.385874602E-03 6.393940027E-03 6.253767699E-03
 5.942924970E-03 5.439449319E-03 4.719499949E-03 3.758690860E-03 2.532826679E-03
 5.870119226E-03 5.601903650E-03 5.320079629E-03 5.026273818E-03 4.721537695E-03
 4.406747036E-03 4.082815213E-03 3.749949142E-03 3.407861750E-03 3.056129007E-03
 2.693457617E-03 2.317780330E-03 1.931106988E-03 1.538582144E-03 1.146935460E-03
 7.636357796E-04 3.936582349E-04 3.941676129E-05-2.977618052E-04-6.161299815E-04
-9.131496858E-04-1.186159372E-03-1.434189722E-03-1.657784934E-03-1.856104958E-03
-2.024720241E-03-2.157264067E-03-2.259388928E-03-2.334843591E-03-2.382744794E-03
-2.399232580E-03-2.384711621E-03-2.341463027E-03-2.268064230E-03-2.167362703E-03
-2.040731067E-03-1.885799730E-03-1.700916913E-03-1.486684708E-03-1.244598630E-03
-9.746566407E-04-6.747167087E-04-3.434120700E-04 1.806075034E-05 4.083407685E-04
 8.267130955E-04 1.271725127E-03 1.740198069E-03 2.227834933E-03 2.730483451E-03
 3.244315036E-03 3.763536628E-03 4.279802635E-03 4.781622378E-03 5.252695973E-03
 5.673088383E-03 6.023192231E-03 6.282154724E-03 6.428111788E-03 6.438866573E-03
 6.292485364E-03 5.965858211E-03 5.434728947E-03 4.674882634E-03 3.662147392E-03
 5.486023989E-03 5.220595698E-03 4.939132380E-03 4.643777007E-03 4.336034048E-03
 4.016901055E-03 3.687080501E-03 3.347322295E-03 2.998000151E-03 2.639220768E-03
 2.271168144E-03 1.894014142E-03 1.508053937E-03 1.116361592E-03 7.237876030E-04
 3.355212230E-04-4.408811300E-05-4.120069121E-04-7.659340173E-04-1.103743954E-03
-1.422987809E-03-1.720940522E-03-1.995269564E-03-2.246428616E-03-2.475030917E-03
-2.679049033E-03-2.850528462E-03-2.987962499E-03-3.099138675E-03-3.184280255E-03
-3.239420058E-03-3.261840309E-03-3.254224413E-03-3.214835500E-03-3.144645242E-03
-3.046039306E-03-2.916352564E-03-2.753183180E-03-2.556591687E-03-2.327785418E-03
-2.066618792E-03-1.770667988E-03-1.438569804E-03-1.071576176E-03-6.706454219E-04
-2.356651840E-04 2.330580281E-04 7.332417848E-04 1.261341537E-03 1.813146236E-03
 2.383756697E-03 2.966832381E-03 3.554113735E-03 4.134283854E-03 4.691709034E-03
 5.208851134E-03 5.666988634E-03 6.045798410E-03 6.323947916E-03 6.479788429E-03
 6.490966026E-03 6.333651748E-03 5.983751234E-03 5.417113762E-03 4.609723928E-03
 5.108111980E-03 4.845866688E-03 4.565306836E-03 4.268768029E-03 3.958212538E-03
 3.635029104E-03 3.300174361E-03 2.954331015E-03 2.598175663E-03 2.232281606E-03
 1.857174735E-03 1.473638011E-03 1.082852398E-03 6.866175644E-04 2.883912295E-04
-1.077192199E-04-4.980096566E-04-8.799166327E-04-1.250908727E-03-1.608506504E-03
-1.950276192E-03-2.273603141E-03-2.575645105E-03-2.854797604E-03-3.112580315E-03
-3.348976680E-03-3.558985251E-03-3.733343246E-03-3.878519962E-03-3.998699039E-03
-4.090948129E-03-4.149483836E-03-4.175860120E-03-4.169610547E-03-4.129233500E-03
-4.057864301E-03-3.953027037E-03-3.811549663E-03-3.632959518E-03-3.418329313E-03
-3.167497336E-03-2.877819491E-03-2.547930995E-03-2.179117039E-03-1.772006293E-03
-1.325778163E-03-8.398176719E-04-3.154332893E-04 2.447775550E-04 8.365622569E-04
 1.454655081E-03 2.092754444E-03 2.742786270E-03 3.393725487E-03 4.031191387E-03
 4.639016911E-03 5.199056206E-03 5.691504750E-03 6.095546597E-03 6.389634422E-03
 6.550694004E-03 6.554958522E-03 6.378456631E-03 5.997149866E-03 5.387220491E-03
 4.743888684E-03 4.479817364E-03 4.199298567E-03 3.901640876E-03 3.588201260E-03
 3.260749712E-03 2.920565490E-03 2.568576477E-03 2.205512343E-03 1.832093080E-03
 1.449114468E-03 1.057522074E-03 6.586420034E-04 2.543128373E-04-1.529654143E-04
-5.599354346E-04-9.633223416E-04-1.360250932E-03-1.748867706E-03-2.126781720E-03
-2.491439575E-03-2.840286411E-03-3.170592463E-03-3.479376532E-03-3.766294092E-03
-4.033136466E-03-4.278413704E-03-4.492350684E-03-4.671396659E-03-4.824998821E-03
-4.952332334E-03-5.046611614E-03-5.105956492E-03-5.131913378E-03-5.120945538E-03
-5.076019865E-03-4.995534089E-03-4.875511664E-03-4.714876697E-03-4.514627145E-03
-4.274670897E-03-3.992196107E-03-3.665883578E-03-3.297112529E-03-2.886293076E-03
-2.432165061E-03-1.933692432E-03-1.391505146E-03-8.071920291E-04-1.843242273E-04
 4.724247557E-04 1.157059080E-03 1.861811119E-03 2.576176484E-03 3.286972352E-03
 3.978779495E-03 4.633989993E-03 5.233306785E-03 5.756249735E-03 6.180820540E-03
 6.483867128E-03 6.641789640E-03 6.630727160E-03 6.426769294E-03 6.006350720E-03
 4.403273860E-03 4.130388384E-03 3.844552891E-03 3.543651102E-03 3.226875866E-03
 2.894743778E-03 2.548702136E-03 2.189927619E-03 1.819332561E-03 1.437721780E-03
 1.045946806E-03 6.450468487E-04 2.363568178E-04-1.783717840E-04-5.969839630E-04
-1.016943561E-03-1.435373531E-03-1.849421382E-03-2.256581425E-03-2.655365592E-03
-3.043387536E-03-3.417998430E-03-3.776547698E-03-4.116068246E-03-4.433640060E-03
-4.730464857E-03-5.007739664E-03-5.260574843E-03-5.476504597E-03-5.662339947E-03
-5.822791281E-03-5.952333194E-03-6.044453257E-03-6.101582141E-03-6.119959139E-03
-6.100903303E-03-6.044315451E-03-5.945497415E-03-5.802646542E-03-5.616682015E-03
-5.387632580E-03-5.112546314E-03-4.790197247E-03-4.422124786E-03-4.008598739E-03
-3.548125702E-03-3.039617399E-03-2.483366152E-03-1.880642669E-03-1.234253452E-03
-5.473093878E-04 1.754881403E-04 9.269593978E-04 1.697282346E-03 2.474112697E-03
 3.242632753E-03 3.985761107E-03 4.684627904E-03 5.318633432E-03 5.865618009E-03
 6.302605446E-03 6.606154115E-03 6.752469719E-03 6.717784377E-03 6.478226714E-03
 4.091713324E-03 3.803977067E-03 3.507511825E-03 3.198833084E-03 2.875970204E-03
 2.538164902E-03 2.185607504E-03 1.819310573E-03 1.440353030E-03 1.049647630E-03
 6.480945012E-04 2.367222158E-04-1.831745115E-04-6.099402485E-04-1.041607537E-03
-1.476036024E-03-1.910877606E-03-2.343481492E-03-2.771151891E-03-3.191545551E-03
-3.603357137E-03-4.004097579E-03-4.390963292E-03-4.761150490E-03-5.111285971E-03
-5.439112533E-03-5.747038715E-03-6.034666777E-03-6.291037607E-03-6.509756344E-03
-6.701963321E-03-6.865510582E-03-6.990952295E-03-7.078446872E-03-7.126261266E-03
-7.132860349E-03-7.099841769E-03-7.022088462E-03-6.896906389E-03-6.725082132E-03
-6.506792821E-03-6.238949481E-03-5.920448980E-03-5.553032243E-03-5.136862681E-03
-4.670361962E-03-4.152641643E-03-3.583947771E-03-2.965801500E-03-2.300332933E-03
-1.589518414E-03-8.364543014E-04-4.640713160E-05 7.719678925E-04 1.607017339E-03
 2.444494314E-03 3.267816882E-03 4.058242031E-03 4.795050456E-03 5.456230904E-03
 6.019049757E-03 6.460095562E-03 6.755614746E-03 6.881606257E-03 6.812418763E-03
 3.810433006E-03 3.503184653E-03 3.191611389E-03 2.871281427E-03 2.538989914E-03
 2.192964434E-03 1.832548690E-03 1.457894198E-03 1.069726571E-03 6.690101462E-04
 2.566796664E-04-1.662446714E-04-5.985347708E-04-1.038677259E-03-1.484878705E-03
-1.935171377E-03-2.387491451E-03-2.839612681E-03-3.288963276E-03-3.732842065E-03
-4.168961814E-03-4.596081049E-03-5.011508949E-03-5.412228847E-03-5.795166717E-03
-6.156472862E-03-6.495435138E-03-6.814616874E-03-7.110038859E-03-7.366022269E-03
-7.589179577E-03-7.784818584E-03-7.944223437E-03-8.061976814E-03-8.139240861E-03
-8.171703270E-03-8.162070286E-03-8.105409864E-03-7.997942007E-03-7.840218654E-03
-7.632577875E-03-7.371777622E-03-7.056845448E-03-6.689730313E-03-6.270479106E-03
-5.797529856E-03-5.270356169E-03-4.689461351E-03-4.056902044E-03-3.374259086E-03
-2.642873295E-03-1.864771889E-03-1.043546552E-03-1.854238253E-04 6.995698454E-04
 1.597827107E-03 2.493083919E-03 3.366592415E-03 4.197764739E-03 4.964923406E-03
 5.645379414E-03 6.215673158E-03 6.651824650E-03 6.928542691E-03 7.019068311E-03
 3.550271474E-03 3.225797684E-03 2.897317198E-03 2.562322778E-03 2.217927959E-03
 1.861400035E-03 1.491221768E-03 1.106890681E-03 7.086069665E-04 2.970115589E-04
-1.270148957E-04-5.624848355E-04-1.008236916E-03-1.462893300E-03-1.924859677E-03
-2.392309522E-03-2.863274288E-03-3.335700617E-03-3.807388161E-03-4.275740687E-03
-4.737945323E-03-5.191710685E-03-5.635760286E-03-6.067107879E-03-6.482477293E-03
-6.878356512E-03-7.250688588E-03-7.600834082E-03-7.930191452E-03-8.227552680E-03
-8.482900992E-03-8.709132896E-03-8.902158573E-03-9.050948515E-03-9.157367069E-03
-9.216357815E-03-9.230055702E-03-9.194674990E-03-9.105172026E-03-8.961698473E-03
-8.764757222E-03-8.510925332E-03-8.199349138E-03-7.832154752E-03-7.409222343E-03
-6.929076690E-03-6.391638497E-03-5.798027431E-03-5.150757226E-03-4.451121095E-03
-3.700236324E-03-2.899593262E-03-2.051777806E-03-1.161100894E-03-2.347365757E-04
 7.156765612E-04 1.674111796E-03 2.621990055E-03 3.539131779E-03 4.403996270E-03
 5.193778400E-03 5.884749624E-03 6.452028156E-03 6.869378362E-03 7.109119845E-03
 3.298902521E-03 2.961980236E-03 2.619799275E-03 2.270729631E-03 1.912830085E-03
 1.544111041E-03 1.162710152E-03 7.674422042E-04 3.580066540E-04-6.530142984E-05
-5.018334079E-04-9.507147572E-04-1.410884954E-03-1.881078426E-03-2.359826902E-03
-2.845474489E-03-3.336149893E-03-3.829830029E-03-4.324398347E-03-4.817596792E-03
-5.306728391E-03-5.788788395E-03-6.261444193E-03-6.723289593E-03-7.170958263E-03
-7.600864636E-03-8.008864915E-03-8.391490171E-03-8.751843108E-03-9.087779959E-03
-9.380900729E-03-9.636916545E-03-9.861675355E-03-1.004294734E-02-1.017809867E-02
-1.026452481E-02-1.030167888E-02-1.028787091E-02-1.021678113E-02-1.008792151E-02
-9.901956200E-03-9.655249583E-03-9.347039044E-03-8.979558884E-03-8.552434841E-03
-8.064344381E-03-7.515676873E-03-6.908515464E-03-6.245516375E-03-5.528019569E-03
-4.757239810E-03-3.934636773E-03-3.062309995E-03-2.143379240E-03-1.182841050E-03
-1.893002770E-04 8.232502805E-04 1.836817866E-03 2.831539999E-03 3.785731907E-03
 4.676249044E-03 5.478731223E-03 6.167507571E-03 6.715461543E-03 7.094000605E-03
 3.049441070E-03 2.704647687E-03 2.352285274E-03 1.991680585E-03 1.621594563E-03
 1.240544455E-03 8.470829186E-04 4.400196561E-04 1.864485013E-05-4.171028358E-04
-8.668159229E-04-1.329814335E-03-1.805181332E-03-2.291761087E-03-2.788181789E-03
-3.292869911E-03-3.804069828E-03-4.319823394E-03-4.837995318E-03-5.356340818E-03
-5.872475180E-03-6.383541055E-03-6.886275662E-03-7.378281833E-03-7.857926092E-03
-8.321390562E-03-8.764707358E-03-9.182960402E-03-9.574596367E-03-9.942962647E-03
-1.027794594E-02-1.056529124E-02-1.081961934E-02-1.103397738E-02-1.119804654E-02
-1.131249864E-02-1.137348935E-02-1.138157986E-02-1.132949131E-02-1.121580698E-02
-1.104133062E-02-1.080218643E-02-1.049766371E-02-1.012999731E-02-9.698445240E-03
-9.201902035E-03-8.641264934E-03-8.019671801E-03-7.339682087E-03-6.602947213E-03
-5.811062062E-03-4.965837298E-03-4.069326012E-03-3.124056062E-03-2.133792029E-03
-1.104801645E-03-4.717717727E-05 1.023489337E-03 2.087310603E-03 3.122190946E-03
 4.104498932E-03 5.009214305E-03 5.809826766E-03 6.478397332E-03 6.985436809E-03
 2.800639036E-03 2.451070399E-03 2.091693637E-03 1.722006729E-03 1.341463315E-03
 9.491284094E-04 5.438826236E-04 1.247205485E-04-3.090527189E-04-7.577240647E-04
-1.221142594E-03-1.698809296E-03-2.189950025E-03-2.693541909E-03-3.208304483E-03
-3.732725077E-03-4.265086083E-03-4.803482037E-03-5.345814528E-03-5.889785852E-03
-6.432968297E-03-6.972793132E-03-7.506193258E-03-8.029590117E-03-8.540507276E-03
-9.036979883E-03-9.514685805E-03-9.969155787E-03-1.039495589E-02-1.079337158E-02
-1.116519723E-02-1.149038566E-02-1.177288515E-02-1.201874053E-02-1.221282679E-02
-1.235520871E-02-1.244067044E-02-1.247091429E-02-1.243847040E-02-1.234066605E-02
-1.217839689E-02-1.194753238E-02-1.164736795E-02-1.127999188E-02-1.084418327E-02
-1.033907872E-02-9.766230296E-03-9.129510691E-03-8.431376108E-03-7.673942870E-03
-6.859443612E-03-5.990261717E-03-5.068791746E-03-4.097546869E-03-3.079827796E-03
-2.020092560E-03-9.248623129E-04 1.942563714E-04 1.318443580E-03 2.425165221E-03
 3.490209555E-03 4.487750263E-03 5.390548081E-03 6.170006044E-03 6.795713226E-03
 2.558379507E-03 2.203875233E-03 1.838373499E-03 1.461210697E-03 1.071711618E-03
 6.691562688E-04 2.527671014E-04-1.782828813E-04-6.246336611E-04-1.086561032E-03
-1.564036253E-03-2.056761678E-03-2.564096044E-03-3.085114542E-03-3.618637274E-03
-4.163228795E-03-4.717195116E-03-5.278630270E-03-5.845431124E-03-6.415303665E-03
-6.985745302E-03-7.554097856E-03-8.117558326E-03-8.672806752E-03-9.215897568E-03
-9.744265955E-03-1.025550439E-02-1.074475951E-02-1.120687239E-02-1.163686892E-02
-1.203860070E-02-1.240488856E-02-1.271709880E-02-1.299123163E-02-1.321671734E-02
-1.338632534E-02-1.349712357E-02-1.354958624E-02-1.353738094E-02-1.345622387E-02
-1.330702000E-02-1.308539044E-02-1.279059021E-02-1.242437362E-02-1.198495308E-02
-1.147168725E-02-1.088700960E-02-1.023488137E-02-9.517820851E-03-8.738500098E-03
-7.899940381E-03-7.005281754E-03-6.057554674E-03-5.059883742E-03-4.015381777E-03
-2.926886820E-03-1.798667125E-03-6.391246526E-04 5.365449695E-04 1.706139168E-03
 2.844647732E-03 3.925610664E-03 4.921445342E-03 5.802814615E-03 6.537966112E-03
 2.327779827E-03 1.967570578E-03 1.595628609E-03 1.211085851E-03 8.131488522E-04
 4.010555793E-04-2.594877820E-05-4.685879135E-04-9.274419586E-04-1.402808564E-03
-1.894676792E-03-2.402744505E-03-2.926505166E-03-3.465189984E-03-4.017689080E-03
-4.582624028E-03-5.158361183E-03-5.742993772E-03-6.334382402E-03-6.930183865E-03
-7.527857520E-03-8.124654010E-03-8.717641494E-03-9.303736620E-03-9.879328547E-03
-1.044006150E-02-1.098327717E-02-1.150600998E-02-1.200286787E-02-1.246779146E-02
-1.289809542E-02-1.329763729E-02-1.364665401E-02-1.394641337E-02-1.420232923E-02
-1.439885824E-02-1.453557820E-02-1.461011081E-02-1.461856811E-02-1.455479026E-02
-1.441956096E-02-1.420828393E-02-1.392012854E-02-1.355630201E-02-1.311439543E-02
-1.259400102E-02-1.199845753E-02-1.133122633E-02-1.059502200E-02-9.793150136E-03
-8.929453680E-03-8.007970782E-03-7.032783922E-03-6.007815746E-03-4.935794180E-03
-3.818785428E-03-2.660100721E-03-1.465892813E-03-2.474409314E-04 9.757776875E-04
 2.178530272E-03 3.334365389E-03 4.415066066E-03 5.390090591E-03 6.226759511E-03
 2.111718489E-03 1.744800154E-03 1.365794735E-03 9.735761714E-04 5.671703991E-04
 1.457012509E-04-2.916599524E-04-7.456760222E-04-1.216908481E-03-1.705657445E-03
-2.211962632E-03-2.735590368E-03-3.276019904E-03-3.832459856E-03-4.403942471E-03
-4.989194047E-03-5.586602082E-03-6.194289162E-03-6.810108025E-03-7.431643799E-03
-8.056272608E-03-8.681161697E-03-9.303269063E-03-9.919349469E-03-1.052599675E-02
-1.111927730E-02-1.169439447E-02-1.224859536E-02-1.277825151E-02-1.327741864E-02
-1.373932221E-02-1.416507299E-02-1.455231925E-02-1.487892823E-02-1.516133737E-02
-1.538552170E-02-1.554770318E-02-1.564413561E-02-1.567337401E-02-1.562757071E-02
-1.550717465E-02-1.530743140E-02-1.502738087E-02-1.466745418E-02-1.422463015E-02
-1.369884842E-02-1.309389843E-02-1.241251777E-02-1.165765075E-02-1.083322684E-02
-9.943927292E-03-8.994856918E-03-7.991399284E-03-6.937822373E-03-5.836774789E-03
-4.690741382E-03-3.502824695E-03-2.277719370E-03-1.023844704E-03 2.439819323E-04
 1.503037392E-03 2.726294330E-03 3.884293727E-03 4.945252748E-03 5.875662444E-03
 1.911232760E-03 1.536690673E-03 1.149985436E-03 7.496940795E-04 3.346202850E-04
-9.627165040E-05-5.439127732E-04-1.009115697E-03-1.492498391E-03-1.994437155E-03
-2.515024271E-03-3.054068428E-03-3.611102384E-03-4.185376220E-03-4.775843404E-03
-5.381194631E-03-5.999959039E-03-6.630305198E-03-7.270075226E-03-7.916842235E-03
-8.567887540E-03-9.220259695E-03-9.870791777E-03-1.051610154E-02-1.115259305E-02
-1.177650012E-02-1.238354556E-02-1.296848302E-02-1.352846936E-02-1.405914024E-02
-1.455394541E-02-1.500649950E-02-1.542136131E-02-1.578208625E-02-1.608653207E-02
-1.633836890E-02-1.652459773E-02-1.664282958E-02-1.669254959E-02-1.666508800E-02
-1.656023152E-02-1.637315849E-02-1.610273641E-02-1.574839067E-02-1.530656540E-02
-1.477773598E-02-1.416530487E-02-1.347136826E-02-1.269906478E-02-1.185285989E-02
-1.093827095E-02-9.961751354E-03-8.929441928E-03-7.845689041E-03-6.714223632E-03
-5.538578961E-03-4.322115090E-03-3.068862397E-03-1.784493770E-03-4.786684041E-04
 8.298246215E-04 2.113291409E-03 3.340927742E-03 4.480112110E-03 5.496661732E-03
 1.726419645E-03 1.343442934E-03 9.485185911E-04 5.398611705E-04 1.159867711E-04
-3.243468588E-04-7.821999326E-04-1.258450509E-03-1.753771394E-03-2.268598508E-03
-2.803110972E-03-3.357213132E-03-3.930493767E-03-4.522228036E-03-5.131393855E-03
-5.756674370E-03-6.396448163E-03-7.048851279E-03-7.711855877E-03-8.383024947E-03
-9.059607499E-03-9.738558243E-03-1.041654766E-02-1.109003282E-02-1.175524605E-02
-1.240820811E-02-1.304476820E-02-1.366030465E-02-1.424914736E-02-1.480837245E-02
-1.533286057E-02-1.581532518E-02-1.625201736E-02-1.664552913E-02-1.697259433E-02
-1.724834269E-02-1.745744850E-02-1.759732025E-02-1.766672435E-02-1.765766753E-02
-1.756881754E-02-1.739540314E-02-1.713607403E-02-1.678905911E-02-1.635039157E-02
-1.582119585E-02-1.520363359E-02-1.449931880E-02-1.371149829E-02-1.284508102E-02
-1.190659145E-02-1.090342461E-02-9.841626352E-03-8.726713923E-03-7.564158611E-03
-6.358781495E-03-5.114634044E-03-3.834504843E-03-2.521236209E-03-1.181614803E-03
 1.692887496E-04 1.505393661E-03 2.795118845E-03 4.005083020E-03 5.100412209E-03
 1.556598396E-03 1.164754991E-03 7.613706276E-04 3.442795489E-04-8.835284295E-05
-5.380123573E-04-1.005899004E-03-1.492982541E-03-1.999997965E-03-2.527434204E-03
-3.075519944E-03-3.644204637E-03-4.233145047E-03-4.841700424E-03-5.468897072E-03
-6.113414794E-03-6.773620292E-03-7.447580383E-03-8.133050679E-03-8.827580159E-03
-9.528519947E-03-1.023277332E-02-1.093692806E-02-1.163724813E-02-1.232976405E-02
-1.301028991E-02-1.367444238E-02-1.431768532E-02-1.493508060E-02-1.552060765E-02
-1.607127205E-02-1.658123930E-02-1.704263137E-02-1.745654253E-02-1.781315945E-02
-1.810681091E-02-1.833858220E-02-1.849908157E-02-1.858689322E-02-1.859592872E-02
-1.852325201E-02-1.836425402E-02-1.811731051E-02-1.777932499E-02-1.734622430E-02
-1.681934863E-02-1.619927578E-02-1.548722084E-02-1.468642537E-02-1.380226629E-02
-1.284216087E-02-1.181310169E-02-1.072187689E-02-9.576010494E-03-8.382808973E-03
-7.148477405E-03-5.876467709E-03-4.568410591E-03-3.226752483E-03-1.856904467E-03
-4.702222708E-04 9.112257751E-04 2.255833984E-03 3.529393572E-03 4.696353623E-03
 1.399052193E-03 9.992273352E-04 5.878615498E-04 1.627116287E-04-2.782592733E-04
-7.368025075E-04-1.214317216E-03-1.711871300E-03-2.230236161E-03-2.769917237E-03
-3.331171814E-03-3.913975890E-03-4.518013997E-03-5.142666645E-03-5.786995398E-03
-6.449747338E-03-7.129332202E-03-7.823786089E-03-8.530813682E-03-9.247815733E-03
-9.971875532E-03-1.069991034E-02-1.142856620E-02-1.215402347E-02-1.287213026E-02
-1.357844554E-02-1.426835169E-02-1.493706455E-02-1.557969516E-02-1.619105344E-02
-1.676489598E-02-1.729816838E-02-1.778438848E-02-1.821628852E-02-1.859795678E-02
-1.890898147E-02-1.916082796E-02-1.933997685E-02-1.944481376E-02-1.947122286E-02
-1.941455523E-02-1.927044875E-02-1.903692591E-02-1.870951869E-02-1.828447537E-02
-1.776244282E-02-1.714259605E-02-1.642572979E-02-1.561503678E-02-1.471650817E-02
-1.373692928E-02-1.268319279E-02-1.156399912E-02-1.038888842E-02-9.166695444E-03
-7.903046992E-03-6.601446878E-03-5.264887779E-03-3.896078735E-03-2.498880991E-03
-1.081532910E-03 3.384000922E-04 1.730981956E-03 3.061247246E-03 4.292922952E-03
 1.251110080E-03 8.450953500E-04 4.269878768E-04-5.347642520E-06-4.539908145E-04
-9.207984759E-04-1.407266457E-03-1.914564569E-03-2.443568785E-03-2.994865259E-03
-3.568723520E-03-4.165088683E-03-4.783609230E-03-5.423656862E-03-6.084290340E-03
-6.764253182E-03-7.461958076E-03-8.175487435E-03-8.902589502E-03-9.640611399E-03
-1.038653946E-02-1.113704476E-02-1.188847377E-02-1.263705700E-02-1.337865609E-02
-1.410868728E-02-1.482225093E-02-1.551429623E-02-1.617967710E-02-1.681322514E-02
-1.740960389E-02-1.796252271E-02-1.846888722E-02-1.892158680E-02-1.931641180E-02
-1.965065024E-02-1.991639984E-02-2.011257890E-02-2.023323886E-02-2.027588131E-02
-2.023474800E-02-2.010572409E-02-1.988640313E-02-1.957093875E-02-1.915624924E-02
-1.864137528E-02-1.802444443E-02-1.730584132E-02-1.648896498E-02-1.557920253E-02
-1.458219871E-02-1.350637039E-02-1.236234824E-02-1.116082062E-02-9.909648605E-03
-8.615506616E-03-7.284283965E-03-5.920004571E-03-4.525263091E-03-3.102875037E-03
-1.658734028E-03-2.063662025E-04 1.227674241E-03 2.607999535E-03 3.897569983E-03
 1.111962008E-03 7.018099101E-04 2.784744483E-04-1.599584705E-04-6.154558140E-04
-1.089834418E-03-1.584598368E-03-2.100950722E-03-2.639803815E-03-3.201781358E-03
-3.787210021E-03-4.396110794E-03-5.028184490E-03-5.682771691E-03-6.358840321E-03
-7.055044784E-03-7.769756874E-03-8.501024998E-03-9.246570088E-03-1.000376217E-02
-1.076962885E-02-1.154077744E-02-1.231340108E-02-1.308337103E-02-1.384625204E-02
-1.459755820E-02-1.533236499E-02-1.604538229E-02-1.673115333E-02-1.738425191E-02
-1.799933961E-02-1.857107846E-02-1.909333393E-02-1.956301618E-02-1.997246781E-02
-2.032277145E-02-2.060083290E-02-2.081263057E-02-2.094803557E-02-2.100556338E-02
-2.097900917E-02-2.086442880E-02-2.065904253E-02-2.035634728E-02-1.995383404E-02
-1.944816064E-02-1.883665517E-02-1.811959824E-02-1.730004633E-02-1.638136057E-02
-1.537013173E-02-1.427650084E-02-1.311136360E-02-1.188388452E-02-1.060382465E-02
-9.280463424E-03-7.920948071E-03-6.530053002E-03-5.110615798E-03-3.664835144E-03
-2.196876016E-03-7.170420749E-04 7.522954098E-04 2.176326558E-03 3.517186163E-03
 9.836215106E-04 5.704215841E-04 1.429332657E-04-3.006587039E-04-7.622127663E-04
-1.243435438E-03-1.745786278E-03-2.270459342E-03-2.818379298E-03-3.390196683E-03
-3.986258695E-03-4.606596578E-03-5.250918370E-03-5.918597006E-03-6.608665023E-03
-7.319807375E-03-8.050321713E-03-8.798095296E-03-9.560704273E-03-1.033544625E-02
-1.111928286E-02-1.190881787E-02-1.270028458E-02-1.348949658E-02-1.427180638E-02
-1.504226133E-02-1.579569489E-02-1.652698355E-02-1.723058100E-02-1.790074210E-02
-1.853185805E-02-1.911855302E-02-1.965565787E-02-2.013736137E-02-2.056105759E-02
-2.092049743E-02-2.121589900E-02-2.143970236E-02-2.158864331E-02-2.165950454E-02
-2.164632482E-02-2.154503011E-02-2.135236252E-02-2.106200434E-02-2.067151987E-02
-2.017619718E-02-1.957253735E-02-1.886022593E-02-1.804001028E-02-1.711551406E-02
-1.609489037E-02-1.498729799E-02-1.380179242E-02-1.254996912E-02-1.124366073E-02
-9.893341039E-03-8.507318692E-03-7.091265568E-03-5.648491955E-03-4.180986988E-03
-2.691678300E-03-1.188319535E-03 3.106860775E-04 1.772376111E-03 3.158150661E-03
 8.683740981E-04 4.524073876E-04 2.128457244E-05-4.268150345E-04-8.936855426E-04
-1.380970030E-03-1.890102022E-03-2.422275291E-03-2.978419320E-03-3.559181540E-03
-4.164907329E-03-4.795625370E-03-5.451036585E-03-6.130520049E-03-6.833096587E-03
-7.557429121E-03-8.301822259E-03-9.064221525E-03-9.842208647E-03-1.063295735E-02
-1.143318021E-02-1.223927856E-02-1.304737644E-02-1.385324792E-02-1.465229692E-02
-1.543954946E-02-1.620957587E-02-1.695671660E-02-1.767529883E-02-1.835981520E-02
-1.900443450E-02-1.960348333E-02-2.015161333E-02-2.064469896E-02-2.107870174E-02
-2.145109730E-02-2.175783375E-02-2.199252448E-02-2.215478064E-02-2.223749606E-02
-2.223639866E-02-2.214707993E-02-2.196572523E-02-2.168679998E-02-2.130703321E-02
-2.082152968E-02-2.022723012E-02-1.952111794E-02-1.870261609E-02-1.777695195E-02
-1.674993469E-02-1.562919668E-02-1.442616756E-02-1.315355573E-02-1.182412805E-02
-1.044948824E-02-9.039127104E-03-7.599745843E-03-6.135266135E-03-4.647717864E-03
-3.139229594E-03-1.615593319E-03-9.182616728E-05 1.401870029E-03 2.826433248E-03
 7.672977541E-04 3.485001352E-04-8.597916017E-05-5.380561242E-04-1.009546742E-03
-1.502089600E-03-2.017117504E-03-2.555827392E-03-3.119157739E-03-3.707765103E-03
-4.322004731E-03-4.961910376E-03-5.627180326E-03-6.317163137E-03-7.030850494E-03
-7.766868823E-03-8.523481903E-03-9.298608883E-03-1.008978580E-02-1.089416140E-02
-1.170849942E-02-1.252917199E-02-1.335211929E-02-1.417276820E-02-1.498627160E-02
-1.578757159E-02-1.657132618E-02-1.733192454E-02-1.806340857E-02-1.875970986E-02
-1.941507574E-02-2.002390635E-02-2.058115990E-02-2.108343146E-02-2.152776119E-02
-2.191008747E-02-2.222648094E-02-2.247384716E-02-2.264610192E-02-2.273953000E-02
-2.274914857E-02-2.267034905E-02-2.249878347E-02-2.222997719E-02-2.185948855E-02
-2.138308389E-02-2.079716364E-02-2.009779584E-02-1.928487302E-02-1.835942436E-02
-1.732678846E-02-1.619624606E-02-1.497945240E-02-1.368959004E-02-1.234028192E-02
-1.094423332E-02-9.512067823E-03-8.051514821E-03-6.567212965E-03-5.061412947E-03
-3.535774645E-03-1.994663914E-03-4.504023528E-04 1.069925445E-03 2.527310279E-03
 6.801966426E-04 2.588010457E-04-1.786268972E-04-6.341066544E-04-1.109508059E-03
-1.606492698E-03-2.126503988E-03-2.670747386E-03-3.240168800E-03-3.835431744E-03
-4.456895761E-03-5.104598050E-03-5.778236563E-03-6.477154867E-03-7.200332964E-03
-7.946381733E-03-8.713536297E-03-9.499652112E-03-1.030219724E-02-1.111824610E-02
-1.194447412E-02-1.277718714E-02-1.361227158E-02-1.444520124E-02-1.527106420E-02
-1.608456323E-02-1.687993623E-02-1.765132928E-02-1.839290790E-02-1.909875481E-02
-1.976282398E-02-2.037913003E-02-2.094398991E-02-2.145451010E-02-2.190729594E-02
-2.229883165E-02-2.262487266E-02-2.288097961E-02-2.306292940E-02-2.316559184E-02
-2.318445373E-02-2.311460984E-02-2.295145678E-02-2.269099098E-02-2.232840016E-02
-2.185987981E-02-2.128091887E-02-2.058946330E-02-1.978135124E-02-1.885680304E-02
-1.782150108E-02-1.668437163E-02-1.545710885E-02-1.415332470E-02-1.278737842E-02
-1.137294182E-02-9.921699867E-03-8.442384060E-03-6.940423243E-03-5.418438123E-03
-3.877858176E-03-2.321999539E-03-7.610653888E-04 7.808177727E-04 2.265255871E-03
 6.067584354E-04 1.832800977E-04-2.565150745E-04-7.147266767E-04-1.193270091E-03
-1.693832576E-03-2.217871351E-03-2.766601823E-03-3.340976136E-03-3.941662979E-03
-4.569023707E-03-5.223094221E-03-5.903566119E-03-6.609774916E-03-7.340688606E-03
-8.094901481E-03-8.870627301E-03-9.665695463E-03-1.047754291E-02-1.130320104E-02
-1.213928887E-02-1.298200451E-02-1.382712158E-02-1.466999286E-02-1.550557150E-02
-1.632849175E-02-1.713306939E-02-1.791336684E-02-1.866327561E-02-1.937645393E-02
-2.004670410E-02-2.066907130E-02-2.124043099E-02-2.175776321E-02-2.221784574E-02
-2.261692861E-02-2.295093583E-02-2.321526417E-02-2.340514613E-02-2.351571751E-02
-2.354219184E-02-2.347956476E-02-2.332334527E-02-2.306938672E-02-2.271343285E-02
-2.225110650E-02-2.167911632E-02-2.099259490E-02-2.018896995E-02-1.926718893E-02
-1.823130658E-02-1.709001715E-02-1.585500733E-02-1.454021617E-02-1.316064218E-02
-1.173085627E-02-1.026353221E-02-8.768329487E-03-7.251397399E-03-5.715743119E-03
-4.162700776E-03-2.594837107E-03-1.020739191E-03 5.379814783E-04 2.043938028E-03
 5.469351757E-04 1.220188725E-04-3.194799334E-04-7.796996481E-04-1.260576497E-03
-1.763813927E-03-2.290881395E-03-2.843002431E-03-3.421135583E-03-4.025952431E-03
-4.657816338E-03-5.316761072E-03-6.002475090E-03-6.714285760E-03-7.451151301E-03
-8.211650399E-03-8.993978322E-03-9.795937376E-03-1.061493149E-02-1.144795395E-02
-1.229157937E-02-1.314195254E-02-1.399478621E-02-1.484536683E-02-1.568857182E-02
-1.651889781E-02-1.733051980E-02-1.811736224E-02-1.887318256E-02-1.959176857E-02
-2.026685441E-02-2.089405702E-02-2.147044197E-02-2.199322257E-02-2.245924968E-02
-2.286447951E-02-2.320484948E-02-2.347580839E-02-2.367235887E-02-2.378968543E-02
-2.382217682E-02-2.376504358E-02-2.361400450E-02-2.336496851E-02-2.301401423E-02
-2.255687612E-02-2.198905940E-02-2.130702843E-02-2.050769778E-02-1.958912570E-02
-1.855367399E-02-1.740971416E-02-1.616900541E-02-1.484582179E-02-1.345571051E-02
-1.201394643E-02-1.053398534E-02-9.026236867E-03-7.497458349E-03-5.951008810E-03
-4.388210418E-03-2.811114807E-03-1.227126056E-03 3.441170453E-04 1.866348704E-03
 5.008333984E-04 7.512105446E-05-3.673906347E-04-8.288542758E-04-1.311213908E-03
-1.816182154E-03-2.345237303E-03-2.899608858E-03-3.480260208E-03-4.087865178E-03
-4.722788242E-03-5.385062026E-03-6.074371999E-03-6.790040576E-03-7.531018012E-03
-8.295873085E-03-9.082786541E-03-9.889543782E-03-1.071352534E-02-1.155169755E-02
-1.240059947E-02-1.325633570E-02-1.411456904E-02-1.497052840E-02-1.581902465E-02
-1.665448960E-02-1.747102931E-02-1.826250196E-02-1.902259183E-02-1.974494095E-02
-2.042331032E-02-2.105385791E-02-2.163404773E-02-2.216094927E-02-2.263131440E-02
-2.304116930E-02-2.338638959E-02-2.366246684E-02-2.386431672E-02-2.398631059E-02
-2.402330345E-02-2.397025364E-02-2.382286169E-02-2.357724335E-02-2.322953314E-02
-2.277568675E-02-2.221152466E-02-2.153304238E-02-2.073684458E-02-1.982071712E-02
-1.878592082E-02-1.764040763E-02-1.639598144E-02-1.506711269E-02-1.366970555E-02
-1.221952750E-02-1.073059914E-02-9.213890029E-03-7.676623721E-03-6.122452147E-03
-4.552728550E-03-2.969178053E-03-1.378392236E-03 2.013918542E-04 1.734911610E-03
 4.685006183E-04 4.262574722E-05-4.001901341E-04-8.621046433E-04-1.345064362E-03
-1.850786375E-03-2.380753481E-03-2.936198508E-03-3.518087135E-03-4.127094794E-03
-4.763586336E-03-5.427594656E-03-6.118803816E-03-6.836534885E-03-7.579734504E-03
-8.346967568E-03-9.136407947E-03-9.945832808E-03-1.077261049E-02-1.161369225E-02
-1.246559748E-02-1.332440643E-02-1.418575300E-02-1.504483154E-02-1.589641464E-02
-1.673489025E-02-1.755431773E-02-1.834850551E-02-1.911108719E-02-1.983562533E-02
-2.051600010E-02-2.114869832E-02-2.173129234E-02-2.226079530E-02-2.273388083E-02
-2.314671479E-02-2.349506242E-02-2.377451651E-02-2.397959388E-02-2.410481734E-02
-2.414467272E-02-2.409410865E-02-2.394891505E-02-2.370528962E-02-2.335963640E-02
-2.290800749E-02-2.234599056E-02-2.166958588E-02-2.087533701E-02-1.996089750E-02
-1.892688463E-02-1.778079979E-02-1.653445699E-02-1.520243327E-02-1.380084657E-02
-1.234576700E-02-1.085156865E-02-9.329574785E-03-7.787309369E-03-6.228620884E-03
-4.654900081E-03-3.067690624E-03-1.473104438E-03 1.114761786E-04 1.651487770E-03
 4.499454414E-04 2.454694703E-05-4.178499280E-04-8.794051486E-04-1.362065003E-03
-1.867546630E-03-2.397332761E-03-2.952656182E-03-3.534482339E-03-4.143486964E-03
-4.780035102E-03-5.444160704E-03-6.135548715E-03-6.853521905E-03-7.597028252E-03
-8.364634368E-03-9.154515217E-03-9.964448622E-03-1.079180271E-02-1.163352700E-02
-1.248613810E-02-1.334571096E-02-1.420787291E-02-1.506780876E-02-1.592028017E-02
-1.675966131E-02-1.757999627E-02-1.837507599E-02-1.913851613E-02-1.986385025E-02
-2.054500896E-02-2.117856621E-02-2.176210653E-02-2.229264307E-02-2.276684118E-02
-2.318085765E-02-2.353049796E-02-2.381127917E-02-2.401768506E-02-2.414423147E-02
-2.418530487E-02-2.413575779E-02-2.399146705E-02-2.374874510E-02-2.340391852E-02
-2.295319786E-02-2.239212122E-02-2.171665333E-02-2.092329910E-02-2.000966610E-02
-1.897616841E-02-1.783012473E-02-1.658335614E-02-1.525047826E-02-1.384768619E-02
-1.239115944E-02-1.089540133E-02-9.371865831E-03-7.828190806E-03-6.268302080E-03
-4.693610692E-03-3.105598533E-03-1.510200957E-03 7.552946301E-05 1.617324365E-03
 4.451530888E-04 2.088173242E-05-4.203633836E-04-8.807409866E-04-1.362193308E-03
-1.866432605E-03-2.394936974E-03-2.948935453E-03-3.529390859E-03-4.136977709E-03
-4.772061284E-03-5.434677398E-03-6.124514423E-03-6.840900154E-03-7.582789059E-03
-8.348755629E-03-9.136983971E-03-9.945262235E-03-1.077096995E-02-1.161106913E-02
-1.246208980E-02-1.332012138E-02-1.418080636E-02-1.503934545E-02-1.589051651E-02
-1.672871011E-02-1.754798657E-02-1.834215250E-02-1.910483827E-02-1.982960359E-02
-2.051030744E-02-2.114340554E-02-2.172645584E-02-2.225646841E-02-2.273011333E-02
-2.314353546E-02-2.349249102E-02-2.377257835E-02-2.397830476E-02-2.410418406E-02
-2.414469264E-02-2.409478950E-02-2.395022897E-02-2.370723548E-02-2.336217316E-02
-2.291112987E-02-2.234970320E-02-2.167389687E-02-2.088025480E-02-1.996643156E-02
-1.893302841E-02-1.778753079E-02-1.654175690E-02-1.521029195E-02-1.380926818E-02
-1.235477673E-02-1.086121900E-02-9.339949711E-03-7.798525392E-03-6.240822706E-03
-4.668247562E-03-3.082331724E-03-1.489125873E-03 9.412919865E-05 1.633019063E-03
 4.540952494E-04 3.161029538E-05-4.077464314E-04-8.661267062E-04-1.345463740E-03
-1.847459433E-03-2.373582452E-03-2.925054177E-03-3.502832291E-03-4.107588456E-03
-4.739688152E-03-5.399169781E-03-6.085727607E-03-6.798697680E-03-7.537045990E-03
-8.299360920E-03-9.083843572E-03-9.888301844E-03-1.071013817E-02-1.154634108E-02
-1.239347026E-02-1.324764933E-02-1.410455784E-02-1.495943819E-02-1.580711182E-02
-1.664201646E-02-1.745826057E-02-1.824969996E-02-1.901001386E-02-1.973282521E-02
-2.041185054E-02-2.104319337E-02-2.162430838E-02-2.215227240E-02-2.262374494E-02
-2.303478063E-02-2.338123539E-02-2.365859271E-02-2.386173698E-02-2.398507789E-02
-2.402333297E-02-2.397161670E-02-2.382551129E-02-2.358107561E-02-2.323462872E-02
-2.278202262E-02-2.221904392E-02-2.154170828E-02-2.074665746E-02-1.983168811E-02
-1.879803124E-02-1.765362501E-02-1.641028360E-02-1.508249248E-02-1.368618293E-02
-1.223716306E-02-1.074950633E-02-9.234243865E-03-7.698662247E-03-6.146468369E-03
-4.579043983E-03-2.998088320E-03-1.410066263E-03 1.670719852E-04 1.698347348E-03
 4.767293620E-04 5.669595199E-05-3.800429916E-04-8.356184583E-04-1.311945646E-03
-1.810709602E-03-2.333364570E-03-2.881120751E-03-3.454928258E-03-4.055454535E-03
-4.683065236E-03-5.337802251E-03-6.019368290E-03-6.727110994E-03-7.460013242E-03
-8.216683370E-03-8.995348035E-03-9.793844154E-03-1.060960919E-02-1.143967119E-02
-1.228063592E-02-1.312867865E-02-1.397953602E-02-1.482850711E-02-1.567047753E-02
-1.649995463E-02-1.731111752E-02-1.809789072E-02-1.885404268E-02-1.957334841E-02
-2.024947843E-02-2.087789393E-02-2.145567684E-02-2.198009535E-02-2.244778952E-02
-2.285486259E-02-2.319710544E-02-2.346997314E-02-2.366860873E-02-2.378782284E-02
-2.382222824E-02-2.376713019E-02-2.361798988E-02-2.337083738E-02-2.302166779E-02
-2.256624181E-02-2.200026970E-02-2.132006019E-02-2.052251872E-02-1.960567961E-02
-1.857186850E-02-1.742947395E-02-1.619028090E-02-1.486859472E-02-1.348001512E-02
-1.203988704E-02-1.056175092E-02-9.056110806E-03-7.529816441E-03-5.986305068E-03
-4.426937194E-03-2.853719468E-03-1.273856215E-03 2.934555455E-04 1.812337315E-03
 5.129883560E-04 9.608010402E-05-3.373235624E-04-7.893080658E-04-1.261755629E-03
-1.756326493E-03-2.274455419E-03-2.817338780E-03-3.385916884E-03-3.980852423E-03
-4.602510668E-03-5.250938213E-03-5.925847708E-03-6.626601564E-03-7.352203393E-03
-8.101286670E-03-8.872108967E-03-9.662538742E-03-1.047005546E-02-1.129173478E-02
-1.212423962E-02-1.296380737E-02-1.380624772E-02-1.464694389E-02-1.548089393E-02
-1.630274273E-02-1.710678675E-02-1.788704888E-02-1.863734758E-02-1.935139755E-02
-2.002308370E-02-2.064723018E-02-2.122048204E-02-2.174002709E-02-2.220242177E-02
-2.260399352E-02-2.294050469E-02-2.320745823E-02-2.340003595E-02-2.351339919E-02
-2.354229259E-02-2.348231437E-02-2.332872569E-02-2.307729838E-02-2.272374257E-02
-2.226390787E-02-2.169385508E-02-2.100970816E-02-2.020847049E-02-1.928903158E-02
-1.825537191E-02-1.711615850E-02-1.588310182E-02-1.457021080E-02-1.319257315E-02
-1.176486385E-02-1.029987080E-02-8.807378883E-03-7.293665883E-03-5.761844883E-03
-4.213298934E-03-2.650526022E-03-1.081833998E-03 4.717694940E-04 1.973335751E-03
 5.628087503E-04 1.496643383E-04-2.797288172E-04-7.273790291E-04-1.195119129E-03
-1.684577176E-03-2.197164789E-03-2.734062420E-03-3.296198469E-03-3.884230027E-03
-4.498519660E-03-5.139116664E-03-5.805741953E-03-6.497774442E-03-7.214238315E-03
-7.953795591E-03-8.714737700E-03-9.494979247E-03-1.029204864E-02-1.110308308E-02
-1.192483408E-02-1.275365191E-02-1.358545191E-02-1.441572452E-02-1.523955096E-02
-1.605160397E-02-1.684620218E-02-1.761757012E-02-1.835983509E-02-1.906691660E-02
-1.973264628E-02-2.035121820E-02-2.091867473E-02-2.143194695E-02-2.188779022E-02
-2.228240951E-02-2.261180892E-02-2.287140162E-02-2.305662410E-02-2.316277433E-02
-2.318465471E-02-2.311814894E-02-2.295834729E-02-2.270089424E-02-2.234142669E-02
-2.187578185E-02-2.129998513E-02-2.061071212E-02-1.980525877E-02-1.888350633E-02
-1.785084740E-02-1.671623376E-02-1.549139237E-02-1.418996545E-02-1.282638585E-02
-1.141446071E-02-9.966038456E-03-8.490022603E-03-6.992005263E-03-5.474733302E-03
-3.939683756E-03-2.390069309E-03-8.357142332E-04 7.000047733E-04 2.179114994E-03
 6.262581194E-04 2.173730626E-04-2.074243881E-04-6.500563514E-04-1.112306892E-03
-1.595770991E-03-2.101837539E-03-2.631668979E-03-3.186180448E-03-3.766019948E-03
-4.371547655E-03-5.002818036E-03-5.659562401E-03-6.341176135E-03-7.046706843E-03
-7.774852776E-03-8.523962353E-03-9.292021542E-03-1.007663109E-02-1.087500036E-02
-1.168394329E-02-1.249986100E-02-1.331871701E-02-1.413604801E-02-1.494710245E-02
-1.574686343E-02-1.652991031E-02-1.729051103E-02-1.802265464E-02-1.872046237E-02
-1.937808155E-02-1.998960284E-02-2.055008406E-02-2.105589246E-02-2.150385999E-02
-2.189029458E-02-2.221095230E-02-2.246205907E-02-2.263854413E-02-2.273603878E-02
-2.274953236E-02-2.267507868E-02-2.250725313E-02-2.224211731E-02-2.187516751E-02
-2.140230263E-02-2.081968903E-02-2.012403492E-02-1.931363843E-02-1.839066130E-02
-1.736089669E-02-1.623317673E-02-1.501907672E-02-1.373188694E-02-1.238534492E-02
-1.099227701E-02-9.563462353E-03-8.106814836E-03-6.627169577E-03-5.126930135E-03
-3.607807916E-03-2.074022428E-03-5.374037064E-04 9.758385109E-04 2.427031476E-03
 7.035346847E-04 2.991988445E-04-1.205381315E-04-5.575319969E-04-1.013548561E-03
-1.490169724E-03-1.988770696E-03-2.510498238E-03-3.056254170E-03-3.626675534E-03
-4.222118635E-03-4.842645658E-03-5.488011432E-03-6.157645280E-03-6.850633580E-03
-7.565710528E-03-8.301256595E-03-9.055290322E-03-9.825451882E-03-1.060898667E-02
-1.140274197E-02-1.220323846E-02-1.300669714E-02-1.380890183E-02-1.460521961E-02
-1.539059842E-02-1.615963316E-02-1.690683740E-02-1.762652839E-02-1.831285407E-02
-1.896002003E-02-1.956245193E-02-2.011447404E-02-2.061171224E-02-2.105057863E-02
-2.142745279E-02-2.173871400E-02-2.197946180E-02-2.214601812E-02-2.223344446E-02
-2.223708884E-02-2.215329706E-02-2.197579695E-02-2.170134336E-02-2.132554635E-02
-2.084412164E-02-2.025356139E-02-1.955106085E-02-1.873652021E-02-1.781357935E-02
-1.678860393E-02-1.567051552E-02-1.447032682E-02-1.320059670E-02-1.187415229E-02
-1.050280464E-02-9.096244739E-03-7.661362692E-03-6.202265525E-03-4.721119704E-03
-3.220083404E-03-1.704749348E-03-1.895116788E-04 1.296312430E-03 2.713887998E-03
 7.945120169E-04 3.949401569E-04-1.930486566E-05-4.500676643E-04-8.991392696E-04
-1.368111796E-03-1.858354055E-03-2.371005346E-03-2.906960702E-03-3.466857964E-03
-4.051055027E-03-4.659616073E-03-5.292297119E-03-5.948534903E-03-6.627432923E-03
-7.327745468E-03-8.047868910E-03-8.785837626E-03-9.539366844E-03-1.030588566E-02
-1.108244467E-02-1.186567766E-02-1.265183376E-02-1.343669703E-02-1.421571446E-02
-1.498410533E-02-1.573676944E-02-1.646828284E-02-1.717302830E-02-1.784542357E-02
-1.847975193E-02-1.907034497E-02-1.961188779E-02-2.009911631E-02-2.052791644E-02
-2.089400456E-02-2.119421313E-02-2.142397842E-02-2.157929485E-02-2.165517181E-02
-2.164749414E-02-2.155293510E-02-2.136414328E-02-2.107913235E-02-2.069318190E-02
-2.020211201E-02-1.960286641E-02-1.889418365E-02-1.807752018E-02-1.715690504E-02
-1.613907308E-02-1.503309718E-02-1.384978647E-02-1.260074334E-02-1.129754917E-02
-9.950748161E-03-8.568820143E-03-7.157697869E-03-5.720902708E-03-4.260549103E-03
-2.779545685E-03-1.285344013E-03 2.044250035E-04 1.657557935E-03 3.035598002E-03
 8.984788026E-04 5.040734198E-04 9.585609744E-05-3.280471134E-04-7.694791925E-04
-1.230063943E-03-1.711170057E-03-2.213916426E-03-2.739174211E-03-3.287557000E-03
-3.859409518E-03-4.454788782E-03-5.073445633E-03-5.714811495E-03-6.377988350E-03
-7.061769505E-03-7.764670374E-03-8.484877511E-03-9.220197979E-03-9.968083024E-03
-1.072561803E-02-1.148943629E-02-1.225588729E-02-1.302102181E-02-1.378053230E-02
-1.452972155E-02-1.526356938E-02-1.597687659E-02-1.666429168E-02-1.732015828E-02
-1.793893619E-02-1.851511352E-02-1.904324067E-02-1.951860724E-02-1.993516473E-02
-2.029015559E-02-2.057770428E-02-2.079518543E-02-2.093814910E-02-2.100125270E-02
-2.098090310E-02-2.087420610E-02-2.067290875E-02-2.037627729E-02-1.997889052E-02
-1.947774996E-02-1.887059679E-02-1.815777264E-02-1.734141229E-02-1.642595836E-02
-1.541828614E-02-1.432736714E-02-1.316357622E-02-1.193781423E-02-1.066048780E-02
-9.340639626E-03-7.985433029E-03-6.599805119E-03-5.186774289E-03-3.748691367E-03
-2.289669978E-03-8.196107679E-04 6.399806795E-04 2.054831108E-03 3.387208786E-03
 1.014424576E-03 6.259018479E-04 2.243958275E-04-1.920081456E-04-6.251606201E-04
-1.076683714E-03-1.547916587E-03-2.039945218E-03-2.553606332E-03-3.089481636E-03
-3.647885785E-03-4.228852771E-03-4.832138209E-03-5.457238301E-03-6.103354780E-03
-6.769350196E-03-7.453751993E-03-8.154757215E-03-8.870209543E-03-9.597545139E-03
-1.033395009E-02-1.107629666E-02-1.182110884E-02-1.256451821E-02-1.330230183E-02
-1.402991886E-02-1.474264816E-02-1.543542206E-02-1.610283272E-02-1.673960429E-02
-1.734020533E-02-1.789912356E-02-1.841154962E-02-1.887110221E-02-1.927416614E-02
-1.961514934E-02-1.988954006E-02-2.009327472E-02-2.022258543E-02-2.027193658E-02
-2.023770477E-02-2.011760800E-02-1.990299114E-02-1.959386276E-02-1.918493686E-02
-1.867487126E-02-1.806215373E-02-1.734767479E-02-1.653438931E-02-1.562715727E-02
-1.463284714E-02-1.356008883E-02-1.241861291E-02-1.121838242E-02-9.968686903E-03
-8.677376648E-03-7.350296696E-03-5.991392158E-03-4.603356864E-03-3.189047465E-03
-1.754228195E-03-3.119492075E-04 1.112048916E-03 2.482657998E-03 3.762996333E-03
 1.141709684E-03 7.599352640E-04 3.658800964E-04-4.236535728E-05-4.665996896E-04
-9.084000016E-04-1.369046850E-03-1.849566606E-03-2.350745789E-03-2.873136437E-03
-3.417069881E-03-3.982627327E-03-4.569605075E-03-5.177495158E-03-5.805487820E-03
-6.452465169E-03-7.116961140E-03-7.797156611E-03-8.490990918E-03-9.196092417E-03
-9.909763413E-03-1.062894163E-02-1.135021915E-02-1.206984105E-02-1.278380842E-02
-1.348781874E-02-1.417717617E-02-1.484687130E-02-1.549196127E-02-1.610706384E-02
-1.668676724E-02-1.722630096E-02-1.771935155E-02-1.816111855E-02-1.854760323E-02
-1.887172169E-02-1.913085869E-02-1.931941369E-02-1.943347754E-02-1.946807960E-02
-1.941901269E-02-1.928477497E-02-1.905700789E-02-1.873563948E-02-1.831701615E-02
-1.780002005E-02-1.718432174E-02-1.647109858E-02-1.566390918E-02-1.476797641E-02
-1.379010545E-02-1.273840241E-02-1.162175549E-02-1.044905037E-02-9.228373353E-03
-7.966362791E-03-6.667930188E-03-5.336344311E-03-3.974161004E-03-2.585122252E-03
-1.177235514E-03 2.325590787E-04 1.614903861E-03 2.934966117E-03 4.156647858E-03
 1.280096076E-03 9.059510304E-04 5.200933110E-04 1.206532416E-04-2.940620946E-04
-7.255125234E-04-1.174890605E-03-1.643183371E-03-2.131172152E-03-2.639414811E-03
-3.168216887E-03-3.717627211E-03-4.287427216E-03-4.877115505E-03-5.485857210E-03
-6.112521639E-03-6.755729134E-03-7.413799937E-03-8.084747785E-03-8.766248512E-03
-9.455651167E-03-1.014997856E-02-1.084595337E-02-1.154006390E-02-1.222841786E-02
-1.290672620E-02-1.357047312E-02-1.421507603E-02-1.483543570E-02-1.542637944E-02
-1.598328593E-02-1.650018511E-02-1.697138566E-02-1.739360353E-02-1.775974829E-02
-1.806547230E-02-1.830654344E-02-1.847828218E-02-1.857527850E-02-1.859414602E-02
-1.852976028E-02-1.838146691E-02-1.814161964E-02-1.780904943E-02-1.738290327E-02
-1.686125017E-02-1.624523606E-02-1.553634284E-02-1.473832644E-02-1.385665861E-02
-1.289795034E-02-1.186971632E-02-1.077986540E-02-9.636111218E-03-8.445309221E-03
-7.212978732E-03-5.943165888E-03-4.638858263E-03-3.303071020E-03-1.940966439E-03
-5.634284937E-04 8.081102839E-04 2.142319271E-03 3.405154041E-03 4.561284669E-03
 1.429596072E-03 1.063942232E-03 6.869694546E-04 2.969155083E-04-1.077626650E-04
-5.283820860E-04-9.660506956E-04-1.421682549E-03-1.895998152E-03-2.389509916E-03
-2.902501486E-03-3.435006539E-03-3.986756384E-03-4.557236742E-03-5.145686119E-03
-5.751059077E-03-6.372020014E-03-7.006920571E-03-7.653800982E-03-8.310396866E-03
-8.974132852E-03-9.642205373E-03-1.031149555E-02-1.097852853E-02-1.163943651E-02
-1.229021667E-02-1.292665836E-02-1.354403203E-02-1.413749884E-02-1.470267641E-02
-1.523407095E-02-1.572560355E-02-1.617384159E-02-1.657325068E-02-1.691700685E-02
-1.720247884E-02-1.742344424E-02-1.757674297E-02-1.765547935E-02-1.765793213E-02
-1.757808324E-02-1.741611421E-02-1.716533927E-02-1.682308149E-02-1.639154321E-02
-1.586775131E-02-1.525405083E-02-1.455243188E-02-1.376653670E-02-1.290176370E-02
-1.196445572E-02-1.096143993E-02-9.899629588E-03-8.785534265E-03-7.624822050E-03
-6.422012032E-03-5.180544108E-03-3.903409799E-03-2.594570209E-03-1.261462475E-03
 8.121821483E-05 1.407934027E-03 2.687263565E-03 3.885986994E-03 4.969513259E-03
 1.591031480E-03 1.234446270E-03 8.667327210E-04 4.863038463E-04 9.183731039E-05
-3.177428841E-04-7.433865969E-04-1.185935141E-03-1.646077292E-03-2.124294609E-03
-2.620811961E-03-3.135650273E-03-3.668594665E-03-4.219170314E-03-4.786634161E-03
-5.369954985E-03-5.967805361E-03-6.578573095E-03-7.200347948E-03-7.830957993E-03
-8.467993195E-03-9.108702573E-03-9.750001800E-03-1.038845515E-02-1.102053890E-02
-1.164241578E-02-1.224976706E-02-1.283814011E-02-1.340345210E-02-1.394071804E-02
-1.444394036E-02-1.490916255E-02-1.533235929E-02-1.570616730E-02-1.602655470E-02
-1.628957399E-02-1.648930543E-02-1.662268203E-02-1.668257612E-02-1.666824463E-02
-1.657312988E-02-1.639816824E-02-1.613774984E-02-1.578767215E-02-1.535267643E-02
-1.482940120E-02-1.422053319E-02-1.352874543E-02-1.275748174E-02-1.191175012E-02
-1.099744840E-02-1.002066413E-02-8.987332485E-03-7.902841694E-03-6.771778058E-03
-5.597863536E-03-4.384237411E-03-3.134348326E-03-1.853706119E-03-5.527330933E-04
 7.492207957E-04 2.024280208E-03 3.241768123E-03 4.369316800E-03 5.373067215E-03
 1.766333306E-03 1.418688460E-03 1.059857966E-03 6.886734869E-04 3.042517501E-04
-9.420814955E-05-5.075587254E-04-9.366369577E-04-1.382106015E-03-1.844455867E-03
-2.323957369E-03-2.820641698E-03-3.334292236E-03-3.864431263E-03-4.410305496E-03
-4.970896470E-03-5.544907153E-03-6.130764496E-03-6.726680492E-03-7.330568989E-03
-7.940037150E-03-8.552357675E-03-9.164529710E-03-9.773450417E-03-1.037564945E-02
-1.096722642E-02-1.154413246E-02-1.210261547E-02-1.263819396E-02-1.314525591E-02
-1.361940359E-02-1.405737101E-02-1.445289616E-02-1.479991057E-02-1.509581838E-02
-1.533473079E-02-1.551253372E-02-1.562491588E-02-1.566580680E-02-1.563464732E-02
-1.552477781E-02-1.533775329E-02-1.506905799E-02-1.471320694E-02-1.427644066E-02
-1.375622369E-02-1.315444559E-02-1.247452244E-02-1.171976915E-02-1.089456383E-02
-1.000413185E-02-9.053835919E-03-8.048647285E-03-6.992989705E-03-5.890582693E-03
-4.744623855E-03-3.558356892E-03-2.336249602E-03-1.086087559E-03 1.777774850E-04
 1.431946720E-03 2.648326645E-03 3.796923647E-03 4.846120388E-03 5.762797677E-03
 1.957652762E-03 1.617231992E-03 1.266012095E-03 9.033815576E-04 5.287658460E-04
 1.414990116E-04-2.592411404E-04-6.744025065E-04-1.104777732E-03-1.550894541E-03
-2.013022348E-03-2.491177830E-03-2.985118651E-03-3.494357218E-03-4.018149776E-03
-4.555488667E-03-5.105136020E-03-5.665617476E-03-6.235157117E-03-6.811694366E-03
-7.392839694E-03-7.976007419E-03-8.558463793E-03-9.137091718E-03-9.708396312E-03
-1.026872665E-02-1.081466801E-02-1.134221820E-02-1.184629694E-02-1.232226652E-02
-1.276705910E-02-1.317595366E-02-1.354220702E-02-1.386217969E-02-1.413234191E-02
-1.434642548E-02-1.450182435E-02-1.459266846E-02-1.461472421E-02-1.456703000E-02
-1.444316947E-02-1.424517638E-02-1.396957031E-02-1.360998045E-02-1.317297665E-02
-1.265786195E-02-1.206502770E-02-1.139842750E-02-1.066127432E-02-9.857274564E-03
-8.990846561E-03-8.066524803E-03-7.088485641E-03-6.060336446E-03-4.985237259E-03
-3.866254218E-03-2.707238577E-03-1.514365440E-03-2.985838731E-04 9.212790105E-04
 2.120080877E-03 3.270375362E-03 4.342844665E-03 5.306447976E-03 6.128714460E-03
 2.162990357E-03 1.827780372E-03 1.483049522E-03 1.128551697E-03 7.639331953E-04
 3.883920452E-04 7.770752093E-07-4.000596377E-04-8.149984014E-04-1.244570508E-03
-1.689012998E-03-2.148310570E-03-2.622206747E-03-3.110203481E-03-3.611566081E-03
-4.125359980E-03-4.650377610E-03-5.185141179E-03-5.727893198E-03-6.276573225E-03
-6.828974804E-03-7.382694388E-03-7.934951562E-03-8.482634382E-03-9.022471253E-03
-9.551375447E-03-1.006578811E-02-1.056119432E-02-1.103294954E-02-1.147795583E-02
-1.189270705E-02-1.227103100E-02-1.260773241E-02-1.290035794E-02-1.314380717E-02
-1.333306965E-02-1.346575886E-02-1.353511545E-02-1.353878396E-02-1.347512302E-02
-1.333820162E-02-1.313039707E-02-1.284914902E-02-1.248759577E-02-1.205174691E-02
-1.154308010E-02-1.096055365E-02-1.030807554E-02-9.588812000E-03-8.805893027E-03
-7.962841674E-03-7.063369016E-03-6.110963141E-03-5.108697332E-03-4.059520945E-03
-2.966875337E-03-1.835870547E-03-6.752046152E-04 5.000967365E-04 1.668056084E-03
 2.803710137E-03 3.880203615E-03 4.868912970E-03 5.739489838E-03 6.459943286E-03
 2.376318293E-03 2.044947723E-03 1.706756582E-03 1.361523603E-03 1.008223400E-03
 6.454203376E-04 2.716261680E-04-1.144174287E-04-5.135811877E-04-9.263305746E-04
-1.352834427E-03-1.793033476E-03-2.246647474E-03-2.713203193E-03-3.192008890E-03
-3.682111333E-03-4.182307344E-03-4.691116019E-03-5.206799093E-03-5.727486030E-03
-6.251074173E-03-6.775103034E-03-7.296817920E-03-7.813303015E-03-8.321783048E-03
-8.819102786E-03-9.301278782E-03-9.763880282E-03-1.020372860E-02-1.061793899E-02
-1.100153992E-02-1.134877084E-02-1.165642896E-02-1.192140503E-02-1.213790162E-02
-1.230266182E-02-1.241256215E-02-1.246095400E-02-1.244689664E-02-1.236802151E-02
-1.221903577E-02-1.200253171E-02-1.171671870E-02-1.135458056E-02-1.092101388E-02
-1.041941695E-02-9.847969783E-03-9.209756278E-03-8.507971544E-03-7.745245518E-03
-6.924298711E-03-6.048093971E-03-5.119547800E-03-4.141560362E-03-3.117305169E-03
-2.051220387E-03-9.504647653E-04 1.727912717E-04 1.299702464E-03 2.407707499E-03
 3.472280791E-03 4.467111866E-03 5.364184454E-03 6.133847218E-03 6.744838603E-03
 2.588623902E-03 2.263476213E-03 1.934812638E-03 1.601260460E-03 1.260996091E-03
 9.121034025E-04 5.528279891E-04 1.819205130E-04-2.012601014E-04-5.970032726E-04
-1.005389620E-03-1.426328993E-03-1.859570801E-03-2.304635303E-03-2.760809209E-03
-3.227139117E-03-3.702401219E-03-4.185164353E-03-4.673852440E-03-5.166639282E-03
-5.661367086E-03-6.155612537E-03-6.646791373E-03-7.132421260E-03-7.609711573E-03
-8.075156976E-03-8.524684992E-03-8.955034955E-03-9.363594060E-03-9.746670055E-03
-1.009873387E-02-1.041539994E-02-1.069443952E-02-1.093161850E-02-1.112167833E-02
-1.126247674E-02-1.134980607E-02-1.137802080E-02-1.134702797E-02-1.125377794E-02
-1.109368924E-02-1.086945404E-02-1.057988689E-02-1.021808995E-02-9.787546989E-03
-9.293020813E-03-8.732742792E-03-8.108335759E-03-7.423016541E-03-6.679011168E-03
-5.878464985E-03-5.023711369E-03-4.117369069E-03-3.162478826E-03-2.163070593E-03
-1.125275400E-03-5.923255324E-05 1.019017635E-03 2.089271961E-03 3.129218054E-03
 4.114715659E-03 5.019918636E-03 5.817372771E-03 6.478054397E-03 6.971406984E-03
 2.797914063E-03 2.483738015E-03 2.168175595E-03 1.848901458E-03 1.523281759E-03
 1.188855110E-03 8.441262140E-04 4.883405372E-04 1.211802967E-04-2.574665058E-04
-6.476430498E-04-1.049278454E-03-1.462105325E-03-1.885638345E-03-2.319155086E-03
-2.761677803E-03-3.212057437E-03-3.668978534E-03-4.130868591E-03-4.595852848E-03
-5.061813756E-03-5.526474601E-03-5.987627368E-03-6.442810776E-03-6.888946652E-03
-7.322380458E-03-7.739825883E-03-8.138827523E-03-8.516565891E-03-8.868236000E-03
-9.189052350E-03-9.476256283E-03-9.727124456E-03-9.936730392E-03-1.010124959E-02
-1.021873532E-02-1.028404725E-02-1.029300958E-02-1.024589981E-02-1.013910551E-02
-9.968752327E-03-9.737534595E-03-9.444720864E-03-9.083706939E-03-8.656495099E-03
-8.168574625E-03-7.618827697E-03-7.007302315E-03-6.337002527E-03-5.609950116E-03
-4.827932503E-03-3.992946372E-03-3.107650471E-03-2.175697618E-03-1.202608656E-03
-1.971101226E-04 8.270381407E-04 1.851911199E-03 2.857312289E-03 3.821110954E-03
 4.719497078E-03 5.527063344E-03 6.216849104E-03 6.760411518E-03 7.127840723E-03
 3.008641643E-03 2.710385303E-03 2.411318114E-03 2.107495641E-03 1.796104343E-03
 1.475504504E-03 1.144890501E-03 8.039772675E-04 4.527545552E-04 9.122179961E-05
-2.806854434E-04-6.629414724E-04-1.055302738E-03-1.457277696E-03-1.868134004E-03
-2.286979591E-03-2.712733939E-03-3.144057235E-03-3.579335339E-03-4.016729949E-03
-4.454247411E-03-4.889935605E-03-5.321631736E-03-5.746638094E-03-6.161721991E-03
-6.563664573E-03-6.950123664E-03-7.318705720E-03-7.665656964E-03-7.986303590E-03
-8.276952407E-03-8.535629920E-03-8.758841589E-03-8.941656534E-03-9.081633504E-03
-9.176483873E-03-9.220598170E-03-9.211280524E-03-9.148819894E-03-9.029222661E-03
-8.849257280E-03-8.611541197E-03-8.315668517E-03-7.955423904E-03-7.531430643E-03
-7.049271318E-03-6.508854781E-03-5.908982339E-03-5.252094615E-03-4.540242932E-03
-3.775112631E-03-2.958807493E-03-2.094447641E-03-1.186925678E-03-2.439706193E-04
 7.223434882E-04 1.696196188E-03 2.659433451E-03 3.591878044E-03 4.471537024E-03
 5.274810795E-03 5.976696366E-03 6.550730818E-03 6.968993404E-03 7.202173041E-03
 3.230833742E-03 2.951066157E-03 2.667546875E-03 2.377314942E-03 2.078662036E-03
 1.770802450E-03 1.453597685E-03 1.127344240E-03 7.921418480E-04 4.478672434E-04
 9.436310055E-05-2.684015410E-04-6.402160671E-04-1.020613472E-03-1.408945982E-03
-1.804355521E-03-2.205720564E-03-2.611664104E-03-3.020598271E-03-3.430785387E-03
-3.840508833E-03-4.247876515E-03-4.650530191E-03-5.045632289E-03-5.430137641E-03
-5.801757578E-03-6.158324921E-03-6.497042565E-03-6.813591204E-03-7.103994320E-03
-7.365903309E-03-7.596935670E-03-7.793068680E-03-7.950247731E-03-8.066710744E-03
-8.139595139E-03-8.163465925E-03-8.136799038E-03-8.059651958E-03-7.927848946E-03
-7.738706269E-03-7.494705574E-03-7.195663382E-03-6.835797558E-03-6.414526953E-03
-5.937079293E-03-5.404493051E-03-4.814970751E-03-4.170050679E-03-3.472052133E-03
-2.722935589E-03-1.925380513E-03-1.083577720E-03-2.043635741E-04 7.016513366E-04
 1.620437575E-03 2.535703325E-03 3.429178917E-03 4.280673335E-03 5.068287875E-03
 5.768590467E-03 6.356807558E-03 6.806974507E-03 7.091728698E-03 7.182307139E-03
 3.471416949E-03 3.206503402E-03 2.935283824E-03 2.656052750E-03 2.368128044E-03
 2.071886366E-03 1.768026157E-03 1.456745497E-03 1.137892859E-03 8.111680025E-04
 4.762933368E-04 1.331828866E-04-2.180046059E-04-5.768939777E-04-9.428633784E-04
-1.315014537E-03-1.692189797E-03-2.073020724E-03-2.455992436E-03-2.839596629E-03
-3.222184931E-03-3.601705274E-03-3.975680285E-03-4.341321264E-03-4.696355453E-03
-5.038803958E-03-5.366449440E-03-5.675655879E-03-5.962561576E-03-6.224050806E-03
-6.458391373E-03-6.662650223E-03-6.832553512E-03-6.965302972E-03-7.059249475E-03
-7.110835694E-03-7.115413081E-03-7.072212109E-03-6.980925471E-03-6.837348282E-03
-6.639253670E-03-6.388949887E-03-6.086399509E-03-5.726270583E-03-5.306980727E-03
-4.833189434E-03-4.307003337E-03-3.726690817E-03-3.092883607E-03-2.408325572E-03
-1.675732261E-03-8.988750883E-04-8.375817737E-05 7.603158645E-04 1.621130501E-03
 2.484165195E-03 3.332758294E-03 4.148476311E-03 4.911134742E-03 5.598891492E-03
 6.188452237E-03 6.655223514E-03 6.973486496E-03 7.116491467E-03 7.056092016E-03
 3.727382269E-03 3.472531354E-03 3.209620488E-03 2.938415985E-03 2.660252021E-03
 2.376094126E-03 2.086245550E-03 1.790548687E-03 1.488580577E-03 1.179792305E-03
 8.638030172E-04 5.404867661E-04 2.099505944E-04-1.274659432E-04-4.711534223E-04
-8.201899312E-04-1.173402761E-03-1.529458508E-03-1.887012999E-03-2.244628846E-03
-2.600532297E-03-2.952580137E-03-3.298283929E-03-3.635400639E-03-3.962116410E-03
-4.276490427E-03-4.575721835E-03-4.856124666E-03-5.114355218E-03-5.348415211E-03
-5.556208774E-03-5.734470997E-03-5.879250309E-03-5.988693679E-03-6.060998251E-03
-6.092004979E-03-6.078137059E-03-6.019078440E-03-5.914078152E-03-5.759011863E-03
-5.552034581E-03-5.295265743E-03-4.988764523E-03-4.627656641E-03-4.209596054E-03
-3.738633109E-03-3.217861967E-03-2.646189315E-03-2.023753035E-03-1.353820451E-03
-6.403807677E-04 1.110813629E-04 8.924832588E-04 1.693348837E-03 2.500930643E-03
 3.300268730E-03 4.074349821E-03 4.804471471E-03 5.470505483E-03 6.050680708E-03
 6.521807098E-03 6.859450626E-03 7.038074454E-03 7.031193488E-03 6.811408304E-03
 3.990949851E-03 3.740545754E-03 3.482766697E-03 3.219676486E-03 2.952448925E-03
 2.681499767E-03 2.406682631E-03 2.127431115E-03 1.842864215E-03 1.552316558E-03
 1.255399580E-03 9.519804007E-04 6.421442747E-04 3.261906537E-04 4.716195808E-06
-3.213683513E-04-6.508918604E-04-9.826016154E-04-1.315211747E-03-1.647192001E-03
-1.976716073E-03-2.301626254E-03-2.619764269E-03-2.929444292E-03-3.228880038E-03
-3.515938256E-03-3.787279132E-03-4.039705269E-03-4.270579130E-03-4.478375548E-03
-4.660576771E-03-4.813614636E-03-4.934450508E-03-5.021598307E-03-5.072984293E-03
-5.084144449E-03-5.052564907E-03-4.978202071E-03-4.859825971E-03-4.693475972E-03
-4.477636450E-03-4.214244964E-03-3.903433120E-03-3.540794327E-03-3.123494720E-03
-2.655083805E-03-2.139605652E-03-1.577149486E-03-9.680988330E-04-3.163696137E-04
 3.723121579E-04 1.090866321E-03 1.830599216E-03 2.580487598E-03 3.327157136E-03
 4.055189653E-03 4.747201287E-03 5.384170172E-03 5.945901423E-03 6.410849410E-03
 6.755924073E-03 6.956826068E-03 6.988185495E-03 6.823694623E-03 6.436243527E-03
 4.249558148E-03 4.001855814E-03 3.750766100E-03 3.497666717E-03 3.243094168E-03
 2.986926127E-03 2.728332198E-03 2.466068475E-03 2.199197189E-03 1.927085912E-03
 1.649381309E-03 1.365948926E-03 1.076825117E-03 7.822831023E-04 4.828917062E-04
 1.795441471E-04-1.266012783E-04-4.343027916E-04-7.421852643E-04-1.048699361E-03
-1.352051456E-03-1.650271579E-03-1.941778958E-03-2.224935421E-03-2.497959578E-03
-2.758094699E-03-3.002265780E-03-3.227629840E-03-3.432479837E-03-3.614960323E-03
-3.772365650E-03-3.901097722E-03-3.999071160E-03-4.064820083E-03-4.095874586E-03
-4.087907038E-03-4.039268697E-03-3.950082402E-03-3.818662801E-03-3.641279689E-03
-3.416721587E-03-3.146771743E-03-2.831631176E-03-2.467380343E-03-2.051021907E-03
-1.585853862E-03-1.076934232E-03-5.261354097E-04 6.501684997E-05 6.918526519E-04
 1.347798234E-03 2.025348144E-03 2.715556849E-03 3.407017568E-03 4.085487056E-03
 4.734978310E-03 5.337710695E-03 5.874328572E-03 6.324348356E-03 6.666502679E-03
 6.877974156E-03 6.934584402E-03 6.811114507E-03 6.481422515E-03 5.918567393E-03
 4.495999703E-03 4.253824482E-03 4.012078427E-03 3.771428270E-03 3.531741426E-03
 3.291722002E-03 3.049791981E-03 2.804750517E-03 2.555734330E-03 2.302184236E-03
 2.043794885E-03 1.780398506E-03 1.511978237E-03 1.238752758E-03 9.612376474E-04
 6.803249489E-04 3.972259016E-04 1.133390428E-04-1.698812028E-04-4.509768018E-04
-7.283275832E-04-1.000520627E-03-1.266132545E-03-1.523543057E-03-1.770586551E-03
-2.004309287E-03-2.221999572E-03-2.421416296E-03-2.601221115E-03-2.759232654E-03
-2.892517251E-03-2.997970260E-03-3.074053785E-03-3.119194137E-03-3.130432478E-03
-3.104044443E-03-3.038990986E-03-2.935493952E-03-2.791503663E-03-2.603581168E-03
-2.370819840E-03-2.094889912E-03-1.776072967E-03-1.410972053E-03-9.968200798E-04
-5.370450645E-04-3.801099155E-05 4.960248594E-04 1.062186464E-03 1.655897489E-03
 2.270778237E-03 2.899197736E-03 3.532030298E-03 4.157679833E-03 4.761092472E-03
 5.325221885E-03 5.831860838E-03 6.261295285E-03 6.592707858E-03 6.804688051E-03
 6.875067871E-03 6.779892822E-03 6.494083066E-03 5.991652762E-03 5.245820468E-03
 4.728930515E-03 4.495848748E-03 4.266794252E-03 4.041446263E-03 3.817894736E-03
 3.594276865E-03 3.369137882E-03 3.141391584E-03 2.910289480E-03 2.675426403E-03
 2.436494383E-03 2.193235254E-03 1.945542427E-03 1.693485964E-03 1.437443478E-03
 1.178427801E-03 9.178930860E-04 6.575151991E-04 3.989015520E-04 1.433251505E-04
-1.082184353E-04-3.547967507E-04-5.950528216E-04-8.272311993E-04-1.048613644E-03
-1.256509407E-03-1.448429039E-03-1.622909819E-03-1.778383489E-03-1.912624084E-03
-2.022549202E-03-2.105787411E-03-2.160899177E-03-2.186115340E-03-2.178100046E-03
-2.134011626E-03-2.053296148E-03-1.936215523E-03-1.780502883E-03-1.583067248E-03
-1.343313485E-03-1.062835333E-03-7.420138918E-04-3.780575221E-04 3.106427677E-05
 4.812706637E-04 9.647202776E-04 1.475109274E-03 2.008625491E-03 2.560856094E-03
 3.126085236E-03 3.697059477E-03 4.264539666E-03 4.816845271E-03 5.338564179E-03
 5.810974247E-03 6.215143476E-03 6.530980368E-03 6.737317872E-03 6.812387740E-03
 6.734280668E-03 6.479880226E-03 6.024268346E-03 5.341609544E-03 4.405275719E-03
 4.949048907E-03 4.729426790E-03 4.516241270E-03 4.307022482E-03 4.099640549E-03
 3.892394837E-03 3.683980114E-03 3.473487952E-03 3.260504401E-03 3.044644779E-03
 2.825468000E-03 2.602588690E-03 2.375586853E-03 2.144042942E-03 1.908495628E-03
 1.670289969E-03 1.431358637E-03 1.194160470E-03 9.603159109E-04 7.305748763E-04
 5.050576803E-04 2.840230033E-04 6.867084614E-05-1.386639540E-04-3.349957273E-04
-5.176291556E-04-6.845504704E-04-8.346759086E-04-9.663930541E-04-1.077485886E-03
-1.165067849E-03-1.227224263E-03-1.262310107E-03-1.268235336E-03-1.241630829E-03
-1.180684009E-03-1.085372371E-03-9.559517809E-04-7.901060758E-04-5.851002613E-04
-3.405985891E-04-5.811049109E-05 2.618479943E-04 6.212604380E-04 1.020935916E-03
 1.455952385E-03 1.917266821E-03 2.396800171E-03 2.889899082E-03 3.392198948E-03
 3.898851910E-03 4.403710016E-03 4.897592371E-03 5.368796115E-03 5.801867701E-03
 6.176691308E-03 6.472495612E-03 6.668779183E-03 6.744012227E-03 6.676057181E-03
 6.442672600E-03 6.021655320E-03 5.388826867E-03 4.518489948E-03 3.384171151E-03
 5.159451600E-03 4.956226952E-03 4.759171031E-03 4.565891015E-03 4.374445895E-03
 4.183312494E-03 3.991479375E-03 3.798622114E-03 3.604340598E-03 3.408074595E-03
 3.209219822E-03 3.006839214E-03 2.799423363E-03 2.586706036E-03 2.369644205E-03
 2.150204463E-03 1.932143789E-03 1.718451628E-03 1.510355978E-03 1.307652317E-03
 1.108691627E-03 9.129235533E-04 7.216585461E-04 5.380074062E-04 3.657292409E-04
 2.077057199E-04 6.535715464E-05-6.058474006E-05-1.689822240E-04-2.577456724E-04
-3.243688442E-04-3.667794692E-04-3.828785878E-04-3.701613191E-04-3.258158597E-04
-2.491971874E-04-1.410422599E-04-1.551726388E-06 1.715738155E-04 3.809377874E-04
 6.268988354E-04 9.081353241E-04 1.223842269E-03 1.574729256E-03 1.960014826E-03
 2.373804235E-03 2.806064361E-03 3.247259828E-03 3.691955155E-03 4.135760943E-03
 4.574636613E-03 5.004206390E-03 5.415832270E-03 5.797827688E-03 6.134782003E-03
 6.406174622E-03 6.588243706E-03 6.659515147E-03 6.598090389E-03 6.381458280E-03
 5.986967427E-03 5.392324961E-03 4.574905636E-03 3.509483986E-03 2.169730746E-03
 5.361416012E-03 5.174312397E-03 4.992938867E-03 4.815116598E-03 4.639104534E-03
 4.463887718E-03 4.289317762E-03 4.115039817E-03 3.940440594E-03 3.764764344E-03
 3.586543048E-03 3.402890166E-03 3.212383057E-03 3.015252689E-03 2.813132148E-03
 2.611091207E-03 2.414584903E-03 2.226325315E-03 2.046783486E-03 1.872782074E-03
 1.700347598E-03 1.528433783E-03 1.358823583E-03 1.196688074E-03 1.047087480E-03
 9.131022964E-04 7.955622519E-04 6.938977910E-04 6.083645047E-04 5.405123608E-04
 4.930073329E-04 4.686835027E-04 4.704465063E-04 5.009850204E-04 5.618087393E-04
 6.521172547E-04 7.701202023E-04 9.159394360E-04 1.092179303E-03 1.301993424E-03
 1.546118972E-03 1.823205933E-03 2.131598550E-03 2.470007582E-03 2.835791343E-03
 3.222053980E-03 3.618007933E-03 4.013102292E-03 4.401152528E-03 4.777758246E-03
 5.139529524E-03 5.484018077E-03 5.804177659E-03 6.088382456E-03 6.321309201E-03
 6.482561010E-03 6.546056441E-03 6.487391555E-03 6.284265308E-03 5.913794412E-03
 5.352920828E-03 4.578894416E-03 3.569656915E-03 2.301781579E-03 7.491815203E-04
 5.552334665E-03 5.380607128E-03 5.214143586E-03 5.050992284E-03 4.890274177E-03
 4.732084832E-03 4.576173969E-03 4.421941455E-03 4.268550994E-03 4.113999459E-03
 3.953750682E-03 3.784875119E-03 3.606516811E-03 3.419565761E-03 3.229949982E-03
 3.046557512E-03 2.874723112E-03 2.716676460E-03 2.569490797E-03 2.424589167E-03
 2.276773150E-03 2.124650544E-03 1.972584807E-03 1.829379236E-03 1.701400041E-03
 1.592050436E-03 1.500050991E-03 1.422704783E-03 1.358886644E-03 1.309596345E-03
 1.278785106E-03 1.270572564E-03 1.289025314E-03 1.336196135E-03 1.411601510E-03
 1.512534807E-03 1.636135427E-03 1.783424980E-03 1.957965733E-03 2.164334048E-03
 2.403738803E-03 2.674279642E-03 2.972699571E-03 3.294844035E-03 3.635984695E-03
 3.988273710E-03 4.340415866E-03 4.681358675E-03 5.004265870E-03 5.304782913E-03
 5.580041612E-03 5.829129012E-03 6.047941075E-03 6.225178329E-03 6.345628398E-03
 6.389077290E-03 6.328907586E-03 6.135952045E-03 5.786622370E-03 5.257669977E-03
 4.525639918E-03 3.567325875E-03 2.360242337E-03 8.825806316E-04 3.458391750E-04
 1.800000000E+00 1.837450683E+00 1.861702863E+00 1.880432315E+00 1.896050743E+00
 1.910252834E+00 1.923865716E+00 1.936342265E+00 1.948797239E+00 1.960714882E+00
 1.972179771E+00 1.984019202E+00 1.996705560E+00 2.011924997E+00 2.029852870E+00
 2.049940756E+00 2.072131616E+00 2.096412239E+00 2.122684793E+00 2.150923115E+00
 2.181122056E+00 2.213276160E+00 2.247394112E+00 2.283496726E+00 2.321611674E+00
 2.361773263E+00 2.404024142E+00 2.448412962E+00 2.494994255E+00 2.543829690E+00
 2.594986960E+00 2.648539775E+00 2.704569536E+00 2.763164708E+00 2.824420744E+00
 2.888443163E+00 2.955346394E+00 3.025254133E+00 3.098304714E+00 3.174648442E+00
 3.254449743E+00 3.337893471E+00 3.425182938E+00 3.516544231E+00 3.612231335E+00
 3.712526712E+00 3.817750030E+00 3.928260632E+00 4.044462916E+00 4.166815360E+00
 4.295836117E+00 4.432115364E+00 4.576320776E+00 4.729212412E+00 4.891657150E+00
 5.064635981E+00 5.249275162E+00 5.446852685E+00 5.658831111E+00 5.886891066E+00
 6.132945094E+00 6.399236765E+00 6.688382764E+00 7.003542101E+00 7.348822253E+00
  300    5
 2.030447489E+00-1.972745299E-02 2.030433787E+00-1.428600288E-02 2.030334687E+00
-8.843910886E-03 2.030150080E+00-3.401757646E-03 2.029879863E+00 2.039872058E-03
 2.029523979E+00 7.480395073E-03 2.029082383E+00 1.291923165E-02 2.028555012E+00
 1.835580348E-02 2.027941732E+00 2.378952390E-02 2.027242390E+00 2.921980171E-02
 2.026456760E+00 3.464602822E-02 2.025584322E+00 4.006751888E-02 2.024624490E+00
 4.548354033E-02 2.023576731E+00 5.089333632E-02 2.022440682E+00 5.629616990E-02
 2.021216023E+00 6.169130126E-02 2.019902470E+00 6.707799105E-02 2.018499875E+00
 7.245554249E-02 2.017008120E+00 7.782327752E-02 2.015427064E+00 8.318051780E-02
 2.013756457E+00 8.852654739E-02 2.011996023E+00 9.386063707E-02 2.010145433E+00
 9.918203154E-02 2.008204051E+00 1.044898090E-01 2.006171140E+00 1.097829547E-01
 2.004045989E+00 1.150604211E-01 2.001827978E+00 1.203211676E-01 1.999516534E+00
 1.255641464E-01 1.997111115E+00 1.307882954E-01 1.994611424E+00 1.359926943E-01
 1.992017354E+00 1.411765602E-01 1.989328787E+00 1.463391278E-01 1.986545376E+00
 1.514794771E-01 1.983666468E+00 1.565964366E-01 1.980691412E+00 1.616887912E-01
 1.977619535E+00 1.667552656E-01 1.974450072E+00 1.717944475E-01 1.971182268E+00
 1.768048672E-01 1.967815393E+00 1.817850133E-01 1.964348694E+00 1.867332767E-01
 1.960781426E+00 1.916479785E-01 1.957112888E+00 1.965274013E-01 1.953342408E+00
 2.013697801E-01 1.949469345E+00 2.061732961E-01 1.945493097E+00 2.109360929E-01
 1.941413092E+00 2.156562570E-01 1.937228726E+00 2.203317352E-01 1.932939433E+00
 2.249604046E-01 1.928544695E+00 2.295400964E-01 1.924043924E+00 2.340683905E-01
 1.919436478E+00 2.385425928E-01 1.914721802E+00 2.429599414E-01 1.909899436E+00
 2.473176198E-01 1.904969004E+00 2.516127322E-01 1.899930223E+00 2.558423162E-01
 1.894782909E+00 2.600033566E-01 1.889526921E+00 2.640926405E-01 1.884162138E+00
 2.681066658E-01 1.878688575E+00 2.720418555E-01 1.873106369E+00 2.758945307E-01
 1.867415593E+00 2.796602962E-01 1.861616390E+00 2.833342425E-01 1.855709142E+00
 2.869113534E-01 1.849694796E+00 2.903877864E-01 1.843575704E+00 2.937651276E-01
 1.837354231E+00 2.970465656E-01 1.831032305E+00 3.002353777E-01 1.824610587E+00
 3.033298353E-01 1.818088166E+00 3.063173086E-01 1.811464861E+00 3.091835695E-01
 1.804741546E+00 3.119144796E-01 1.797920724E+00 3.145035680E-01 1.791005836E+00
 3.169540355E-01 1.783999906E+00 3.192697419E-01 1.776905469E+00 3.214541199E-01
 1.769724653E+00 3.235034589E-01 1.762459898E+00 3.254081579E-01 1.755114317E+00
 3.271584260E-01 1.747691639E+00 3.287453587E-01 1.740195438E+00 3.301686920E-01
 1.732628618E+00 3.314332102E-01 1.724993548E+00 3.325437281E-01 1.717292300E+00
 3.335035129E-01 1.709528446E+00 3.343049372E-01 1.701707041E+00 3.349355693E-01
 1.693834082E+00 3.353831181E-01 1.685916129E+00 3.356370587E-01 1.677958181E+00
 3.356960434E-01 1.669964365E+00 3.355620084E-01 1.661938601E+00 3.352368122E-01
 1.653884706E+00 3.347219688E-01 1.645806784E+00 3.340176736E-01 1.637709029E+00
 3.331237334E-01 1.629595611E+00 3.320399784E-01 1.621471093E+00 3.307653090E-01
 1.613342114E+00 3.292942464E-01 1.605216406E+00 3.276201866E-01 1.597102285E+00
 3.257367674E-01 1.589007682E+00 3.236397243E-01 1.580936508E+00 3.213329654E-01
 1.572891139E+00 3.188224840E-01 1.564873525E+00 3.161140445E-01 1.556886343E+00
 3.132114242E-01 1.548937129E+00 3.101106860E-01 1.541035302E+00 3.068060713E-01
 1.533190867E+00 3.032922252E-01 1.525413402E+00 2.995655322E-01 1.517708338E+00
 2.956284739E-01 1.510079758E+00 2.914851201E-01 1.502531618E+00 2.871394195E-01
 1.495068171E+00 2.825947584E-01 1.487695571E+00 2.778523864E-01 1.480420691E+00
 2.729130508E-01 1.473250567E+00 2.677776729E-01 1.466192363E+00 2.624473916E-01
 1.459253303E+00 2.569236392E-01 1.452440765E+00 2.512080507E-01 1.445762314E+00
 2.453024542E-01 1.439225365E+00 2.392091534E-01 1.432835611E+00 2.329320626E-01
 1.426598123E+00 2.264756369E-01 1.420517985E+00 2.198443538E-01 1.414600497E+00
 2.130425955E-01 1.408852277E+00 2.060740099E-01 1.403280582E+00 1.989421158E-01
 1.397892831E+00 1.916506645E-01 1.392696047E+00 1.842039585E-01 1.387693550E+00
 1.766084899E-01 1.382886952E+00 1.688714899E-01 1.378277749E+00 1.609999989E-01
 1.373867849E+00 1.530006531E-01 1.369663092E+00 1.448783209E-01 1.365671355E+00
 1.366373348E-01 1.361900700E+00 1.282824115E-01 1.358358730E+00 1.198188880E-01
 1.355047725E+00 1.112542010E-01 1.351967003E+00 1.025965916E-01 1.349115765E+00
 9.385402410E-02 1.346493386E+00 8.503412905E-02 1.344101666E+00 7.614374378E-02
 1.341943893E+00 6.718938942E-02 1.340023401E+00 5.817771080E-02 1.338343356E+00
 4.911552953E-02 1.336904598E+00 4.001013568E-02 1.335706359E+00 3.086897050E-02
 1.334747827E+00 2.169932540E-02 1.334028163E+00 1.250835370E-02 1.333546118E+00
 3.303105297E-03 1.333300109E+00-5.909501737E-03 1.333288526E+00-1.512270365E-02
 1.333509761E+00-2.432987772E-02 1.333962214E+00-3.352452711E-02 1.334644278E+00
-4.270026631E-02 1.335554346E+00-5.185080761E-02 1.336690796E+00-6.096994883E-02
 1.338051536E+00-7.005161459E-02 1.339633998E+00-7.908989416E-02 1.341435612E+00
-8.807900499E-02 1.343453796E+00-9.701328253E-02 1.345684836E+00-1.058873980E-01
 1.348123677E+00-1.146965173E-01 1.350765223E+00-1.234361220E-01 1.353604509E+00
-1.321019611E-01 1.356639761E+00-1.406891428E-01 1.359873352E+00-1.491914629E-01
 1.363307861E+00-1.576022434E-01 1.366945657E+00-1.659144320E-01 1.370784578E+00
-1.741222636E-01 1.374815777E+00-1.822226618E-01 1.379030025E+00-1.902133097E-01
 1.383418358E+00-1.980924154E-01 1.387973469E+00-2.058580201E-01 1.392690623E+00
-2.135073320E-01 1.397565397E+00-2.210376126E-01 1.402593433E+00-2.284462788E-01
 1.407768417E+00-2.357320922E-01 1.413080193E+00-2.428966188E-01 1.418518492E+00
-2.499423820E-01 1.424073484E+00-2.568725552E-01 1.429736274E+00-2.636906012E-01
 1.435499348E+00-2.703998590E-01 1.441355642E+00-2.770041055E-01 1.447298462E+00
-2.835076112E-01 1.453321887E+00-2.899147998E-01 1.459421203E+00-2.962297989E-01
 1.465592115E+00-3.024570149E-01 1.471830665E+00-3.086012018E-01 1.478134572E+00
-3.146661174E-01 1.484504835E+00-3.206525732E-01 1.490942816E+00-3.265609420E-01
 1.497449821E+00-3.323915645E-01 1.504034539E+00-3.381359030E-01 1.510720923E+00
-3.437648362E-01 1.517532658E+00-3.492444074E-01 1.524490684E+00-3.545385482E-01
 1.531614429E+00-3.596073143E-01 1.538922936E+00-3.644047691E-01 1.546432229E+00
-3.688821192E-01 1.554154839E+00-3.729882804E-01 1.562105272E+00-3.766604714E-01
 1.570302423E+00-3.798174144E-01 1.578760348E+00-3.823724920E-01 1.587486208E+00
-3.842371101E-01 1.596445895E+00-3.853926337E-01 1.605557652E+00-3.859248243E-01
 1.614744563E+00-3.859316062E-01 1.623939039E+00-3.855142365E-01 1.633089030E+00
-3.847605763E-01 1.642159289E+00-3.837356480E-01 1.651120655E+00-3.825047409E-01
 1.659949342E+00-3.811350128E-01 1.668631453E+00-3.796797090E-01 1.677165351E+00
-3.781625097E-01 1.685551846E+00-3.766040617E-01 1.693793087E+00-3.750253989E-01
 1.701894218E+00-3.734396872E-01 1.709864516E+00-3.718408002E-01 1.717712826E+00
-3.702195779E-01 1.725446898E+00-3.685667088E-01 1.733073148E+00-3.668751432E-01
 1.740596630E+00-3.651433930E-01 1.748021987E+00-3.633707500E-01 1.755353592E+00
-3.615564613E-01 1.762595651E+00-3.596961563E-01 1.769751869E+00-3.577777915E-01
 1.776824757E+00-3.557882700E-01 1.783815581E+00-3.537145970E-01 1.790724646E+00
-3.515485137E-01 1.797551993E+00-3.492889858E-01 1.804297504E+00-3.469355863E-01
 1.810960877E+00-3.444877954E-01 1.817541325E+00-3.419428908E-01 1.824037326E+00
-3.392959222E-01 1.830446792E+00-3.365419090E-01 1.836767136E+00-3.336762169E-01
 1.842995751E+00-3.306965593E-01 1.849130008E+00-3.276019823E-01 1.855167036E+00
-3.243915842E-01 1.861103937E+00-3.210652370E-01 1.866938651E+00-3.176260614E-01
 1.872669509E+00-3.140780507E-01 1.878294993E+00-3.104251438E-01 1.883813711E+00
-3.066711730E-01 1.889224375E+00-3.028198411E-01 1.894525823E+00-2.988747992E-01
 1.899717017E+00-2.948396525E-01 1.904797086E+00-2.907180581E-01 1.909765326E+00
-2.865137040E-01 1.914621160E+00-2.822302205E-01 1.919364160E+00-2.778712202E-01
 1.923994142E+00-2.734404563E-01 1.928511094E+00-2.689416606E-01 1.932915147E+00
-2.643784955E-01 1.937206918E+00-2.597550468E-01 1.941387631E+00-2.550758865E-01
 1.945458762E+00-2.503454731E-01 1.949421773E+00-2.455678083E-01 1.953277205E+00
-2.407453948E-01 1.957025337E+00-2.358802877E-01 1.960666507E+00-2.309745318E-01
 1.964201504E+00-2.260305813E-01 1.967631626E+00-2.210512608E-01 1.970958298E+00
-2.160393053E-01 1.974183304E+00-2.109975724E-01 1.977309322E+00-2.059294740E-01
 1.980339367E+00-2.008383537E-01 1.983276296E+00-1.957270416E-01 1.986120278E+00
-1.905959006E-01 1.988870075E+00-1.854442798E-01 1.991524386E+00-1.802717191E-01
 1.994083188E+00-1.750788730E-01 1.996547811E+00-1.698673488E-01 1.998919700E+00
-1.646387047E-01 2.001200223E+00-1.593943277E-01 2.003390578E+00-1.541353937E-01
 2.005491982E+00-1.488630024E-01 2.007505578E+00-1.435781281E-01 2.009432218E+00
-1.382815236E-01 2.011272715E+00-1.329738793E-01 2.013027825E+00-1.276558215E-01
 2.014698028E+00-1.223278229E-01 2.016283726E+00-1.169903186E-01 2.017785269E+00
-1.116437197E-01 2.019202684E+00-1.062883257E-01 2.020535880E+00-1.009244252E-01
 2.021784776E+00-9.555234417E-02 2.022949389E+00-9.017246932E-02 2.024029775E+00
-8.478521639E-02 2.025025998E+00-7.939101707E-02 2.025938200E+00-7.399033096E-02
 2.026766556E+00-6.858362647E-02 2.027511224E+00-6.317136663E-02 2.028172228E+00
-5.775399303E-02 2.028749540E+00-5.233194768E-02 2.029243110E+00-4.690568107E-02
 2.029652766E+00-4.147564411E-02 2.029978288E+00-3.604230386E-02 2.030219444E+00
-3.060614879E-02 2.030375947E+00-2.516768748E-02 2.030447489E+00-1.972745299E-02
 1.321470981E+00-3.933077481E-01 2.042250870E+00-3.933077481E-01 2.042250870E+00
 3.538528467E-01 1.321470981E+00 3.538528467E-01 1.321470981E+00-3.933077481E-01
 
    1.65000000E+00 R0 [M] USED FOR CONVERTING TO MKSA
    1.27030000E+00 B0 [T] USED FOR CONVERTING TO MKSA
    1.07365323E+00 R OF MAGAXE --> [M]       1.77152783E+00
   -1.19560307E-02 Z OF MAGAXE --> [M]      -1.97274507E-02
   -6.99324223E-03 PSI-AXIS --> [T M**2]    -2.41853712E-02
   -4.39398697E-02 2*PI*PSI-AXIS -->        -1.51961283E-01
    4.88183353E-02 TOTAL CURRENT --> [A]     8.14260367E+04
    2.83534865E+00 POLOIDAL BETA
    3.84341380E-03 BETA
    5.56420138E-03 BETA* (SQRT(<P**2>))
    3.89074757E-03 BETA_EXP=<P>*2*MU0/B0**2
    1.12878884E+00 LI
    1.80000000E+00 Q_ZERO
    7.34882225E+00 Q_EDGE
    4.82469457E+00 ASPECT RATIO ; a/R=     2.07267006E-01
    1.03513589E+00 b/a
    9.19657749E-01 VOLUME ->     4.13121757E+00
    1.43751307E-01 AREA   ->     3.91362934E-01
    1.34674707E+00 LENGTH ->     2.22213266E+00
    8.08053652E-01 RMIN -> RMIN [m]     1.33328853E+00
    1.23057424E+00 RMAX -> RMAX [m]     2.03044749E+00
   -2.33897943E-01 ZMIN -> ZMIN [m]    -3.85931606E-01
    2.03452148E-01 ZMAX -> ZMAX [m]     3.35696043E-01
    1.01931394E+00 RGEOM -> RGEOM [m]     1.68186801E+00
    2.11260292E-01 MINOR RADIUS -> A [m]     3.48579482E-01
