 CHEASE    00/00/00      #000000,00000ms20050328   3  65  65
 7.207768864E-01 7.469395182E-01 1.650000000E+00 1.321473840E+00-1.983434826E-02
 1.761384227E+00-1.983434826E-02-2.480098091E-02 0.000000000E+00 1.270300000E+00
 8.321591773E+04-2.480098091E-02 0.000000000E+00 1.761384227E+00 0.000000000E+00
-1.983434826E-02 0.000000000E+00 0.000000000E+00 0.000000000E+00 0.000000000E+00
 2.087879873E+00 2.088184595E+00 2.088492309E+00 2.088798613E+00 2.089100680E+00
 2.089396698E+00 2.089685311E+00 2.089964427E+00 2.090233705E+00 2.090491522E+00
 2.090737067E+00 2.090970544E+00 2.091192000E+00 2.091403561E+00 2.091605677E+00
 2.091797861E+00 2.091980355E+00 2.092153365E+00 2.092317059E+00 2.092471718E+00
 2.092617671E+00 2.092755276E+00 2.092884934E+00 2.093007083E+00 2.093122184E+00
 2.093230726E+00 2.093333217E+00 2.093430178E+00 2.093522141E+00 2.093609643E+00
 2.093693224E+00 2.093773417E+00 2.093850750E+00 2.093925736E+00 2.093998873E+00
 2.094070635E+00 2.094141474E+00 2.094211808E+00 2.094282024E+00 2.094352472E+00
 2.094423455E+00 2.094495233E+00 2.094568013E+00 2.094641948E+00 2.094717136E+00
 2.094793609E+00 2.094871339E+00 2.094950225E+00 2.095030099E+00 2.095110718E+00
 2.095191757E+00 2.095272818E+00 2.095353420E+00 2.095433001E+00 2.095510913E+00
 2.095586426E+00 2.095658724E+00 2.095726899E+00 2.095789959E+00 2.095846834E+00
 2.095896367E+00 2.095937320E+00 2.095968361E+00 2.095988082E+00 2.095995000E+00
 8.563080838E+03 8.270707858E+03 7.978874118E+03 7.688709387E+03 7.401233346E+03
 7.117367862E+03 6.837940688E+03 6.563689013E+03 6.295262759E+03 6.033228255E+03
 5.778071618E+03 5.530202241E+03 5.289956319E+03 5.057599836E+03 4.833334113E+03
 4.617296794E+03 4.409565903E+03 4.210163988E+03 4.019061374E+03 3.836179704E+03
 3.661395231E+03 3.494542493E+03 3.335417706E+03 3.183782275E+03 3.039366311E+03
 2.901872071E+03 2.770977499E+03 2.646339658E+03 2.527598291E+03 2.414379193E+03
 2.306297862E+03 2.202962815E+03 2.103979242E+03 2.008952450E+03 1.917491212E+03
 1.829211471E+03 1.743739843E+03 1.660717961E+03 1.579803506E+03 1.500672271E+03
 1.423029235E+03 1.346606507E+03 1.271167234E+03 1.196509431E+03 1.122469702E+03
 1.048926488E+03 9.758036736E+02 9.030740594E+02 8.307626910E+02 7.589501295E+02
 6.877783499E+02 6.174508703E+02 5.482372785E+02 4.804771825E+02 4.145835787E+02
 3.510457132E+02 2.904316523E+02 2.334001964E+02 1.806938044E+02 1.331428165E+02
 9.167241668E+01 5.730378854E+01 3.116907435E+01 1.449911362E+01 8.626752160E+00
 1.619592955E+00 1.651980545E+00 1.658448405E+00 1.639721863E+00 1.615553513E+00
 1.576249449E+00 1.533055807E+00 1.478362201E+00 1.424200386E+00 1.356783749E+00
 1.292964658E+00 1.226003938E+00 1.166557468E+00 1.117043974E+00 1.064120867E+00
 1.010940687E+00 9.594795163E-01 9.086967230E-01 8.591393861E-01 8.112886189E-01
 7.652590626E-01 7.212698339E-01 6.795459130E-01 6.402489707E-01 6.035172374E-01
 5.694722286E-01 5.382063874E-01 5.097876824E-01 4.842578300E-01 4.616356685E-01
 4.419141869E-01 4.250617383E-01 4.110239252E-01 3.997200640E-01 3.910488400E-01
 3.848823211E-01 3.810711317E-01 3.794405738E-01 3.797968713E-01 3.819207597E-01
 3.855711295E-01 3.904884251E-01 3.963869657E-01 4.029655933E-01 4.099003802E-01
 4.168487396E-01 4.234520473E-01 4.293317216E-01 4.340953187E-01 4.373348287E-01
 4.386292532E-01 4.375446676E-01 4.336390177E-01 4.264608200E-01 4.155532620E-01
 4.004536939E-01 3.806986917E-01 3.558235479E-01 3.253664285E-01 2.888685876E-01
 2.458758295E-01 1.959379281E-01 1.386107131E-01 7.344890873E-02 0.000000000E+00
-7.541816885E+05-7.543047280E+05-7.513997376E+05-7.457347569E+05-7.375666055E+05
-7.271422625E+05-7.146998565E+05-7.004690261E+05-6.846703602E+05-6.675149381E+05
-6.492052829E+05-6.299346997E+05-6.098879640E+05-5.892404546E+05-5.681578934E+05
-5.467982799E+05-5.253101135E+05-5.038320864E+05-4.824952058E+05-4.614206271E+05
-4.407205064E+05-4.204986268E+05-4.008488768E+05-3.818569101E+05-3.635988506E+05
-3.461421533E+05-3.295449741E+05-3.138568527E+05-2.991178726E+05-2.853595240E+05
-2.726040580E+05-2.608645980E+05-2.501457087E+05-2.404422156E+05-2.317410286E+05
-2.240189905E+05-2.172446038E+05-2.113765679E+05-2.063658462E+05-2.021533692E+05
-1.986710376E+05-1.958428854E+05-1.935821722E+05-1.917948525E+05-1.903768159E+05
-1.892151066E+05-1.881884811E+05-1.871656551E+05-1.860070511E+05-1.845638533E+05
-1.826782970E+05-1.801831374E+05-1.769028990E+05-1.726526147E+05-1.672386614E+05
-1.604578955E+05-1.520985742E+05-1.419397028E+05-1.297515389E+05-1.152952400E+05
-9.832307948E+04-7.857767694E+04-5.579362728E+04-2.969592237E+04 0.000000000E+00
 8.012496446E-03 7.728826784E-03 7.434504878E-03 7.134446181E-03 6.831020335E-03
 6.524471215E-03 6.213378197E-03 5.888805728E-03 5.528981812E-03 5.121700252E-03
 4.666041065E-03 4.170001465E-03 3.659933202E-03 3.173989163E-03 2.733562816E-03
 2.345584681E-03 2.003482875E-03 1.690994379E-03 1.400889546E-03 1.133587241E-03
 8.965626367E-04 6.990675044E-04 5.455830241E-04 4.384517575E-04 3.777321034E-04
 3.595408053E-04 3.806931208E-04 4.384934227E-04 5.318005175E-04 6.595355667E-04
 8.180260117E-04 1.002674312E-03 1.208553850E-03 1.428044136E-03 1.657102866E-03
 1.896044798E-03 2.146649330E-03 2.408648928E-03 2.678185921E-03 2.949135450E-03
 3.215616527E-03 3.477585938E-03 3.737964031E-03 4.001143080E-03 4.272870114E-03
 4.552807245E-03 4.838267634E-03 5.123539801E-03 5.399337106E-03 5.658467853E-03
 5.895100776E-03 6.103918212E-03 6.281341916E-03 6.423090089E-03 6.519166284E-03
 6.556944983E-03 6.521138749E-03 6.393190116E-03 6.151225312E-03 5.774018018E-03
 5.240182119E-03 4.526650400E-03 3.608638995E-03 2.459714320E-03 1.052008439E-03
 7.583346945E-03 7.302221759E-03 7.005271003E-03 6.696114558E-03 6.378833979E-03
 6.055344044E-03 5.725756007E-03 5.388871993E-03 5.038553304E-03 4.659987835E-03
 4.246638647E-03 3.801222439E-03 3.333400939E-03 2.866167460E-03 2.425216803E-03
 2.022299237E-03 1.658981585E-03 1.328269788E-03 1.022767572E-03 7.420584960E-04
 4.896932979E-04 2.713745450E-04 9.058181937E-05-5.123741675E-05-1.514002416E-04
-2.099600738E-04-2.303779593E-04-2.155259894E-04-1.671407692E-04-8.532858460E-05
 2.760188507E-05 1.676259208E-04 3.323839103E-04 5.172245916E-04 7.174568748E-04
 9.325427195E-04 1.163327303E-03 1.409856296E-03 1.669771979E-03 1.939303757E-03
 2.215392743E-03 2.498295609E-03 2.789553027E-03 3.090716736E-03 3.403949306E-03
 3.728508457E-03 4.062560976E-03 4.401781992E-03 4.739268310E-03 5.069106237E-03
 5.385596357E-03 5.683275322E-03 5.958029719E-03 6.203065841E-03 6.407893380E-03
 6.559816546E-03 6.643389832E-03 6.639823748E-03 6.528738063E-03 6.290208863E-03
 5.902777764E-03 5.343232848E-03 4.586613031E-03 3.606382929E-03 2.374862522E-03
 7.158261782E-03 6.879774966E-03 6.584243974E-03 6.273179027E-03 5.949056247E-03
 5.615159306E-03 5.273066697E-03 4.922894081E-03 4.563810454E-03 4.192048676E-03
 3.798684119E-03 3.381705278E-03 2.946225996E-03 2.502255391E-03 2.067856017E-03
 1.658572777E-03 1.279756038E-03 9.305811591E-04 6.070611662E-04 3.083941950E-04
 3.730493931E-05-2.026844824E-04-4.095380923E-04-5.826793952E-04-7.205765772E-04
-8.186618873E-04-8.790754450E-04-9.052018846E-04-8.994871008E-04-8.615282839E-04
-7.917911257E-04-6.938323236E-04-5.690884297E-04-4.194149346E-04-2.490740669E-04
-5.917085465E-05 1.508014088E-04 3.809940584E-04 6.298528927E-04 8.950370655E-04
 1.175485723E-03 1.472071257E-03 1.785663387E-03 2.115834815E-03 2.462417734E-03
 2.824573200E-03 3.201105641E-03 3.588850103E-03 3.982632585E-03 4.377261376E-03
 4.767092833E-03 5.146574231E-03 5.510561517E-03 5.850777142E-03 6.156682222E-03
 6.415509960E-03 6.611650741E-03 6.726636848E-03 6.741790346E-03 6.637348673E-03
 6.391760207E-03 5.981662913E-03 5.381972693E-03 4.566113979E-03 3.508114857E-03
 6.738174203E-03 6.461846111E-03 6.167304455E-03 5.856244615E-03 5.530097588E-03
 5.190626249E-03 4.840391216E-03 4.480752206E-03 4.111959610E-03 3.733679852E-03
 3.344143180E-03 2.939186319E-03 2.520121787E-03 2.093233185E-03 1.667642298E-03
 1.255929497E-03 8.663671180E-04 5.009806387E-04 1.591206742E-04-1.592815377E-04
-4.517991419E-04-7.152599353E-04-9.481454635E-04-1.150699906E-03-1.322927887E-03
-1.460188151E-03-1.559519634E-03-1.624699248E-03-1.659048328E-03-1.662687006E-03
-1.634161740E-03-1.575719876E-03-1.489226571E-03-1.374502301E-03-1.234537173E-03
-1.070903498E-03-8.829306825E-04-6.702331960E-04-4.339720971E-04-1.757982188E-04
 1.044411405E-04 4.083749728E-04 7.367591518E-04 1.088008279E-03 1.460669839E-03
 1.853953331E-03 2.267123330E-03 2.697895683E-03 3.142215824E-03 3.595406168E-03
 4.051809251E-03 4.505791238E-03 4.951019400E-03 5.378767813E-03 5.778496008E-03
 6.137370607E-03 6.439698927E-03 6.668163175E-03 6.804732388E-03 6.829604337E-03
 6.721126196E-03 6.455804798E-03 6.008441744E-03 5.353441332E-03 4.466327835E-03
 6.324363060E-03 6.049602652E-03 5.755380747E-03 5.443605703E-03 5.115891813E-03
 4.773621182E-03 4.418203466E-03 4.051607686E-03 3.675087738E-03 3.289146370E-03
 2.894051729E-03 2.489694018E-03 2.075512135E-03 1.654922133E-03 1.234243325E-03
 8.207609384E-04 4.221446004E-04 4.246005607E-05-3.170519834E-04-6.554767709E-04
-9.705010906E-04-1.259129619E-03-1.518846297E-03-1.750099619E-03-1.953767025E-03
-2.128463467E-03-2.266485369E-03-2.369371422E-03-2.441423969E-03-2.484207623E-03
-2.495130366E-03-2.474089807E-03-2.423776969E-03-2.343005945E-03-2.233049805E-03
-2.095938345E-03-1.930699917E-03-1.736533076E-03-1.514313848E-03-1.265419945E-03
-9.890924301E-04-6.830281983E-04-3.462624495E-04 1.918356515E-05 4.113960605E-04
 8.297455453E-04 1.273826539E-03 1.741925223E-03 2.230746697E-03 2.736006295E-03
 3.252035042E-03 3.773020415E-03 4.291892513E-03 4.799909156E-03 5.286547796E-03
 5.738922188E-03 6.141711023E-03 6.478570539E-03 6.731539546E-03 6.880773409E-03
 6.904513222E-03 6.779134366E-03 6.479864676E-03 5.982499670E-03 5.262982641E-03
 5.918521990E-03 5.644479034E-03 5.349820406E-03 5.036502197E-03 4.706326987E-03
 4.360836762E-03 4.001379115E-03 3.629237901E-03 3.245991502E-03 2.852887624E-03
 2.450778339E-03 2.040595567E-03 1.623565331E-03 1.201564383E-03 7.789355706E-04
 3.611193197E-04-4.682607855E-05-4.405587108E-04-8.174625852E-04-1.175807495E-03
-1.513627186E-03-1.827995550E-03-2.115918183E-03-2.376027340E-03-2.609922085E-03
-2.818306313E-03-2.995260669E-03-3.135497825E-03-3.243597252E-03-3.323017496E-03
-3.371621896E-03-3.386576900E-03-3.370476913E-03-3.322363982E-03-3.241654690E-03
-3.130637484E-03-2.988173451E-03-2.812971222E-03-2.605623548E-03-2.367426340E-03
-2.097360394E-03-1.792678912E-03-1.452301260E-03-1.078335340E-03-6.724670683E-04
-2.348669149E-04 2.343758509E-04 7.338699711E-04 1.260961374E-03 1.811591554E-03
 2.380188684E-03 2.960737183E-03 3.545995177E-03 4.127311391E-03 4.694204018E-03
 5.233846968E-03 5.731670448E-03 6.171636938E-03 6.535802757E-03 6.804272687E-03
 6.955159715E-03 6.964935620E-03 6.809914279E-03 6.466407563E-03 5.910721373E-03
 5.526054592E-03 5.248614317E-03 4.952155776E-03 4.636404382E-03 4.302815442E-03
 3.953090655E-03 3.588709577E-03 3.211000708E-03 2.821235535E-03 2.420822837E-03
 2.011095411E-03 1.593320631E-03 1.169093641E-03 7.406295364E-04 3.111107099E-04
-1.152272462E-04-5.343235658E-04-9.428337377E-04-1.337666109E-03-1.716389974E-03
-2.077063840E-03-2.417268535E-03-2.733924207E-03-3.024067420E-03-3.288018269E-03
-3.527559824E-03-3.741577953E-03-3.919731180E-03-4.063220902E-03-4.177203563E-03
-4.261632814E-03-4.311755817E-03-4.328234584E-03-4.311471241E-03-4.259244336E-03
-4.173605576E-03-4.053540432E-03-3.897259421E-03-3.705032838E-03-3.478158563E-03
-3.215508677E-03-2.914028287E-03-2.572696820E-03-2.193763105E-03-1.778597446E-03
-1.326848728E-03-8.381381480E-04-3.133316545E-04 2.456397334E-04 8.348196042E-04
 1.448856915E-03 2.081743753E-03 2.726369154E-03 3.374216627E-03 4.014880954E-03
 4.635884387E-03 5.223155505E-03 5.760741520E-03 6.230719860E-03 6.613098720E-03
 6.885933626E-03 7.026388231E-03 7.011352709E-03 6.817466828E-03 6.421453585E-03
 5.154024145E-03 4.867602852E-03 4.565041681E-03 4.244918305E-03 3.906891212E-03
 3.551891290E-03 3.181489784E-03 2.797115260E-03 2.400094305E-03 1.991739523E-03
 1.573467668E-03 1.146783217E-03 7.133904308E-04 2.754574007E-04-1.642310294E-04
-6.022388462E-04-1.035092283E-03-1.459700133E-03-1.873331384E-03-2.273302965E-03
-2.657312661E-03-3.023329630E-03-3.368620177E-03-3.689920072E-03-3.984746510E-03
-4.254959136E-03-4.501943096E-03-4.718890783E-03-4.898272111E-03-5.045616486E-03
-5.163972807E-03-5.248537044E-03-5.296598760E-03-5.310035031E-03-5.285681067E-03
-5.224686911E-03-5.126502441E-03-4.988856032E-03-4.811638165E-03-4.596184294E-03
-4.341324717E-03-4.043764260E-03-3.702684649E-03-3.320551533E-03-2.898449419E-03
-2.435681881E-03-1.931697000E-03-1.386861405E-03-8.023179966E-04-1.814773794E-04
 4.708883363E-04 1.149059802E-03 1.846171315E-03 2.553882643E-03 3.261975127E-03
 3.958417301E-03 4.629331869E-03 5.258859335E-03 5.829052341E-03 6.319804422E-03
 6.709515457E-03 6.975898628E-03 7.096169385E-03 7.047293100E-03 6.806443412E-03
 4.806656413E-03 4.506397980E-03 4.193317207E-03 3.865008605E-03 3.520242510E-03
 3.158778291E-03 2.781266020E-03 2.389086305E-03 1.983630341E-03 1.566242421E-03
 1.138308271E-03 7.013612933E-04 2.571472573E-04-1.922326191E-04-6.442552895E-04
-1.096109919E-03-1.544732809E-03-1.987166598E-03-2.420688344E-03-2.842810951E-03
-3.251038919E-03-3.643140436E-03-4.016928652E-03-4.369326230E-03-4.696743437E-03
-4.998159819E-03-5.276061617E-03-5.529767266E-03-5.746500203E-03-5.927255577E-03
-6.077853054E-03-6.195900717E-03-6.275325147E-03-6.318020443E-03-6.321127809E-03
-6.284198593E-03-6.207418127E-03-6.088074364E-03-5.925607741E-03-5.721398618E-03
-5.474264083E-03-5.180694200E-03-4.840185101E-03-4.455467753E-03-4.027379978E-03
-3.555055330E-03-3.038018493E-03-2.476269319E-03-1.870767648E-03-1.224394395E-03
-5.406599247E-04 1.757982518E-04 9.185447690E-04 1.679466934E-03 2.448666475E-03
 3.214401618E-03 3.962951382E-03 4.678531461E-03 5.343082002E-03 5.936613658E-03
 6.437956623E-03 6.825172968E-03 7.075723658E-03 7.166902884E-03 7.076390188E-03
 4.485643549E-03 4.167424331E-03 3.840069039E-03 3.500189784E-03 3.145663571E-03
 2.775479433E-03 2.389534160E-03 1.988445276E-03 1.573412014E-03 1.145801096E-03
 7.069979456E-04 2.584921301E-04-1.980136641E-04-6.605049823E-04-1.126657856E-03
-1.593988807E-03-2.059915229E-03-2.521636891E-03-2.976413385E-03-3.421647647E-03
-3.854944042E-03-4.273877836E-03-4.676203034E-03-5.059445200E-03-5.420084661E-03
-5.754417540E-03-6.063504726E-03-6.349548440E-03-6.605181266E-03-6.820627716E-03
-7.002562072E-03-7.152852644E-03-7.263964626E-03-7.335212114E-03-7.365493821E-03
-7.352347023E-03-7.296636725E-03-7.195349693E-03-7.047396806E-03-6.854187108E-03
-6.614533210E-03-6.324707762E-03-5.984607241E-03-5.597233823E-03-5.163199817E-03
-4.681637769E-03-4.152270276E-03-3.574943110E-03-2.950958191E-03-2.282837696E-03
-1.573079018E-03-8.249754947E-04-4.350688343E-05 7.639140271E-04 1.587715873E-03
 2.416373798E-03 3.236343880E-03 4.031791454E-03 4.784656351E-03 5.475226128E-03
 6.082707583E-03 6.585354366E-03 6.960834852E-03 7.186775436E-03 7.241355409E-03
 4.187178769E-03 3.850644550E-03 3.506369885E-03 3.152127984E-03 2.785339555E-03
 2.404196705E-03 2.007934435E-03 1.596611844E-03 1.170915252E-03 7.319749022E-04
 2.811450237E-04-1.801187704E-04-6.501886736E-04-1.127206593E-03-1.609056216E-03
-2.093431406E-03-2.577947256E-03-3.060144377E-03-3.537332673E-03-4.006827437E-03
-4.466032761E-03-4.912556727E-03-5.343953970E-03-5.757866375E-03-6.151371355E-03
-6.520377035E-03-6.861958404E-03-7.178827138E-03-7.471005251E-03-7.723456746E-03
-7.937144807E-03-8.118273305E-03-8.261250177E-03-8.360870131E-03-8.418078933E-03
-8.428778878E-03-8.393985604E-03-8.310665132E-03-8.177114844E-03-7.994732462E-03
-7.762322884E-03-7.475919763E-03-7.135883653E-03-6.745446154E-03-6.304992111E-03
-5.813803717E-03-5.271810155E-03-4.679045154E-03-4.037463379E-03-3.349306551E-03
-2.616423346E-03-1.841208067E-03-1.027264655E-03-1.801900599E-04 6.914614607E-04
 1.576458938E-03 2.461328493E-03 3.330187865E-03 4.165139462E-03 4.946859701E-03
 5.654736683E-03 6.267116580E-03 6.761821883E-03 7.116817153E-03 7.309711651E-03
 3.902603966E-03 3.550529719E-03 3.190528937E-03 2.820911057E-03 2.439986424E-03
 2.046117431E-03 1.637943094E-03 1.214971792E-03 7.774512992E-04 3.261660960E-04
-1.377253280E-04-6.128424326E-04-1.097647487E-03-1.590425053E-03-2.089266297E-03
-2.592037404E-03-3.096445021E-03-3.600133934E-03-4.100665799E-03-4.595346109E-03
-5.081438959E-03-5.556267240E-03-6.017375308E-03-6.462214734E-03-6.888202845E-03
-7.291796527E-03-7.668280305E-03-8.016904326E-03-8.340773043E-03-8.632331302E-03
-8.879591003E-03-9.090593400E-03-9.264916098E-03-9.393467717E-03-9.477377630E-03
-9.512240529E-03-9.498382886E-03-9.433113588E-03-9.314035267E-03-9.142468876E-03
-8.917200750E-03-8.633992589E-03-8.293713946E-03-7.899732087E-03-7.452184485E-03
-6.950625897E-03-6.395123683E-03-5.786379089E-03-5.127010477E-03-4.419038258E-03
-3.664054190E-03-2.863979792E-03-2.021503025E-03-1.140741851E-03-2.281555640E-04
 7.063113807E-04 1.649213125E-03 2.584789721E-03 3.495533300E-03 4.362349324E-03
 5.164622178E-03 5.880677351E-03 6.488508484E-03 6.965686016E-03 7.289053137E-03
 3.626095349E-03 3.261252711E-03 2.887616447E-03 2.503979464E-03 2.109023091E-03
 1.701456053E-03 1.280198320E-03 8.444805328E-04 3.941193554E-04-7.042976957E-05
-5.482660247E-04-1.038183791E-03-1.538769037E-03-2.048421654E-03-2.565353379E-03
-3.087603701E-03-3.613007184E-03-4.139233114E-03-4.663879096E-03-5.184442069E-03
-5.698133734E-03-6.202083886E-03-6.693472088E-03-7.169718939E-03-7.628097873E-03
-8.065662534E-03-8.478074089E-03-8.860583364E-03-9.215103037E-03-9.542781324E-03
-9.826576744E-03-1.006766822E-02-1.027206523E-02-1.043050187E-02-1.054088084E-02
-1.060033620E-02-1.060756043E-02-1.056058025E-02-1.045623418E-02-1.029567356E-02
-1.007765124E-02-9.797620034E-03-9.456986473E-03-9.059102747E-03-8.603842097E-03
-8.091090136E-03-7.521028834E-03-6.895461684E-03-6.217449912E-03-5.488935596E-03
-4.711589817E-03-3.887229884E-03-3.018078479E-03-2.107303512E-03-1.159669885E-03
-1.829445922E-04 8.108360112E-04 1.806398067E-03 2.786578238E-03 3.732221799E-03
 4.622533586E-03 5.435842572E-03 6.149872957E-03 6.741618784E-03 7.187542421E-03
 3.354713829E-03 2.979682641E-03 2.594495764E-03 2.198376587E-03 1.790373339E-03
 1.369479471E-03 9.347921897E-04 4.856328335E-04 2.169709166E-05-4.568458406E-04
-9.493418928E-04-1.454814383E-03-1.972021204E-03-2.499465465E-03-3.035449548E-03
-3.578091196E-03-4.125342052E-03-4.674957459E-03-5.224509016E-03-5.771476918E-03
-6.313222134E-03-6.846788853E-03-7.369101560E-03-7.877148141E-03-8.368168610E-03
-8.839190743E-03-9.286719040E-03-9.705457069E-03-1.009209752E-02-1.045039916E-02
-1.077313725E-02-1.104628075E-02-1.127929276E-02-1.146808075E-02-1.160490850E-02
-1.168934079E-02-1.171789476E-02-1.168954162E-02-1.160035343E-02-1.145118991E-02
-1.124075489E-02-1.096415944E-02-1.062335631E-02-1.022147466E-02-9.758144050E-03
-9.233493162E-03-8.648011090E-03-8.004769701E-03-7.306947825E-03-6.556664853E-03
-5.755929483E-03-4.906744065E-03-4.011288533E-03-3.072214663E-03-2.093350063E-03
-1.080670315E-03-4.318023627E-05 1.005689704E-03 2.048780591E-03 3.066635838E-03
 4.038303889E-03 4.941894829E-03 5.754652775E-03 6.453228707E-03 7.013767341E-03
 3.088831611E-03 2.705116274E-03 2.310029852E-03 1.902888385E-03 1.482928463E-03
 1.049383033E-03 6.015106995E-04 1.387474761E-04-3.391844572E-04-8.322222822E-04
-1.339944047E-03-1.861564469E-03-2.395997236E-03-2.941898965E-03-3.497659434E-03
-4.061442906E-03-4.631232585E-03-5.204841863E-03-5.779890230E-03-6.353791558E-03
-6.923846377E-03-7.487217874E-03-8.040718188E-03-8.581003041E-03-9.104833541E-03
-9.609214907E-03-1.009086330E-02-1.054549564E-02-1.096699427E-02-1.135525145E-02
-1.171291816E-02-1.202140964E-02-1.228247344E-02-1.250070214E-02-1.266459082E-02
-1.277407022E-02-1.282435095E-02-1.281498601E-02-1.274149198E-02-1.260428538E-02
-1.240200822E-02-1.212940979E-02-1.178896716E-02-1.138334776E-02-1.091196694E-02
-1.037501184E-02-9.773707656E-03-9.112118360E-03-8.393355880E-03-7.619958054E-03
-6.794457855E-03-5.919292798E-03-4.996922380E-03-4.030007312E-03-3.022038410E-03
-1.977412911E-03-9.022194085E-04 1.931572915E-04 1.292294923E-03 2.375457665E-03
 3.421438265E-03 4.407884600E-03 5.311730085E-03 6.109446895E-03 6.777007828E-03
 2.830446638E-03 2.439029856E-03 2.034946252E-03 1.617703495E-03 1.186676737E-03
 7.411844516E-04 2.805804861E-04-1.956494035E-04-6.877726345E-04-1.195705121E-03
-1.719074634E-03-2.257271017E-03-2.809382057E-03-3.374171860E-03-3.950147074E-03
-4.535555902E-03-5.128382722E-03-5.726425253E-03-6.327305552E-03-6.928451606E-03
-7.527061404E-03-8.120197821E-03-8.704770215E-03-9.277301426E-03-9.834122839E-03
-1.037174972E-02-1.088690208E-02-1.137589573E-02-1.183340883E-02-1.225363857E-02
-1.263992252E-02-1.298616535E-02-1.327674156E-02-1.352221320E-02-1.371395047E-02
-1.384808664E-02-1.392054509E-02-1.393046697E-02-1.387323238E-02-1.374865143E-02
-1.355529102E-02-1.328754137E-02-1.294833869E-02-1.253963961E-02-1.206066800E-02
-1.151151367E-02-1.089458673E-02-1.021429247E-02-9.473755083E-03-8.676085340E-03
-7.824440083E-03-6.921929409E-03-5.971570595E-03-4.976632691E-03-3.940310039E-03
-2.865496324E-03-1.756466166E-03-6.210975829E-04 5.269594740E-04 1.668251112E-03
 2.781060389E-03 3.842748104E-03 4.830286649E-03 5.720083170E-03 6.487334515E-03
 2.581457894E-03 2.183085617E-03 1.770672331E-03 1.343931950E-03 9.023817259E-04
 4.454362980E-04-2.750080395E-05-5.169392094E-04-1.023169615E-03-1.546163446E-03
-2.085567991E-03-2.640732573E-03-3.210812692E-03-3.794753816E-03-4.391170829E-03
-4.998378548E-03-5.614439599E-03-6.237128039E-03-6.863997473E-03-7.492426180E-03
-8.119594123E-03-8.742428989E-03-9.357700395E-03-9.962013736E-03-1.055155370E-02
-1.112228469E-02-1.167047111E-02-1.219251197E-02-1.268418561E-02-1.313891181E-02
-1.355347988E-02-1.393211039E-02-1.425550685E-02-1.452636310E-02-1.474587729E-02
-1.490405441E-02-1.499892607E-02-1.502827978E-02-1.498780543E-02-1.487654943E-02
-1.469298631E-02-1.443118265E-02-1.409441180E-02-1.368368849E-02-1.319803607E-02
-1.263747780E-02-1.200570927E-02-1.130682829E-02-1.054417873E-02-9.721481188E-03
-8.842607065E-03-7.911489181E-03-6.932210080E-03-5.908634268E-03-4.843381907E-03
-3.738714968E-03-2.598132557E-03-1.427662544E-03-2.378670666E-04 9.539146449E-04
 2.125925752E-03 3.255827279E-03 4.320510943E-03 5.295583787E-03 6.155196846E-03
 2.344474338E-03 1.938985380E-03 1.518552264E-03 1.082677575E-03 6.309440793E-04
 1.628698600E-04-3.221149830E-04-8.245395784E-04-1.344708567E-03-1.882637664E-03
-2.438052591E-03-3.010383542E-03-3.598760827E-03-4.202046239E-03-4.818948830E-03
-5.447939474E-03-6.087122026E-03-6.734319579E-03-7.387069947E-03-8.042625544E-03
-8.698062909E-03-9.350257395E-03-9.995817597E-03-1.063116717E-02-1.125256479E-02
-1.185582092E-02-1.243651403E-02-1.299066468E-02-1.351434624E-02-1.400257683E-02
-1.444796967E-02-1.485188101E-02-1.521022685E-02-1.550665900E-02-1.575178726E-02
-1.593391448E-02-1.605106593E-02-1.609975334E-02-1.607638387E-02-1.597909572E-02
-1.580624795E-02-1.555165883E-02-1.521875106E-02-1.480744294E-02-1.431639810E-02
-1.374600754E-02-1.310068404E-02-1.238394013E-02-1.159947208E-02-1.075155149E-02
-9.844861650E-03-8.884471591E-03-7.875633287E-03-6.822201445E-03-5.726785640E-03
-4.592025477E-03-3.421143641E-03-2.219037929E-03-9.938986277E-04 2.407828692E-04
 1.465409765E-03 2.657445447E-03 3.792895144E-03 4.846237060E-03 5.790842899E-03
 2.123491634E-03 1.709371099E-03 1.280218816E-03 8.350832219E-04 3.732708821E-04
-1.057947722E-04-6.026699729E-04-1.117872416E-03-1.651745883E-03-2.204380135E-03
-2.775568772E-03-3.364817746E-03-3.971343053E-03-4.594054121E-03-5.231551225E-03
-5.882190593E-03-6.544198169E-03-7.215493578E-03-7.893617970E-03-8.575825481E-03
-9.259033332E-03-9.939946119E-03-1.061507978E-02-1.128068077E-02-1.193278142E-02
-1.256726539E-02-1.317955541E-02-1.376485632E-02-1.431897951E-02-1.483767966E-02
-1.531490762E-02-1.574435460E-02-1.613087431E-02-1.645589042E-02-1.672318534E-02
-1.692921901E-02-1.706795374E-02-1.713563910E-02-1.712948067E-02-1.704666205E-02
-1.688539561E-02-1.663936637E-02-1.631189201E-02-1.590171292E-02-1.540697916E-02
-1.482901121E-02-1.417185840E-02-1.343861780E-02-1.263327483E-02-1.176063263E-02
-1.082631582E-02-9.836810983E-03-8.797689508E-03-7.712972638E-03-6.586319840E-03
-5.421132239E-03-4.220941745E-03-2.989989326E-03-1.733952630E-03-4.619275170E-04
 8.096407488E-04 2.057678510E-03 3.257063737E-03 4.381559718E-03 5.403896987E-03
 1.920652444E-03 1.496141209E-03 1.057223798E-03 6.023123678E-04 1.302758469E-04
-3.597208052E-04-8.683574833E-04-1.396183933E-03-1.943557522E-03-2.510608833E-03
-3.097218780E-03-3.702989882E-03-4.327204702E-03-4.968838499E-03-5.626559506E-03
-6.298708317E-03-6.983301529E-03-7.678146479E-03-8.380917639E-03-9.088891863E-03
-9.798975051E-03-1.050773319E-02-1.121142806E-02-1.190616054E-02-1.258778317E-02
-1.325191168E-02-1.389405013E-02-1.450925195E-02-1.509240233E-02-1.563917132E-02
-1.614496703E-02-1.660243708E-02-1.700958067E-02-1.736491661E-02-1.765275741E-02
-1.788144967E-02-1.804029988E-02-1.812655336E-02-1.813740981E-02-1.806934975E-02
-1.792039765E-02-1.768425167E-02-1.736379983E-02-1.695659728E-02-1.646036950E-02
-1.587741080E-02-1.521060248E-02-1.446283115E-02-1.363820987E-02-1.274211348E-02
-1.178147237E-02-1.076328629E-02-9.693114527E-03-8.576306493E-03-7.417922385E-03
-6.222612892E-03-4.994330658E-03-3.735888887E-03-2.450473270E-03-1.144769371E-03
 1.677364207E-04 1.465117612E-03 2.721619993E-03 3.910340671E-03 5.003314776E-03
 1.735337637E-03 1.299458860E-03 8.500165772E-04 3.849563732E-04-9.737162322E-05
-5.981723754E-04-1.118321982E-03-1.658479779E-03-2.219068943E-03-2.800260454E-03
-3.401958751E-03-4.023794494E-03-4.665121616E-03-5.325002125E-03-6.002157478E-03
-6.694971866E-03-7.401502342E-03-8.119450606E-03-8.846178750E-03-9.578889876E-03
-1.031460229E-02-1.104985583E-02-1.178082491E-02-1.250330174E-02-1.321291455E-02
-1.390510675E-02-1.457508697E-02-1.521800739E-02-1.582861318E-02-1.640157423E-02
-1.693252109E-02-1.741639690E-02-1.784545910E-02-1.822325890E-02-1.853382841E-02
-1.878156465E-02-1.895934806E-02-1.906342376E-02-1.909075743E-02-1.903748266E-02
-1.890138108E-02-1.867632438E-02-1.836439129E-02-1.796200307E-02-1.746693494E-02
-1.688164084E-02-1.620772310E-02-1.544783201E-02-1.460615777E-02-1.368896879E-02
-1.270382646E-02-1.165727998E-02-1.055612862E-02-9.407452553E-03-8.218128045E-03
-6.993743816E-03-5.737294141E-03-4.450628442E-03-3.136551034E-03-1.800502458E-03
-4.529061691E-04 8.873684779E-04 2.194452350E-03 3.440684373E-03 4.597355596E-03
 1.562754987E-03 1.116855069E-03 6.575521933E-04 1.827277604E-04-3.094871281E-04
-8.206111041E-04-1.351786000E-03-1.903810478E-03-2.477155014E-03-3.072015711E-03
-3.688333860E-03-4.325763511E-03-4.983661916E-03-5.661084271E-03-6.356787418E-03
-7.069223304E-03-7.796489284E-03-8.536304718E-03-9.286033375E-03-1.004265098E-02
-1.080278116E-02-1.156295518E-02-1.231941168E-02-1.306788928E-02-1.380374130E-02
-1.452207833E-02-1.521794262E-02-1.588619136E-02-1.652169581E-02-1.711900205E-02
-1.767271961E-02-1.817856733E-02-1.863072786E-02-1.902379358E-02-1.935849845E-02
-1.962158862E-02-1.981724816E-02-1.993788830E-02-1.998080489E-02-1.994205895E-02
-1.981910433E-02-1.960613888E-02-1.930409210E-02-1.890827654E-02-1.841719436E-02
-1.783216912E-02-1.715388943E-02-1.638462849E-02-1.552890925E-02-1.459366208E-02
-1.358547401E-02-1.251169472E-02-1.138092916E-02-1.020233198E-02-8.983693321E-03
-7.729746257E-03-6.443780216E-03-5.128736466E-03-3.787408085E-03-2.423809310E-03
-1.045773147E-03 3.313271570E-04 1.682730352E-03 2.980025523E-03 4.193701812E-03
 1.399505413E-03 9.460128208E-04 4.784870565E-04-4.979438856E-06-5.062665602E-04
-1.027016858E-03-1.568483129E-03-2.131563729E-03-2.716845802E-03-3.324619110E-03
-3.954858659E-03-4.607188109E-03-5.280941815E-03-5.975171329E-03-6.688609240E-03
-7.419661943E-03-8.166411802E-03-8.926621438E-03-9.697684168E-03-1.047656662E-02
-1.125983999E-02-1.204365293E-02-1.282382387E-02-1.359615578E-02-1.435603857E-02
-1.509841674E-02-1.581792188E-02-1.650922275E-02-1.716692993E-02-1.778575040E-02
-1.836018443E-02-1.888497904E-02-1.935603798E-02-1.976659659E-02-2.011723782E-02
-2.039624133E-02-2.060711655E-02-2.074251790E-02-2.079977680E-02-2.077503223E-02
-2.066528510E-02-2.046520854E-02-2.017423405E-02-1.978681495E-02-1.930223284E-02
-1.872000653E-02-1.804010043E-02-1.726456737E-02-1.639851661E-02-1.544753201E-02
-1.441827654E-02-1.331979653E-02-1.216275596E-02-1.095662001E-02-9.708316823E-03
-8.423992044E-03-7.108815732E-03-5.766338214E-03-4.399110371E-03-3.010157653E-03
-1.605323993E-03-1.968001233E-04 1.193045911E-03 2.535292100E-03 3.799714231E-03
 1.245023057E-03 7.864857039E-04 3.126640476E-04-1.780722184E-04-6.874351652E-04
-1.216997200E-03-1.768005128E-03-2.341386434E-03-2.937763506E-03-3.557459857E-03
-4.200496335E-03-4.866585546E-03-5.555121992E-03-6.265148079E-03-6.995303571E-03
-7.743924528E-03-8.509036403E-03-9.288314093E-03-1.007907532E-02-1.087829330E-02
-1.168256326E-02-1.248800491E-02-1.329030955E-02-1.408473288E-02-1.486630718E-02
-1.563012782E-02-1.637082783E-02-1.708271104E-02-1.776011733E-02-1.839755783E-02
-1.898973262E-02-1.953127523E-02-2.001731988E-02-2.044383370E-02-2.080466581E-02
-2.110104942E-02-2.132376606E-02-2.147277319E-02-2.154323958E-02-2.153160132E-02
-2.143441948E-02-2.124702591E-02-2.096743650E-02-2.059024737E-02-2.011422751E-02
-1.953707559E-02-1.885821820E-02-1.808008102E-02-1.720642374E-02-1.624203834E-02
-1.519510336E-02-1.407645247E-02-1.289595583E-02-1.166236449E-02-1.038486273E-02
-9.071537135E-03-7.728463271E-03-6.359729369E-03-4.967952704E-03-3.555515503E-03
-2.126776549E-03-6.913673805E-04 7.314417943E-04 2.113001591E-03 3.422366390E-03
 1.102377317E-03 6.399361634E-04 1.610142406E-04-3.358977387E-04-8.523799301E-04
-1.389882698E-03-1.949599102E-03-2.532443199E-03-3.139043247E-03-3.769742058E-03
-4.424578908E-03-5.103276555E-03-5.805233185E-03-6.529511505E-03-7.274829735E-03
-8.039551700E-03-8.821642772E-03-9.618606465E-03-1.042762981E-02-1.124555254E-02
-1.206882749E-02-1.289353347E-02-1.371538656E-02-1.452962231E-02-1.533104579E-02
-1.611408523E-02-1.687318294E-02-1.760289780E-02-1.829740660E-02-1.895085418E-02
-1.955778798E-02-2.011311620E-02-2.061170212E-02-2.104971087E-02-2.142366096E-02
-2.173130725E-02-2.196571928E-02-2.212752017E-02-2.221026438E-02-2.221064943E-02
-2.212498558E-02-2.194924549E-02-2.168009290E-02-2.131338347E-02-2.084672215E-02
-2.027659808E-02-1.960175718E-02-1.882367859E-02-1.794451545E-02-1.697046216E-02
-1.591097306E-02-1.477474433E-02-1.357148254E-02-1.231242607E-02-1.100821329E-02
-9.667957684E-03-8.298685367E-03-6.905146849E-03-5.490254933E-03-4.056115671E-03
-2.605986013E-03-1.147403017E-03 3.033986663E-04 1.719006729E-03 3.067844072E-03
 9.741892914E-04 5.081098458E-04 2.465914763E-05-4.776872355E-04-1.000440210E-03
-1.544977676E-03-2.112460598E-03-2.703799347E-03-3.319630115E-03-3.960299213E-03
-4.625846832E-03-5.315993599E-03-6.030128096E-03-6.767308125E-03-7.526234677E-03
-8.305240553E-03-9.102281939E-03-9.914926355E-03-1.074034184E-02-1.157523962E-02
-1.241580395E-02-1.325790473E-02-1.409705165E-02-1.492839016E-02-1.574676692E-02
-1.654664342E-02-1.732211551E-02-1.806706138E-02-1.877573967E-02-1.944252464E-02
-2.006165338E-02-2.062770322E-02-2.113658919E-02-2.158493048E-02-2.196984839E-02
-2.228684450E-02-2.253458392E-02-2.270669767E-02-2.280046122E-02-2.281168574E-02
-2.273640264E-02-2.257111030E-02-2.231138961E-02-2.195424424E-02-2.149615196E-02
-2.093371960E-02-2.026508674E-02-1.948845402E-02-1.860735553E-02-1.762847882E-02
-1.655811202E-02-1.540570092E-02-1.418283536E-02-1.290157531E-02-1.157349216E-02
-1.020871108E-02-8.815275909E-03-7.398761111E-03-5.962497420E-03-4.508496682E-03
-3.039238476E-03-1.560607494E-03-8.618368569E-05 1.358595733E-03 2.741739346E-03
 8.615937873E-04 3.918412525E-04-9.579422931E-05-6.029458399E-04-1.131158800E-03
-1.681807292E-03-2.256050250E-03-2.854800160E-03-3.478701075E-03-4.128108142E-03
-4.803071180E-03-5.503316776E-03-6.228234072E-03-6.976859990E-03-7.747865929E-03
-8.539544607E-03-9.349798212E-03-1.017614327E-02-1.101567475E-02-1.186505781E-02
-1.272052011E-02-1.357785344E-02-1.443236226E-02-1.527882375E-02-1.611180741E-02
-1.692564330E-02-1.771450751E-02-1.847240905E-02-1.919313110E-02-1.987051132E-02
-2.049904207E-02-2.107384692E-02-2.159150126E-02-2.204919680E-02-2.244350278E-02
-2.277120553E-02-2.302837411E-02-2.321013066E-02-2.331365537E-02-2.333442735E-02
-2.326831554E-02-2.311198833E-02-2.286072281E-02-2.251183357E-02-2.206121885E-02
-2.150622202E-02-2.084309526E-02-2.007094823E-02-1.919148289E-02-1.820825075E-02
-1.712899862E-02-1.596394561E-02-1.472498024E-02-1.342477364E-02-1.207581380E-02
-1.068927327E-02-9.274167662E-03-7.836872642E-03-6.381212294E-03-4.909260967E-03
-3.422998584E-03-1.927072747E-03-4.328970399E-04 1.036414045E-03 2.448863459E-03
 7.643412670E-04 2.912764645E-04-2.000073690E-04-7.112613917E-04-1.244097342E-03
-1.799913908E-03-2.379879055E-03-2.984912131E-03-3.615663072E-03-4.272493881E-03
-4.955458021E-03-5.664286019E-03-6.398367346E-03-7.156733371E-03-7.938042064E-03
-8.740564773E-03-9.562170806E-03-1.040031066E-02-1.125200101E-02-1.211380811E-02
-1.298184445E-02-1.385178766E-02-1.471886693E-02-1.557789249E-02-1.642330874E-02
-1.724918456E-02-1.804924560E-02-1.881731761E-02-1.954730168E-02-2.023325782E-02
-2.086920108E-02-2.145111569E-02-2.197651146E-02-2.244223846E-02-2.284500081E-02
-2.318106910E-02-2.344649889E-02-2.363743737E-02-2.374963252E-02-2.377856275E-02
-2.372035348E-02-2.357132939E-02-2.332745788E-02-2.298528022E-02-2.254145370E-02
-2.199201887E-02-2.133520108E-02-2.056839927E-02-1.969019029E-02-1.870472089E-02
-1.761963131E-02-1.644505409E-02-1.519317986E-02-1.387729673E-02-1.251066876E-02
-1.110536077E-02-9.671290857E-03-8.215637709E-03-6.742797964E-03-5.255044133E-03
-3.754053916E-03-2.243526252E-03-7.331398040E-04 7.562599560E-04 2.193091906E-03
 6.821854095E-04 2.064679610E-04-2.877459440E-04-8.022970144E-04-1.338850259E-03
-1.898830785E-03-2.483420468E-03-3.093547720E-03-3.729869438E-03-4.392752173E-03
-5.082253066E-03-5.798100379E-03-6.539677751E-03-7.306005854E-03-8.095728822E-03
-8.907096189E-03-9.737948085E-03-1.058569962E-02-1.144732163E-02-1.231932044E-02
-1.319772844E-02-1.407810437E-02-1.495554171E-02-1.582469968E-02-1.667985706E-02
-1.751501666E-02-1.832395944E-02-1.910036557E-02-1.983784500E-02-2.052993871E-02
-2.117149280E-02-2.175958653E-02-2.229149296E-02-2.276397620E-02-2.317387309E-02
-2.351733360E-02-2.379031597E-02-2.398879305E-02-2.410795062E-02-2.414379661E-02
-2.409207939E-02-2.394892541E-02-2.371088249E-02-2.337429941E-02-2.293537916E-02
-2.239187235E-02-2.173979940E-02-2.097664970E-02-2.010107848E-02-1.911529600E-02
-1.802661095E-02-1.684515794E-02-1.558331163E-02-1.425481335E-02-1.287361270E-02
-1.145261344E-02-1.000257807E-02-8.531421410E-03-7.044070401E-03-5.543024716E-03
-4.029787942E-03-2.507367185E-03-9.840900461E-04 5.211585462E-04 1.977527519E-03
 6.151576233E-04 1.375726087E-04-3.587736973E-04-8.757651181E-04-1.415090462E-03
-1.978191375E-03-2.566262424E-03-3.180240163E-03-3.820788120E-03-4.488276462E-03
-5.182764362E-03-5.903979680E-03-6.651302047E-03-7.423745596E-03-8.219941579E-03
-9.038122960E-03-9.876104304E-03-1.073126551E-02-1.160053051E-02-1.248035243E-02
-1.336670079E-02-1.425505949E-02-1.514043997E-02-1.601741512E-02-1.688016474E-02
-1.772254535E-02-1.853818959E-02-1.932061028E-02-2.006336040E-02-2.076004888E-02
-2.140623510E-02-2.199920467E-02-2.253616084E-02-2.301424035E-02-2.342988715E-02
-2.377932065E-02-2.405846354E-02-2.426308230E-02-2.438834849E-02-2.442978354E-02
-2.438310442E-02-2.424441021E-02-2.401049412E-02-2.367786891E-02-2.324365247E-02
-2.270376832E-02-2.205529120E-02-2.129559324E-02-2.042285897E-02-1.943783911E-02
-1.834708028E-02-1.716072691E-02-1.589137521E-02-1.455318102E-02-1.316065932E-02
-1.172737233E-02-1.026476078E-02-8.781350855E-03-7.282522140E-03-5.770997256E-03
-4.248191196E-03-2.716617719E-03-1.183605821E-03 3.335225655E-04 1.804745442E-03
 5.634256142E-04 8.475206821E-05-4.128999166E-04-9.314301965E-04-1.472536524E-03
-2.037670490E-03-2.628035842E-03-3.244575869E-03-3.887958728E-03-4.558558007E-03
-5.256433688E-03-5.981313725E-03-6.732574449E-03-7.509224987E-03-8.309887798E-03
-9.132782745E-03-9.975707163E-03-1.083601633E-02-1.171060460E-02-1.259588568E-02
-1.348778321E-02-1.438172559E-02-1.527266053E-02-1.615508447E-02-1.702309648E-02
-1.787047464E-02-1.869077248E-02-1.947742035E-02-2.022387767E-02-2.092376671E-02
-2.157318276E-02-2.216968556E-02-2.271050940E-02-2.319268904E-02-2.361269278E-02
-2.396661954E-02-2.425057310E-02-2.445996936E-02-2.458975663E-02-2.463528581E-02
-2.459220094E-02-2.445680204E-02-2.422568938E-02-2.389603528E-02-2.346444220E-02
-2.292748213E-02-2.228191610E-02-2.152485902E-02-2.065431656E-02-1.967022631E-02
-1.857833609E-02-1.738881950E-02-1.611440541E-02-1.476951906E-02-1.336906535E-02
-1.192708024E-02-1.045550316E-02-8.963318506E-03-7.456261133E-03-5.937244725E-03
-4.407652432E-03-2.869675433E-03-1.329949521E-03 1.953234569E-04 1.676869967E-03
 5.270739924E-04 4.808447194E-05-4.500239316E-04-9.691573861E-04-1.511016800E-03
-2.077059055E-03-2.668492757E-03-3.286265313E-03-3.931047364E-03-4.603214813E-03
-5.302828536E-03-6.029617044E-03-6.782956147E-03-7.561852820E-03-8.364926431E-03
-9.190390442E-03-1.003603401E-02-1.089919946E-02-1.177676438E-02-1.266512074E-02
-1.356016424E-02-1.445729096E-02-1.535140931E-02-1.623697325E-02-1.710803398E-02
-1.795831898E-02-1.878132937E-02-1.957043891E-02-2.031902869E-02-2.102083751E-02
-2.167228914E-02-2.227105555E-02-2.281434146E-02-2.329910013E-02-2.372184964E-02
-2.407876361E-02-2.436588043E-02-2.457830304E-02-2.471108957E-02-2.475931343E-02
-2.471850475E-02-2.458500201E-02-2.435570101E-02-2.402767957E-02-2.359792301E-02
-2.306278522E-02-2.241897618E-02-2.166358036E-02-2.079451516E-02-1.981131872E-02
-1.871909086E-02-1.752797969E-02-1.625077980E-02-1.490207487E-02-1.349700903E-02
-1.204991251E-02-1.057303954E-02-9.075665882E-03-7.563757982E-03-6.040360631E-03
-4.506852302E-03-2.965241409E-03-1.421749814E-03 1.081039714E-04 1.595568654E-03
 5.061355900E-04 2.760942459E-05-4.700892336E-04-9.888704983E-04-1.530435580E-03
-2.096242035E-03-2.687498796E-03-3.305153780E-03-3.949877849E-03-4.622047650E-03
-5.321724966E-03-6.048639540E-03-6.802168976E-03-7.581321762E-03-8.384719255E-03
-9.210576050E-03-1.005668214E-02-1.092037957E-02-1.179854405E-02-1.268756454E-02
-1.358333099E-02-1.448123237E-02-1.537616706E-02-1.626257712E-02-1.713449972E-02
-1.798564619E-02-1.880950029E-02-1.959941628E-02-2.034874571E-02-2.105127457E-02
-2.170352173E-02-2.230317863E-02-2.284744486E-02-2.333325971E-02-2.375713259E-02
-2.411526872E-02-2.440367479E-02-2.461736723E-02-2.475141885E-02-2.480081404E-02
-2.476096043E-02-2.462830207E-02-2.439983384E-02-2.407255960E-02-2.364360095E-02
-2.310930119E-02-2.246632367E-02-2.171172921E-02-2.084339625E-02-1.986074680E-02
-1.876863924E-02-1.757720659E-02-1.629926844E-02-1.494946589E-02-1.354302997E-02
-1.209439866E-02-1.061594254E-02-9.117047088E-03-7.603767964E-03-6.079203801E-03
-4.544737122E-03-3.002313075E-03-1.457999884E-03 7.294778804E-05 1.561997363E-03
 5.006080730E-04 2.333641857E-05-4.730766185E-04-9.905418417E-04-1.530757125E-03
-2.095175551E-03-2.685001794E-03-3.301180458E-03-3.944380249E-03-4.614977070E-03
-5.313033462E-03-6.038281515E-03-6.790102853E-03-7.567511622E-03-8.369136514E-03
-9.193201093E-03-1.003750596E-02-1.089940538E-02-1.177578891E-02-1.266306085E-02
-1.355712804E-02-1.445339747E-02-1.534678655E-02-1.623175691E-02-1.710236525E-02
-1.795234221E-02-1.877518969E-02-1.956427916E-02-2.031298864E-02-2.101503888E-02
-2.166682369E-02-2.226600144E-02-2.280976933E-02-2.329507207E-02-2.371841527E-02
-2.407595096E-02-2.436373613E-02-2.457684691E-02-2.471033444E-02-2.475927864E-02
-2.471917124E-02-2.458636945E-02-2.435776456E-02-2.403040182E-02-2.360128554E-02
-2.306678263E-02-2.242360717E-02-2.166884399E-02-2.080041084E-02-1.981783686E-02
-1.872619686E-02-1.753564027E-02-1.625896812E-02-1.491077600E-02-1.350622610E-02
-1.205967254E-02-1.058339817E-02-9.086709562E-03-7.575603153E-03-6.053147654E-03
-4.520732223E-03-2.980351559E-03-1.438172557E-03 9.040087843E-05 1.576723897E-03
 5.104635679E-04 3.524550909E-05-4.590025154E-04-9.741867451E-04-1.511997012E-03
-2.073876277E-03-2.661020131E-03-3.274365852E-03-3.914577457E-03-4.582028523E-03
-5.276782089E-03-5.998573657E-03-6.746791003E-03-7.520457986E-03-8.318215849E-03
-9.138304771E-03-9.978545467E-03-1.083631668E-02-1.170853730E-02-1.259164516E-02
-1.348158643E-02-1.437381118E-02-1.526328507E-02-1.614452067E-02-1.701162814E-02
-1.785839293E-02-1.867837047E-02-1.946498798E-02-2.021169672E-02-2.091208500E-02
-2.156217825E-02-2.215950267E-02-2.270130708E-02-2.318459944E-02-2.360576323E-02
-2.396099084E-02-2.424627209E-02-2.445704902E-02-2.458825980E-02-2.463524533E-02
-2.459354385E-02-2.445953802E-02-2.422980046E-02-2.390148402E-02-2.347122081E-02
-2.293556388E-02-2.229124714E-02-2.153540870E-02-2.066607173E-02-1.968315609E-02
-1.859237485E-02-1.740391202E-02-1.613050954E-02-1.478661533E-02-1.338716938E-02
-1.194625423E-02-1.047586538E-02-8.985047333E-03-7.479593582E-03-5.962464267E-03
-4.435062341E-03-2.899549124E-03-1.362446420E-03 1.602787214E-04 1.639557736E-03
 5.356464777E-04 6.328681053E-05-4.279262259E-04-9.398793681E-04-1.474245122E-03
-2.032449629E-03-2.615674502E-03-3.224846020E-03-3.860621287E-03-4.523370038E-03
-5.213155852E-03-5.929718562E-03-6.672454588E-03-7.440401512E-03-8.232218524E-03
-9.046170369E-03-9.880107216E-03-1.073144503E-02-1.159714635E-02-1.247370058E-02
-1.335711377E-02-1.424290226E-02-1.512610571E-02-1.600131123E-02-1.686270989E-02
-1.770416724E-02-1.851931631E-02-1.930166486E-02-2.004478682E-02-2.074226976E-02
-2.138953472E-02-2.198373708E-02-2.252218519E-02-2.300198156E-02-2.341942283E-02
-2.377080168E-02-2.405198374E-02-2.425868062E-02-2.438611793E-02-2.442975865E-02
-2.438517804E-02-2.424855412E-02-2.401667168E-02-2.368621125E-02-2.325376872E-02
-2.271583937E-02-2.206926102E-02-2.131145709E-02-2.044056658E-02-1.945728307E-02
-1.836812678E-02-1.718326890E-02-1.591533475E-02-1.457852457E-02-1.318741601E-02
-1.175564839E-02-1.029474984E-02-8.813338061E-03-7.316877153E-03-5.808156333E-03
-4.288616028E-03-2.760718396E-03-1.231612112E-03 2.817485092E-04 1.749627662E-03
 5.760620554E-04 1.073749189E-04-3.799479239E-04-8.877452056E-04-1.417655518E-03
-1.971079991E-03-2.549181298E-03-3.152871991E-03-3.782800473E-03-4.439331596E-03
-5.122529709E-03-5.832139260E-03-6.567567738E-03-7.327868817E-03-8.111724540E-03
-8.917429758E-03-9.742871350E-03-1.058551019E-02-1.144236197E-02-1.230998151E-02
-1.318444764E-02-1.406136086E-02-1.493585157E-02-1.580260897E-02-1.665596275E-02
-1.748993749E-02-1.829829937E-02-1.907468348E-02-1.981261006E-02-2.050568817E-02
-2.114874696E-02-2.173866734E-02-2.227256659E-02-2.274739270E-02-2.315976528E-02
-2.350587832E-02-2.378165128E-02-2.398282883E-02-2.410498439E-02-2.414381899E-02
-2.409485757E-02-2.395451188E-02-2.371921364E-02-2.338526584E-02-2.294925606E-02
-2.240796435E-02-2.175833016E-02-2.099765166E-02-2.012446507E-02-1.914097015E-02
-1.805441978E-02-1.687492900E-02-1.561491357E-02-1.428818557E-02-1.290878712E-02
-1.148972916E-02-1.004189171E-02-8.573312997E-03-7.089037615E-03-5.591654937E-03
-4.082699664E-03-2.565102315E-03-1.046935443E-03 4.534223499E-04 1.905453902E-03
 6.315923220E-04 1.673665011E-04-3.152521916E-04-8.180146631E-04-1.342504308E-03
-1.890089017E-03-2.461908470E-03-3.058859864E-03-3.681580630E-03-4.330430072E-03
-5.005471964E-03-5.706454264E-03-6.432795574E-03-7.183566187E-03-7.957473803E-03
-8.752844784E-03-9.567608726E-03-1.039927873E-02-1.124493405E-02-1.210120528E-02
-1.296428725E-02-1.382992251E-02-1.469337848E-02-1.554948889E-02-1.639268932E-02
-1.721700421E-02-1.801623107E-02-1.878426296E-02-1.951499417E-02-2.020230931E-02
-2.084005807E-02-2.142436548E-02-2.195242523E-02-2.242113440E-02-2.282711129E-02
-2.316657588E-02-2.343562268E-02-2.363022943E-02-2.374594614E-02-2.377868231E-02
-2.372406447E-02-2.357848121E-02-2.333802875E-02-2.299919799E-02-2.255849460E-02
-2.201258801E-02-2.135864122E-02-2.059444761E-02-1.971911278E-02-1.873632331E-02
-1.765368582E-02-1.648143916E-02-1.523179652E-02-1.391808347E-02-1.255365074E-02
-1.115070253E-02-9.719311935E-03-8.266817579E-03-6.797761048E-03-5.314520437E-03
-3.818801425E-03-2.314193058E-03-8.100298413E-04 6.734716862E-04 2.105060297E-03
 7.022588480E-04 2.431291631E-04-2.340669887E-04-7.309788600E-04-1.249132302E-03
-1.789861828E-03-2.354284579E-03-2.943281433E-03-3.557476992E-03-4.197223362E-03
-4.862580880E-03-5.553302833E-03-6.268817431E-03-7.008213359E-03-7.770223118E-03
-8.553211003E-03-9.355173545E-03-1.017371310E-02-1.100600104E-02-1.184877130E-02
-1.269831203E-02-1.355044720E-02-1.440048806E-02-1.524331356E-02-1.607358124E-02
-1.688569203E-02-1.767378806E-02-1.843171134E-02-1.915316621E-02-1.983221982E-02
-2.046318547E-02-2.104087786E-02-2.156192846E-02-2.202334140E-02-2.242162674E-02
-2.275347074E-02-2.301475556E-02-2.320129594E-02-2.330931774E-02-2.333472000E-02
-2.327306361E-02-2.312086613E-02-2.287360385E-02-2.252868779E-02-2.208199333E-02
-2.153051233E-02-2.087139578E-02-2.010281911E-02-1.922586065E-02-1.824543900E-02
-1.716895481E-02-1.600645629E-02-1.476987942E-02-1.347207166E-02-1.212563776E-02
-1.074186970E-02-9.329932046E-03-7.896372542E-03-6.445187440E-03-4.978573918E-03
-3.498538129E-03-2.009576553E-03-5.226620135E-04 9.398192192E-04 2.346141841E-03
 7.882448705E-04 3.346036269E-04-1.365974478E-04-6.269262453E-04-1.137881768E-03
-1.670784855E-03-2.226740380E-03-2.806614680E-03-3.411020216E-03-4.040298631E-03
-4.694505976E-03-5.373399313E-03-6.076432512E-03-6.802734391E-03-7.551081860E-03
-8.319890212E-03-9.107200975E-03-9.910666350E-03-1.072751851E-02-1.155452030E-02
-1.238798753E-02-1.322390430E-02-1.405789735E-02-1.488517913E-02-1.570058261E-02
-1.649844284E-02-1.727283267E-02-1.801785512E-02-1.872772210E-02-1.939648613E-02
-2.001843795E-02-2.058812180E-02-2.110114861E-02-2.155398585E-02-2.194388153E-02
-2.226638244E-02-2.251878587E-02-2.269643214E-02-2.279544642E-02-2.281226622E-02
-2.274213193E-02-2.258174507E-02-2.232678862E-02-2.197430677E-02-2.152054970E-02
-2.096244583E-02-2.029759848E-02-1.952518412E-02-1.864799494E-02-1.767149029E-02
-1.660348637E-02-1.545369853E-02-1.423340091E-02-1.295466863E-02-1.162922118E-02
-1.026743201E-02-8.877543101E-03-7.465296057E-03-6.034178586E-03-4.586309522E-03
-3.124176229E-03-1.653467789E-03-1.872210883E-04 1.249848899E-03 2.625947615E-03
 8.894530616E-04 4.415364290E-04-2.316733794E-05-5.062191362E-04-1.009149475E-03
-1.533296950E-03-2.079763172E-03-2.649405686E-03-3.242833722E-03-3.860393399E-03
-4.502147005E-03-5.167861189E-03-5.856995480E-03-6.568688556E-03-7.301744157E-03
-8.054602833E-03-8.825308897E-03-9.611514370E-03-1.041054272E-02-1.121937833E-02
-1.203460475E-02-1.285238197E-02-1.366844877E-02-1.447796829E-02-1.527578242E-02
-1.605653716E-02-1.681476675E-02-1.754474253E-02-1.824054188E-02-1.889644423E-02
-1.950681429E-02-2.006640337E-02-2.056988346E-02-2.101357882E-02-2.139320627E-02
-2.170632370E-02-2.194808421E-02-2.211578454E-02-2.220468545E-02-2.221167703E-02
-2.213170083E-02-2.196181364E-02-2.169836303E-02-2.133675707E-02-2.087509880E-02
-2.030963231E-02-1.963917535E-02-1.886477681E-02-1.798965613E-02-1.701951475E-02
-1.596233900E-02-1.482786816E-02-1.362687763E-02-1.237037275E-02-1.106893852E-02
-9.731831095E-03-8.366296964E-03-6.977358010E-03-5.568123257E-03-4.140791411E-03
-2.698583310E-03-1.248763849E-03 1.930791385E-04 1.600120959E-03 2.940910471E-03
 1.004992819E-03 5.632688595E-04 1.056955931E-04-3.693354025E-04-8.634194212E-04
-1.377940164E-03-1.914009037E-03-2.472473347E-03-3.053921631E-03-3.658678717E-03
-4.286796412E-03-4.938040377E-03-5.611863974E-03-6.307386183E-03-7.023388017E-03
-7.758346864E-03-8.510443449E-03-9.277514233E-03-1.005702027E-02-1.084603929E-02
-1.164123318E-02-1.243870653E-02-1.323424374E-02-1.402332656E-02-1.480116990E-02
-1.556268786E-02-1.630237817E-02-1.701461301E-02-1.769378883E-02-1.833420862E-02
-1.893043485E-02-1.947690037E-02-1.996896232E-02-2.040168614E-02-2.077044260E-02
-2.107257562E-02-2.130323804E-02-2.145959358E-02-2.153731634E-02-2.153329565E-02
-2.144227414E-02-2.126201109E-02-2.098886133E-02-2.061726841E-02-2.014679822E-02
-1.957455155E-02-1.890032880E-02-1.812616219E-02-1.725577806E-02-1.629499079E-02
-1.525167362E-02-1.413528338E-02-1.295608537E-02-1.172434633E-02-1.044943991E-02
-9.139323751E-03-7.800193882E-03-6.436323269E-03-5.050525536E-03-3.645335008E-03
-2.225071412E-03-7.990227620E-04 6.142272608E-04 1.986402245E-03 3.286650155E-03
 1.133456023E-03 6.988351992E-04 2.492687400E-04-2.169419265E-04-7.014162608E-04
-1.205535303E-03-1.730382447E-03-2.276773666E-03-2.845268303E-03-3.436157334E-03
-4.049451861E-03-4.684875913E-03-5.341879827E-03-6.019653931E-03-6.717090067E-03
-7.432762439E-03-8.164905583E-03-8.911416191E-03-9.669793321E-03-1.043704569E-02
-1.120989304E-02-1.198472412E-02-1.275759463E-02-1.352427370E-02-1.428003614E-02
-1.501981796E-02-1.573841786E-02-1.643045677E-02-1.709037965E-02-1.771276043E-02
-1.829190060E-02-1.882275496E-02-1.930057924E-02-1.971914821E-02-2.007631924E-02
-2.036542036E-02-2.058423937E-02-2.072822326E-02-2.079382252E-02-2.077770181E-02
-2.067456879E-02-2.048321335E-02-2.019903844E-02-1.981792939E-02-1.933908026E-02
-1.876217524E-02-1.808673043E-02-1.731542022E-02-1.645259464E-02-1.550422098E-02
-1.447791315E-02-1.338257483E-02-1.222774288E-02-1.102276021E-02-9.776048685E-03
-8.494496263E-03-7.183198866E-03-5.845715493E-03-4.484726166E-03-3.103311817E-03
-1.707234451E-03-3.083303901E-04 1.071613851E-03 2.403802619E-03 3.658077939E-03
 1.273847867E-03 8.475413528E-04 4.069441905E-04-4.964215337E-05-5.237665356E-04
-1.016741511E-03-1.529579741E-03-2.063025286E-03-2.617571324E-03-3.193471588E-03
-3.790756945E-03-4.409203321E-03-5.048317387E-03-5.707312267E-03-6.385102547E-03
-7.080297253E-03-7.791128528E-03-8.515415770E-03-9.250716537E-03-9.994269049E-03
-1.074297239E-02-1.149346520E-02-1.224191499E-02-1.298408320E-02-1.371543895E-02
-1.443124155E-02-1.512644227E-02-1.579579822E-02-1.643404775E-02-1.703555532E-02
-1.759509698E-02-1.810807762E-02-1.856778309E-02-1.897086151E-02-1.931258658E-02
-1.958716805E-02-1.979226703E-02-1.992269079E-02-1.997523122E-02-1.994611115E-02
-1.983022604E-02-1.962763334E-02-1.933255836E-02-1.894387582E-02-1.845861255E-02
-1.787907904E-02-1.720531515E-02-1.643982200E-02-1.558749912E-02-1.465447343E-02
-1.364806115E-02-1.257648525E-02-1.144834554E-02-1.027195493E-02-9.054667238E-03
-7.802417456E-03-6.519598426E-03-5.209273455E-03-3.874130876E-03-2.518114660E-03
-1.148882011E-03 2.186626351E-04 1.560083107E-03 2.846880633E-03 4.049545873E-03
 1.426213947E-03 1.009277683E-03 5.784832964E-04 1.322216644E-04-3.308938614E-04
-8.120141296E-04-1.312044051E-03-1.831686057E-03-2.371431648E-03-2.931549820E-03
-3.512068016E-03-4.112755738E-03-4.733118850E-03-5.372384429E-03-6.029429645E-03
-6.702783500E-03-7.390734725E-03-8.091273046E-03-8.802065215E-03-9.520536662E-03
-1.024371552E-02-1.096822275E-02-1.169032346E-02-1.240603211E-02-1.311107394E-02
-1.380080323E-02-1.447040105E-02-1.511488884E-02-1.572885647E-02-1.630709822E-02
-1.684514260E-02-1.733656891E-02-1.777631566E-02-1.816159406E-02-1.848478605E-02
-1.874318613E-02-1.893232150E-02-1.904760434E-02-1.908610053E-02-1.904342676E-02
-1.891487325E-02-1.870170603E-02-1.839699455E-02-1.800243749E-02-1.751336594E-02
-1.693342496E-02-1.626408559E-02-1.550753591E-02-1.466865339E-02-1.375368760E-02
-1.276962277E-02-1.172395914E-02-1.062429682E-02-9.477818006E-03-8.290802467E-03
-7.068285187E-03-5.814040592E-03-4.531063950E-03-3.222538671E-03-1.893662959E-03
-5.544518987E-04 7.767212291E-04 2.074046104E-03 3.309701513E-03 4.454843859E-03
 1.591210494E-03 1.184316032E-03 7.638695102E-04 3.284741552E-04-1.230638433E-04
-5.917512788E-04-1.078420897E-03-1.583727602E-03-2.108128155E-03-2.651864876E-03
-3.214950354E-03-3.797146167E-03-4.397894885E-03-5.016346892E-03-5.651427826E-03
-6.301784417E-03-6.965766198E-03-7.641482303E-03-8.326727919E-03-9.018909263E-03
-9.715089496E-03-1.041203427E-02-1.110625112E-02-1.179392281E-02-1.247084991E-02
-1.313268233E-02-1.377480499E-02-1.439214931E-02-1.497968632E-02-1.553310021E-02
-1.604659282E-02-1.651399610E-02-1.693271076E-02-1.729671130E-02-1.759986059E-02
-1.784009954E-02-1.801166539E-02-1.811059583E-02-1.813432125E-02-1.807784356E-02
-1.793696081E-02-1.771398338E-02-1.740132594E-02-1.700225396E-02-1.651238508E-02
-1.593445396E-02-1.527196361E-02-1.452725966E-02-1.370458711E-02-1.281004421E-02
-1.185025081E-02-1.083198233E-02-9.761850364E-03-8.645939408E-03-7.489481740E-03
-6.296713345E-03-5.071012321E-03-3.815506124E-03-2.534326314E-03-1.234617181E-03
 7.056322070E-05 1.359777146E-03 2.607238883E-03 3.785815254E-03 4.867311552E-03
 1.769507011E-03 1.372906006E-03 9.630698288E-04 5.388011162E-04 9.910493822E-05
-3.568536223E-04-8.297992226E-04-1.320333793E-03-1.828892232E-03-2.355692814E-03
-2.900675231E-03-3.463530992E-03-4.043740775E-03-4.640529093E-03-5.252847910E-03
-5.879406202E-03-6.518666072E-03-7.168727082E-03-7.827374118E-03-8.492081639E-03
-9.160077583E-03-9.828306447E-03-1.049338181E-02-1.115156777E-02-1.179897732E-02
-1.243140087E-02-1.304417873E-02-1.363257174E-02-1.419248044E-02-1.471879494E-02
-1.520504015E-02-1.564770578E-02-1.604303287E-02-1.638330903E-02-1.666541313E-02
-1.688560960E-02-1.703848351E-02-1.712022752E-02-1.712875878E-02-1.705852981E-02
-1.690591607E-02-1.667403777E-02-1.635539368E-02-1.595315886E-02-1.546518557E-02
-1.489188323E-02-1.423849383E-02-1.350792073E-02-1.270379797E-02-1.183155075E-02
-1.089735463E-02-9.907261025E-03-8.866966706E-03-7.781556883E-03-6.655358743E-03
-5.491969815E-03-4.294610278E-03-3.066919884E-03-1.814410512E-03-5.467203674E-04
 7.194343963E-04 1.960929205E-03 3.152599707E-03 4.268028493E-03 5.279657688E-03
 1.961728370E-03 1.575280550E-03 1.175922380E-03 7.626817754E-04 3.348338584E-04
-1.082390525E-04-5.671665346E-04-1.042536816E-03-1.534735622E-03-2.043937653E-03
-2.570118587E-03-3.113015050E-03-3.672112105E-03-4.246654597E-03-4.835679895E-03
-5.437899583E-03-6.051733250E-03-6.675308927E-03-7.306491280E-03-7.942905914E-03
-8.581891228E-03-9.220455948E-03-9.855317728E-03-1.048302501E-02-1.109978166E-02
-1.170136264E-02-1.228338568E-02-1.284202082E-02-1.337276990E-02-1.386944985E-02
-1.432758238E-02-1.474455693E-02-1.511385641E-02-1.542946605E-02-1.568938169E-02
-1.588825880E-02-1.602166847E-02-1.608577967E-02-1.607900050E-02-1.599535498E-02
-1.583182280E-02-1.559209961E-02-1.526932733E-02-1.486552854E-02-1.438149288E-02
-1.381548484E-02-1.317315793E-02-1.245833447E-02-1.167438308E-02-1.082570607E-02
-9.917761872E-03-8.955938903E-03-7.945100000E-03-6.889496012E-03-5.792753592E-03
-4.658098620E-03-3.488909977E-03-2.289764457E-03-1.068115095E-03 1.632338997E-04
 1.384476537E-03 2.572360970E-03 3.702276928E-03 4.748424403E-03 5.683879743E-03
 2.168764249E-03 1.791651915E-03 1.402030095E-03 9.993749438E-04 5.832429762E-04
 1.531626333E-04-2.914195279E-04-7.511134784E-04-1.226404200E-03-1.717533187E-03
-2.224483906E-03-2.746992051E-03-3.284597199E-03-3.836554746E-03-4.401842506E-03
-4.979172167E-03-5.566988444E-03-6.163511955E-03-6.766712217E-03-7.374283596E-03
-7.983595084E-03-8.591789687E-03-9.195814476E-03-9.792272579E-03-1.037736952E-02
-1.094710858E-02-1.149795291E-02-1.202591883E-02-1.252547785E-02-1.299158949E-02
-1.342159257E-02-1.381105346E-02-1.415276108E-02-1.444339083E-02-1.468001766E-02
-1.485691138E-02-1.497042566E-02-1.501685852E-02-1.499493728E-02-1.489844474E-02
-1.472495324E-02-1.447853364E-02-1.415327110E-02-1.374957062E-02-1.327089440E-02
-1.271451411E-02-1.208483168E-02-1.138684110E-02-1.062377457E-02-9.799181327E-03
-8.917502236E-03-7.983401161E-03-7.001063252E-03-5.974103143E-03-4.905719112E-03
-3.799102164E-03-2.658215833E-03-1.489089368E-03-3.017589025E-04 8.874726186E-04
 2.057510710E-03 3.185585299E-03 4.247620405E-03 5.218321922E-03 6.071299444E-03
 2.389801970E-03 2.020507798E-03 1.639744493E-03 1.247322420E-03 8.429791322E-04
 4.263001431E-04-3.409752604E-06-4.469561831E-04-9.049403479E-04-1.377631472E-03
-1.865046899E-03-2.366937301E-03-2.882776014E-03-3.411789690E-03-3.952954308E-03
-4.505013943E-03-5.066496702E-03-5.635679600E-03-6.210575953E-03-6.788890632E-03
-7.368150059E-03-7.945663630E-03-8.518407998E-03-9.082997355E-03-9.635822154E-03
-1.017364004E-02-1.069291184E-02-1.118888056E-02-1.165634838E-02-1.209212893E-02
-1.249335109E-02-1.285371281E-02-1.316761848E-02-1.343303886E-02-1.364562725E-02
-1.380037923E-02-1.389391849E-02-1.392295727E-02-1.388629952E-02-1.377769495E-02
-1.359526454E-02-1.334328129E-02-1.301689128E-02-1.261487911E-02-1.214245888E-02
-1.159723638E-02-1.098144728E-02-1.030077812E-02-9.558526769E-03-8.757706777E-03
-7.901651005E-03-6.994205782E-03-6.039014250E-03-5.039295492E-03-3.998160503E-03
-2.919182315E-03-1.807423799E-03-6.709870499E-04 4.768740507E-04 1.617482146E-03
 2.729893052E-03 3.791770938E-03 4.779529924E-03 5.668413055E-03 6.432541469E-03
 2.620724751E-03 2.258023593E-03 1.885656299E-03 1.503814007E-03 1.112187875E-03
 7.098768193E-04 2.957742929E-04-1.310993193E-04-5.714053559E-04-1.025433871E-03
-1.493122015E-03-1.974148195E-03-2.467959120E-03-2.973773166E-03-3.490608499E-03
-4.017261312E-03-4.552287341E-03-5.093984528E-03-5.640375490E-03-6.189324262E-03
-6.738469692E-03-7.285132375E-03-7.826305090E-03-8.358750120E-03-8.879509073E-03
-9.385436553E-03-9.872502522E-03-1.033566287E-02-1.077132342E-02-1.117722421E-02
-1.154870361E-02-1.187933859E-02-1.216584254E-02-1.240587044E-02-1.259426190E-02
-1.272704381E-02-1.280086570E-02-1.281302387E-02-1.276220559E-02-1.264230739E-02
-1.245192895E-02-1.219539986E-02-1.186891725E-02-1.146995641E-02-1.100426854E-02
-1.047081380E-02-9.869703106E-03-9.206231355E-03-8.484144123E-03-7.706003967E-03
-6.874349899E-03-5.992141507E-03-5.062558287E-03-4.088745019E-03-3.074093686E-03
-2.023076577E-03-9.424619575E-04 1.568787547E-04 1.258786001E-03 2.344179185E-03
 3.392449726E-03 4.381661766E-03 5.288659106E-03 6.089158730E-03 6.757810227E-03
 2.854101697E-03 2.498114744E-03 2.135841055E-03 1.766734672E-03 1.389583886E-03
 1.002903636E-03 6.052696711E-04 1.955400395E-04-2.268732808E-04-6.620537668E-04
-1.109818925E-03-1.569792908E-03-2.041415677E-03-2.523944667E-03-3.016420161E-03
-3.517653102E-03-4.026198279E-03-4.540377062E-03-5.058350762E-03-5.578056905E-03
-6.097130297E-03-6.612910011E-03-7.122506663E-03-7.623230483E-03-8.112292869E-03
-8.586257395E-03-9.040496435E-03-9.471233237E-03-9.876081509E-03-1.025191855E-02
-1.059304779E-02-1.089445147E-02-1.115411651E-02-1.136873439E-02-1.153326062E-02
-1.164451450E-02-1.169913833E-02-1.169508471E-02-1.163077576E-02-1.150040172E-02
-1.130295456E-02-1.104270143E-02-1.071679514E-02-1.032178150E-02-9.862985346E-03
-9.341108945E-03-8.754810384E-03-8.107993911E-03-7.404928526E-03-6.647888948E-03
-5.838968282E-03-4.980395027E-03-4.075024675E-03-3.126187795E-03-2.138054744E-03
-1.116555418E-03-7.086366475E-05 9.851623256E-04 2.034392445E-03 3.057969480E-03
 4.035572694E-03 4.945603127E-03 5.765302306E-03 6.470818947E-03 7.037270031E-03
 3.083347543E-03 2.738243290E-03 2.389674331E-03 2.036014658E-03 1.675297095E-03
 1.305454424E-03 9.246995751E-04 5.321796657E-04 1.277193216E-04-2.885199969E-04
-7.162471656E-04-1.155077048E-03-1.604482903E-03-2.063739125E-03-2.531897004E-03
-3.007751755E-03-3.489902799E-03-3.976775770E-03-4.466578337E-03-4.957230909E-03
-5.446387139E-03-5.931479507E-03-6.410070109E-03-6.879693598E-03-7.337372419E-03
-7.779058270E-03-8.200921136E-03-8.600287012E-03-8.975024995E-03-9.320645752E-03
-9.631575367E-03-9.904736172E-03-1.013814564E-02-1.032765247E-02-1.046898795E-02
-1.055936234E-02-1.059548567E-02-1.057595795E-02-1.049885316E-02-1.035874518E-02
-1.015493215E-02-9.891525253E-03-9.566487296E-03-9.175806391E-03-8.723750916E-03
-8.212682079E-03-7.640625326E-03-7.009638880E-03-6.324100765E-03-5.586402599E-03
-4.798364588E-03-3.961943470E-03-3.079843498E-03-2.155927925E-03-1.195644748E-03
-2.070438568E-04 7.978523827E-04 1.803788925E-03 2.793684438E-03 3.748873967E-03
 4.649288766E-03 5.473625466E-03 6.199473821E-03 6.803382352E-03 7.260903050E-03
 3.309942228E-03 2.980770920E-03 2.649795869E-03 2.314329543E-03 1.971118619E-03
 1.617880040E-03 1.253573214E-03 8.779774408E-04 4.913181624E-04 9.399214250E-05
-3.136517157E-04-7.313042569E-04-1.158493174E-03-1.594515871E-03-2.038411797E-03
-2.489039716E-03-2.945065477E-03-3.404941110E-03-3.866845191E-03-4.328715139E-03
-4.788277910E-03-5.243330968E-03-5.691698514E-03-6.130770180E-03-6.557102398E-03
-6.966923964E-03-7.357433718E-03-7.726755841E-03-8.071660366E-03-8.387177055E-03
-8.668905042E-03-8.914906009E-03-9.122665539E-03-9.287714396E-03-9.406692199E-03
-9.476934219E-03-9.495373196E-03-9.461100738E-03-9.371856271E-03-9.222623048E-03
-9.012930621E-03-8.746665319E-03-8.422433657E-03-8.036012062E-03-7.590284443E-03
-7.088880196E-03-6.529885639E-03-5.913675758E-03-5.244106186E-03-4.524072178E-03
-3.755344452E-03-2.940047339E-03-2.081159562E-03-1.183478076E-03-2.542457916E-04
 6.958382270E-04 1.653168566E-03 2.602341001E-03 3.526328917E-03 4.406622477E-03
 5.223368705E-03 5.955520936E-03 6.580977203E-03 7.076655267E-03 7.418511451E-03
 3.540729046E-03 3.232755545E-03 2.922084130E-03 2.604426711E-03 2.277245167E-03
 1.939379885E-03 1.590628788E-03 1.231380758E-03 8.623658670E-04 4.840396750E-04
 9.658243198E-05-2.998166195E-04-7.047600150E-04-1.117569975E-03-1.537359375E-03
-1.963022607E-03-2.393235883E-03-2.826410616E-03-3.260737105E-03-3.694208212E-03
-4.124840034E-03-4.550714189E-03-4.969527919E-03-5.378385630E-03-5.773703125E-03
-6.152681957E-03-6.513299677E-03-6.853376784E-03-7.168837054E-03-7.454892664E-03
-7.708745822E-03-7.928653669E-03-8.111443958E-03-8.252934918E-03-8.350451261E-03
-8.401355930E-03-8.402942104E-03-8.354593901E-03-8.253770551E-03-8.095855363E-03
-7.880544334E-03-7.611453681E-03-7.287687590E-03-6.905066532E-03-6.465067231E-03
-5.971952124E-03-5.424498512E-03-4.821892537E-03-4.167042073E-03-3.463406700E-03
-2.713160357E-03-1.918936197E-03-1.084608787E-03-2.163759381E-04 6.762903346E-04
 1.581198420E-03 2.484327771E-03 3.370171406E-03 4.221768508E-03 5.020728152E-03
 5.747384236E-03 6.380918192E-03 6.899484242E-03 7.280324136E-03 7.499794191E-03
 3.787702941E-03 3.501196701E-03 3.207907722E-03 2.905121662E-03 2.591628404E-03
 2.267313453E-03 1.933026479E-03 1.590051818E-03 1.238996666E-03 8.799850716E-04
 5.129738299E-04 1.380037433E-04-2.446269200E-04-6.343176010E-04-1.030197427E-03
-1.431158874E-03-1.835828650E-03-2.242618001E-03-2.649752756E-03-3.055446501E-03
-3.458006232E-03-3.855400962E-03-4.245187610E-03-4.624106879E-03-4.989385231E-03
-5.338841926E-03-5.670856757E-03-5.982265460E-03-6.268792561E-03-6.526614148E-03
-6.753908639E-03-6.948688259E-03-7.107311251E-03-7.226259227E-03-7.303222258E-03
-7.335588894E-03-7.321089263E-03-7.259238557E-03-7.147274411E-03-6.980953489E-03
-6.760084308E-03-6.487990533E-03-6.164165840E-03-5.784632220E-03-5.349620793E-03
-4.863448536E-03-4.326015665E-03-3.735979857E-03-3.095209968E-03-2.407573105E-03
-1.676222161E-03-9.046792896E-04-9.826396835E-05 7.350159816E-04 1.584557790E-03
 2.437798037E-03 3.280377265E-03 4.096506516E-03 4.869310440E-03 5.580567224E-03
 6.210770072E-03 6.739305578E-03 7.144560949E-03 7.404029914E-03 7.494409221E-03
 4.054624962E-03 3.784185211E-03 3.503700957E-03 3.211972535E-03 2.909148279E-03
 2.597139118E-03 2.277754186E-03 1.951791711E-03 1.619371266E-03 1.280256479E-03
 9.340821034E-04 5.807065867E-04 2.203924967E-04-1.462650898E-04-5.184015746E-04
-8.948688115E-04-1.274271428E-03-1.655027148E-03-2.035511934E-03-2.414216659E-03
-2.789360859E-03-3.158862910E-03-3.519883817E-03-3.869687165E-03-4.206078364E-03
-4.527491353E-03-4.831676454E-03-5.115037511E-03-5.373468551E-03-5.604457619E-03
-5.806428851E-03-5.976951280E-03-6.112311693E-03-6.209713122E-03-6.266991358E-03
-6.281573511E-03-6.251660142E-03-6.176772721E-03-6.053988913E-03-5.879404525E-03
-5.652901029E-03-5.377509590E-03-5.053042095E-03-4.675816542E-03-4.245057567E-03
-3.764781640E-03-3.236247133E-03-2.658178002E-03-2.031761252E-03-1.361198484E-03
-6.510095852E-04 9.386826751E-05 8.665947590E-04 1.658510434E-03 2.458638998E-03
 3.254039437E-03 4.030022115E-03 4.770440837E-03 5.458205159E-03 6.075449786E-03
 6.602889060E-03 7.020094049E-03 7.305666515E-03 7.437333114E-03 7.392035837E-03
 4.335663288E-03 4.074718472E-03 3.801366792E-03 3.516741121E-03 3.224125395E-03
 2.925742298E-03 2.622614363E-03 2.314900119E-03 2.002179751E-03 1.683575074E-03
 1.358470983E-03 1.026763485E-03 6.887531084E-04 3.450378655E-04-3.512328855E-06
-3.557252310E-04-7.101827778E-04-1.065363949E-03-1.419865867E-03-1.772130119E-03
-2.120378641E-03-2.462237958E-03-2.795078287E-03-3.116776500E-03-3.425624584E-03
-3.720032273E-03-3.997039462E-03-4.252972532E-03-4.484516350E-03-4.689983131E-03
-4.867703776E-03-5.014805007E-03-5.127859306E-03-5.204628125E-03-5.243014679E-03
-5.240499009E-03-5.195746210E-03-5.108198877E-03-4.974840310E-03-4.792072756E-03
-4.559829414E-03-4.280872237E-03-3.955292717E-03-3.579767949E-03-3.152796169E-03
-2.677950735E-03-2.157885244E-03-1.592036131E-03-9.815914712E-04-3.312520749E-04
 3.529304812E-04 1.064704286E-03 1.797000101E-03 2.541201076E-03 3.286027460E-03
 4.017821543E-03 4.721520874E-03 5.380624123E-03 5.977647903E-03 6.494680674E-03
 6.913089011E-03 7.212671328E-03 7.372227823E-03 7.369703157E-03 7.182268926E-03
 4.619153244E-03 4.360029970E-03 4.090214491E-03 3.813969353E-03 3.533929206E-03
 3.251370774E-03 2.966532955E-03 2.678739292E-03 2.386466959E-03 2.088612857E-03
 1.784680162E-03 1.474655072E-03 1.158854883E-03 8.378627091E-04 5.126005099E-04
 1.842823984E-04-1.456581591E-04-4.757925920E-04-8.047007649E-04-1.130863442E-03
-1.452394183E-03-1.766923326E-03-2.072433512E-03-2.367124319E-03-2.649630868E-03
-2.917666487E-03-3.168089788E-03-3.397384459E-03-3.603313002E-03-3.784428465E-03
-3.938796795E-03-4.063289975E-03-4.154984531E-03-4.211954121E-03-4.232142383E-03
-4.213170017E-03-4.154081311E-03-4.054213586E-03-3.910528373E-03-3.719712349E-03
-3.481753400E-03-3.199192689E-03-2.872391820E-03-2.498428779E-03-2.075366048E-03
-1.606364520E-03-1.095343451E-03-5.432604514E-04 4.779274021E-05 6.723496149E-04
 1.323487212E-03 1.994904567E-03 2.679748504E-03 3.369655504E-03 4.053466554E-03
 4.716366902E-03 5.342556523E-03 5.915156074E-03 6.416279996E-03 6.827582342E-03
 7.130750783E-03 7.306447883E-03 7.333684989E-03 7.190611588E-03 6.854616729E-03
 4.887775929E-03 4.629270371E-03 4.366311554E-03 4.101961248E-03 3.837780439E-03
 3.574123284E-03 3.309829542E-03 3.042661831E-03 2.771015290E-03 2.493975626E-03
 2.211190770E-03 1.922673939E-03 1.628713971E-03 1.329975107E-03 1.027453677E-03
 7.224757394E-04 4.166060685E-04 1.112874605E-04-1.921143774E-04-4.921705462E-04
-7.870198274E-04-1.074835371E-03-1.353885837E-03-1.622710054E-03-1.879576387E-03
-2.121763144E-03-2.346113900E-03-2.549783522E-03-2.731236922E-03-2.889005733E-03
-3.020792582E-03-3.123490432E-03-3.194719996E-03-3.232666514E-03-3.235293437E-03
-3.200469402E-03-3.127533499E-03-3.015733924E-03-2.862096246E-03-2.663591210E-03
-2.420296655E-03-2.134607549E-03-1.807165841E-03-1.435458863E-03-1.017366362E-03
-5.557499912E-04-5.562898083E-05 4.795879607E-04 1.046266404E-03 1.638415752E-03
 2.248796556E-03 2.871993266E-03 3.501813194E-03 4.130360508E-03 4.746898018E-03
 5.336074428E-03 5.880066939E-03 6.361484405E-03 6.762030219E-03 7.062894756E-03
 7.245323587E-03 7.290895549E-03 7.179528785E-03 6.889570541E-03 6.398616129E-03
 5.133273576E-03 4.880535169E-03 4.629305778E-03 4.381462856E-03 4.137448523E-03
 3.895277882E-03 3.652006405E-03 3.405512268E-03 3.154440387E-03 2.898073662E-03
 2.636095478E-03 2.368491991E-03 2.095658679E-03 1.818357779E-03 1.537776348E-03
 1.255682274E-03 9.737102412E-04 6.932728176E-04 4.155756425E-04 1.418126207E-04
-1.266579284E-04-3.884302410E-04-6.419616533E-04-8.857308882E-04-1.117377677E-03
-1.334118821E-03-1.532986265E-03-1.712043476E-03-1.869995645E-03-2.005234801E-03
-2.115175482E-03-2.196945210E-03-2.248583361E-03-2.268280576E-03-2.253984019E-03
-2.203914291E-03-2.117680990E-03-1.994508131E-03-1.831595874E-03-1.626233990E-03
-1.378662955E-03-1.091221799E-03-7.648317923E-04-3.973221559E-04 1.349502112E-05
 4.650224390E-04 9.513419013E-04 1.466068342E-03 2.003395304E-03 2.556598790E-03
 3.118279782E-03 3.684407926E-03 4.250756192E-03 4.810086483E-03 5.352257466E-03
 5.862384287E-03 6.320109129E-03 6.706256967E-03 7.002101871E-03 7.188372042E-03
 7.245780088E-03 7.155578517E-03 6.899332040E-03 6.456163347E-03 5.803865070E-03
 5.355849161E-03 5.115330757E-03 4.882011374E-03 4.656236569E-03 4.434866718E-03
 4.214305102E-03 3.991898564E-03 3.765828944E-03 3.534985935E-03 3.298699783E-03
 3.056645875E-03 2.808938197E-03 2.556086598E-03 2.299097710E-03 2.039957681E-03
 1.780615294E-03 1.522688750E-03 1.267446528E-03 1.015635376E-03 7.680157781E-04
 5.254020525E-04 2.889598998E-04 6.015196882E-05-1.589597387E-04-3.657206880E-04
-5.573563778E-04-7.314810000E-04-8.867784405E-04-1.022017695E-03-1.135404558E-03
-1.224287227E-03-1.286152790E-03-1.319183754E-03-1.321488241E-03-1.290946702E-03
-1.226275246E-03-1.127424339E-03-9.937726234E-04-8.228403257E-04-6.123201780E-04
-3.627003783E-04-7.630927937E-05 2.457681861E-04 6.056846022E-04 1.006004061E-03
 1.444500345E-03 1.914319742E-03 2.405658496E-03 2.909307328E-03 3.417421588E-03
 3.922615473E-03 4.421920640E-03 4.915127383E-03 5.396286511E-03 5.855997565E-03
 6.280138128E-03 6.647742375E-03 6.935194971E-03 7.122849861E-03 7.190968308E-03
 7.119736945E-03 6.889797921E-03 6.482773612E-03 5.880070226E-03 5.060047669E-03
 5.559373592E-03 5.339053061E-03 5.130187162E-03 4.928347477E-03 4.729330037E-03
 4.529936652E-03 4.327864791E-03 4.121582856E-03 3.910050049E-03 3.692623538E-03
 3.469122655E-03 3.239786242E-03 3.005396808E-03 2.768134332E-03 2.530345645E-03
 2.293967028E-03 2.060518075E-03 1.830656094E-03 1.604617121E-03 1.382632102E-03
 1.165202794E-03 9.533609617E-04 7.487545546E-04 5.539125958E-04 3.716087558E-04
 2.045592906E-04 5.444152640E-05-7.770285817E-05-1.908033265E-04-2.830198950E-04
-3.519227066E-04-3.952689832E-04-4.109902107E-04-3.968961829E-04-3.507919663E-04
-2.721402249E-04-1.615156540E-04-1.887919439E-05 1.577337520E-04 3.701497984E-04
 6.177722473E-04 8.986365124E-04 1.212016264E-03 1.560522157E-03 1.947349462E-03
 2.370410445E-03 2.821629207E-03 3.287685660E-03 3.754321416E-03 4.211986808E-03
 4.653339385E-03 5.076004057E-03 5.484838414E-03 5.877473298E-03 6.245343380E-03
 6.575192880E-03 6.846950267E-03 7.032992727E-03 7.109666199E-03 7.056743459E-03
 6.853891480E-03 6.481157771E-03 5.919473749E-03 5.151087634E-03 4.156955391E-03
 5.752238515E-03 5.558983364E-03 5.375449550E-03 5.196827673E-03 5.019361676E-03
 4.840244359E-03 4.657496416E-03 4.469694905E-03 4.275871892E-03 4.075539250E-03
 3.868646885E-03 3.655711933E-03 3.439054246E-03 3.221472698E-03 3.005300007E-03
 2.792412943E-03 2.583725986E-03 2.379154435E-03 2.178483004E-03 1.981579909E-03
 1.788697003E-03 1.600741999E-03 1.419713218E-03 1.248294488E-03 1.089604745E-03
 9.462269331E-04 8.194917440E-04 7.101618287E-04 6.187405575E-04 5.466962897E-04
 4.959449139E-04 4.690344688E-04 4.688333172E-04 4.983530415E-04 5.596377000E-04
 6.519591232E-04 7.733455251E-04 9.224541974E-04 1.100732910E-03 1.309885201E-03
 1.549995166E-03 1.820121350E-03 2.120246324E-03 2.453641625E-03 2.824279169E-03
 3.229985160E-03 3.661116697E-03 4.100960374E-03 4.528641257E-03 4.931642222E-03
 5.302586849E-03 5.639679693E-03 5.951486259E-03 6.243550375E-03 6.508643747E-03
 6.734444649E-03 6.901959619E-03 6.983234476E-03 6.946893917E-03 6.770765511E-03
 6.434008148E-03 5.916086347E-03 5.197267032E-03 4.259085035E-03 3.084503187E-03
 5.942298756E-03 5.775885941E-03 5.616523326E-03 5.459885091E-03 5.302640172E-03
 5.142338394E-03 4.977170514E-03 4.805837004E-03 4.627530331E-03 4.441894824E-03
 4.249146140E-03 4.051668969E-03 3.852743946E-03 3.655153400E-03 3.461188903E-03
 3.272263897E-03 3.088278146E-03 2.908761126E-03 2.733124788E-03 2.560887391E-03
 2.391826016E-03 2.226850178E-03 2.068064012E-03 1.918557347E-03 1.782222002E-03
 1.661563480E-03 1.557991202E-03 1.471237242E-03 1.400721508E-03 1.346880006E-03
 1.311215556E-03 1.297765152E-03 1.311004148E-03 1.355549073E-03 1.432445500E-03
 1.538677244E-03 1.669499224E-03 1.821348488E-03 1.995676736E-03 2.194909350E-03
 2.420970650E-03 2.674620663E-03 2.956738367E-03 3.271327789E-03 3.623214018E-03
 4.010008932E-03 4.420148786E-03 4.833528699E-03 5.222046319E-03 5.567645522E-03
 5.862768307E-03 6.106300682E-03 6.308619328E-03 6.486101239E-03 6.635676477E-03
 6.745980596E-03 6.799128450E-03 6.768497877E-03 6.617757795E-03 6.317037193E-03
 5.844833993E-03 5.180051502E-03 4.302306844E-03 3.192395423E-03 1.832729639E-03
 1.800000000E+00 1.836726690E+00 1.860193529E+00 1.878126857E+00 1.892926396E+00
 1.906311723E+00 1.919139044E+00 1.930780657E+00 1.942480093E+00 1.953610360E+00
 1.964350495E+00 1.975439885E+00 1.987435733E+00 2.001894484E+00 2.019058579E+00
 2.038335670E+00 2.059697706E+00 2.083110727E+00 2.108483477E+00 2.135785045E+00
 2.165006000E+00 2.196137567E+00 2.229185173E+00 2.264164690E+00 2.301097535E+00
 2.340013951E+00 2.380949862E+00 2.423945188E+00 2.469047997E+00 2.516311529E+00
 2.565791124E+00 2.617550541E+00 2.671659770E+00 2.728190284E+00 2.787222797E+00
 2.848846101E+00 2.913151629E+00 2.980241652E+00 3.050229056E+00 3.123233370E+00
 3.199387052E+00 3.278837749E+00 3.361745824E+00 3.448290637E+00 3.538670997E+00
 3.633109658E+00 3.731857615E+00 3.835194715E+00 3.943437677E+00 4.056945551E+00
 4.176124840E+00 4.301438386E+00 4.433410334E+00 4.572641770E+00 4.719816906E+00
 4.875718500E+00 5.041250437E+00 5.217444458E+00 5.405502747E+00 5.606821810E+00
 5.823026541E+00 6.056075128E+00 6.308318261E+00 6.582698405E+00 6.883113407E+00
  300    5
 2.030446904E+00-1.983435091E-02 2.030432668E+00-1.417973528E-02 2.030326217E+00
-8.524598526E-03 2.030127441E+00-2.869763212E-03 2.029836251E+00 2.783944048E-03
 2.029452631E+00 8.435700540E-03 2.028976575E+00 1.408468837E-02 2.028408055E+00
 1.973009066E-02 2.027746986E+00 2.537108433E-02 2.026993274E+00 3.100684350E-02
 2.026146656E+00 3.663650522E-02 2.025206605E+00 4.225912900E-02 2.024172584E+00
 4.787373271E-02 2.023044201E+00 5.347933482E-02 2.021821226E+00 5.907497600E-02
 2.020503450E+00 6.465968996E-02 2.019090790E+00 7.023254428E-02 2.017583281E+00
 7.579265133E-02 2.015980953E+00 8.133913483E-02 2.014283755E+00 8.687109825E-02
 2.012491575E+00 9.238762400E-02 2.010604279E+00 9.788778678E-02 2.008621468E+00
 1.033705281E-01 2.006542546E+00 1.088346595E-01 2.004366936E+00 1.142789542E-01
 2.002094167E+00 1.197021968E-01 1.999723848E+00 1.251031819E-01 1.997255614E+00
 1.304806887E-01 1.994689361E+00 1.358336409E-01 1.992025230E+00 1.411611325E-01
 1.989263351E+00 1.464622832E-01 1.986403607E+00 1.517360572E-01 1.983445564E+00
 1.569811724E-01 1.980388785E+00 1.621963052E-01 1.977232806E+00 1.673800686E-01
 1.973977084E+00 1.725309557E-01 1.970621091E+00 1.776474107E-01 1.967164320E+00
 1.827278340E-01 1.963606249E+00 1.877705424E-01 1.959946381E+00 1.927737995E-01
 1.956184253E+00 1.977358325E-01 1.952319448E+00 2.026548356E-01 1.948351586E+00
 2.075289672E-01 1.944280324E+00 2.123563518E-01 1.940105331E+00 2.171350413E-01
 1.935826263E+00 2.218629759E-01 1.931442818E+00 2.265380489E-01 1.926954724E+00
 2.311580781E-01 1.922361590E+00 2.357205729E-01 1.917663037E+00 2.402228763E-01
 1.912858776E+00 2.446622772E-01 1.907948611E+00 2.490360181E-01 1.902932437E+00
 2.533412904E-01 1.897810242E+00 2.575752308E-01 1.892582094E+00 2.617349033E-01
 1.887248061E+00 2.658171004E-01 1.881808281E+00 2.698184427E-01 1.876263023E+00
 2.737354997E-01 1.870612605E+00 2.775645542E-01 1.864857253E+00 2.813011215E-01
 1.858997363E+00 2.849404854E-01 1.853033585E+00 2.884779354E-01 1.846967746E+00
 2.919121319E-01 1.840802701E+00 2.952460516E-01 1.834540965E+00 2.984830855E-01
 1.828184441E+00 3.016259155E-01 1.821732852E+00 3.046675746E-01 1.815185308E+00
 3.075946002E-01 1.808541881E+00 3.103932131E-01 1.801803871E+00 3.130513503E-01
 1.794974589E+00 3.155684332E-01 1.788057588E+00 3.179484204E-01 1.781055935E+00
 3.201953279E-01 1.773972128E+00 3.223110293E-01 1.766808227E+00 3.242885814E-01
 1.759566748E+00 3.261187311E-01 1.752250849E+00 3.277922178E-01 1.744864188E+00
 3.293028579E-01 1.737410184E+00 3.306537904E-01 1.729891710E+00 3.318499370E-01
 1.722311116E+00 3.328961718E-01 1.714670781E+00 3.337931246E-01 1.706974569E+00
 3.345306930E-01 1.699227388E+00 3.350971476E-01 1.691435030E+00 3.354809315E-01
 1.683603389E+00 3.356742791E-01 1.675736894E+00 3.356780612E-01 1.667839535E+00
 3.354943476E-01 1.659915092E+00 3.351251230E-01 1.651967310E+00 3.345717870E-01
 1.644000172E+00 3.338345174E-01 1.636017672E+00 3.329133337E-01 1.628023774E+00
 3.318082709E-01 1.620023050E+00 3.305177978E-01 1.612021959E+00 3.290363141E-01
 1.604027751E+00 3.273577094E-01 1.596048219E+00 3.254760952E-01 1.588090418E+00
 3.233883727E-01 1.580157729E+00 3.210991391E-01 1.572252435E+00 3.186142606E-01
 1.564376409E+00 3.159393862E-01 1.556532368E+00 3.130779243E-01 1.548727483E+00
 3.100259135E-01 1.540970454E+00 3.067779840E-01 1.533270536E+00 3.033291294E-01
 1.525636630E+00 2.996759429E-01 1.518073854E+00 2.958208337E-01 1.510586040E+00
 2.917677808E-01 1.503176886E+00 2.875206444E-01 1.495850255E+00 2.830828496E-01
 1.488611695E+00 2.784558061E-01 1.481467539E+00 2.736402645E-01 1.474424272E+00
 2.686371238E-01 1.467488509E+00 2.634474666E-01 1.460666914E+00 2.580726404E-01
 1.453966278E+00 2.525141890E-01 1.447393562E+00 2.467738209E-01 1.440955784E+00
 2.408535253E-01 1.434658646E+00 2.347566378E-01 1.428506858E+00 2.284873700E-01
 1.422505113E+00 2.220499613E-01 1.416658155E+00 2.154486452E-01 1.410971634E+00
 2.086871119E-01 1.405452170E+00 2.017686174E-01 1.400106570E+00 1.946965923E-01
 1.394941727E+00 1.874747236E-01 1.389962403E+00 1.801081568E-01 1.385170323E+00
 1.726036763E-01 1.380566883E+00 1.649680018E-01 1.376153403E+00 1.572076602E-01
 1.371933033E+00 1.493281757E-01 1.367912578E+00 1.413335721E-01 1.364099415E+00
 1.332280227E-01 1.360501061E+00 1.250160719E-01 1.357123190E+00 1.167033245E-01
 1.353966081E+00 1.082973464E-01 1.351028995E+00 9.980577851E-02 1.348311122E+00
 9.123599298E-02 1.345812233E+00 8.259494657E-02 1.343534685E+00 7.388882054E-02
 1.341481525E+00 6.512370692E-02 1.339655822E+00 5.630581879E-02 1.338060266E+00
 4.744156912E-02 1.336695064E+00 3.853783132E-02 1.335559434E+00 2.960151440E-02
 1.334652580E+00 2.063938240E-02 1.333973667E+00 1.165807117E-02 1.333521446E+00
 2.664119795E-03 1.333294407E+00-6.336062296E-03 1.333291024E+00-1.533621057E-02
 1.333509772E+00-2.433019279E-02 1.333949142E+00-3.331199479E-02 1.334607629E+00
-4.227570644E-02 1.335483725E+00-5.121550905E-02 1.336575918E+00-6.012566355E-02
 1.337882317E+00-6.900054259E-02 1.339400546E+00-7.783467312E-02 1.341128220E+00
-8.662270258E-02 1.343062967E+00-9.535938406E-02 1.345201662E+00-1.040397210E-01
 1.347539719E+00-1.126591978E-01 1.350072418E+00-1.212136073E-01 1.352795086E+00
-1.296990112E-01 1.355704762E+00-1.381112485E-01 1.358803165E+00-1.464448007E-01
 1.362092775E+00-1.546935674E-01 1.365575960E+00-1.628510693E-01 1.369253294E+00
-1.709110836E-01 1.373118035E+00-1.788700933E-01 1.377161582E+00-1.867257981E-01
 1.381375547E+00-1.944764014E-01 1.385752150E+00-2.021204065E-01 1.390286243E+00
-2.096555222E-01 1.394973773E+00-2.170791554E-01 1.399810755E+00-2.243888491E-01
 1.404792951E+00-2.315824657E-01 1.409912669E+00-2.386602163E-01 1.415160309E+00
-2.456241702E-01 1.420526614E+00-2.524770402E-01 1.426002806E+00-2.592220886E-01
 1.431581298E+00-2.658625838E-01 1.437255464E+00-2.724018476E-01 1.443019013E+00
-2.788436655E-01 1.448866036E+00-2.851922512E-01 1.454791557E+00-2.914517566E-01
 1.460791535E+00-2.976261743E-01 1.466862246E+00-3.037198147E-01 1.473000331E+00
-3.097372675E-01 1.479204569E+00-3.156815446E-01 1.485476337E+00-3.215531758E-01
 1.491817109E+00-3.273525048E-01 1.498228419E+00-3.330797137E-01 1.504720690E+00
-3.387238378E-01 1.511317109E+00-3.442553003E-01 1.518039651E+00-3.496408810E-01
 1.524907611E+00-3.548453965E-01 1.531939016E+00-3.598296028E-01 1.539151403E+00
-3.645484508E-01 1.546559271E+00-3.689542731E-01 1.554173690E+00-3.729972712E-01
 1.562006999E+00-3.766170209E-01 1.570074722E+00-3.797365613E-01 1.578387697E+00
-3.822741169E-01 1.586950546E+00-3.841456276E-01 1.595733308E+00-3.853273071E-01
 1.604660504E+00-3.858994244E-01 1.613660418E+00-3.859557640E-01 1.622670140E+00
-3.855933434E-01 1.631640037E+00-3.848995188E-01 1.640537376E+00-3.839363471E-01
 1.649335716E+00-3.827643353E-01 1.658013551E+00-3.814458007E-01 1.666556611E+00
-3.800362231E-01 1.674962434E+00-3.785614587E-01 1.683231935E+00-3.770407665E-01
 1.691367277E+00-3.754937960E-01 1.699372502E+00-3.739372110E-01 1.707255594E+00
-3.723691079E-01 1.715024944E+00-3.707807635E-01 1.722687920E+00-3.691632914E-01
 1.730250811E+00-3.675084818E-01 1.737718621E+00-3.658132976E-01 1.745095787E+00
-3.640769165E-01 1.752386484E+00-3.622985014E-01 1.759594651E+00-3.604761474E-01
 1.766723792E+00-3.586003537E-01 1.773776346E+00-3.566582712E-01 1.780753539E+00
-3.546370459E-01 1.787655513E+00-3.525253631E-01 1.794482127E+00-3.503198577E-01
 1.801233166E+00-3.480198672E-01 1.807908236E+00-3.456247305E-01 1.814506635E+00
-3.431329543E-01 1.821026848E+00-3.405400084E-01 1.827466716E+00-3.378407335E-01
 1.833823528E+00-3.350300977E-01 1.840094314E+00-3.321043370E-01 1.846276254E+00
-3.290620052E-01 1.852366329E+00-3.259019608E-01 1.858361299E+00-3.226232218E-01
 1.864258458E+00-3.192271597E-01 1.870055883E+00-3.157174553E-01 1.875751824E+00
-3.120978448E-01 1.881344655E+00-3.083719973E-01 1.886832850E+00-3.045434690E-01
 1.892214991E+00-3.006157503E-01 1.897489771E+00-2.965922848E-01 1.902656017E+00
-2.924765257E-01 1.907712746E+00-2.882720296E-01 1.912659103E+00-2.839823214E-01
 1.917494351E+00-2.796108744E-01 1.922217977E+00-2.751612868E-01 1.926829689E+00
-2.706372369E-01 1.931329323E+00-2.660423252E-01 1.935717024E+00-2.613803223E-01
 1.939993689E+00-2.566557151E-01 1.944160559E+00-2.518730091E-01 1.948219017E+00
-2.470364572E-01 1.952169682E+00-2.421490207E-01 1.956012572E+00-2.372127858E-01
 1.959747729E+00-2.322297972E-01 1.963375521E+00-2.272023742E-01 1.966896984E+00
-2.221333808E-01 1.970313333E+00-2.170256448E-01 1.973626049E+00-2.118820219E-01
 1.976837602E+00-2.067059936E-01 1.979950946E+00-2.015010876E-01 1.982969007E+00
-1.962704174E-01 1.985892077E+00-1.910147331E-01 1.988718556E+00-1.857334160E-01
 1.991446737E+00-1.804260262E-01 1.994076236E+00-1.750932480E-01 1.996608230E+00
-1.697368289E-01 1.999044029E+00-1.643584767E-01 2.001384863E+00-1.589597239E-01
 2.003631807E+00-1.535419042E-01 2.005785958E+00-1.481062732E-01 2.007848295E+00
-1.426539370E-01 2.009819514E+00-1.371857953E-01 2.011700295E+00-1.317026963E-01
 2.013491197E+00-1.262053976E-01 2.015192509E+00-1.206945192E-01 2.016804482E+00
-1.151706643E-01 2.018327216E+00-1.096343815E-01 2.019760488E+00-1.040861255E-01
 2.021104025E+00-9.852637437E-02 2.022357617E+00-9.295566484E-02 2.023521175E+00
-8.737459732E-02 2.024594621E+00-8.178379368E-02 2.025577939E+00-7.618390626E-02
 2.026471210E+00-7.057561511E-02 2.027274514E+00-6.495960113E-02 2.027987844E+00
-5.933653052E-02 2.028611090E+00-5.370706271E-02 2.029144134E+00-4.807186883E-02
 2.029586756E+00-4.243162479E-02 2.029938664E+00-3.678702194E-02 2.030199555E+00
-3.113877681E-02 2.030369089E+00-2.548763030E-02 2.030446904E+00-1.983435091E-02
 1.321473840E+00-3.933041073E-01 2.042250726E+00-3.933041073E-01 2.042250726E+00
 3.536354108E-01 1.321473840E+00 3.536354108E-01 1.321473840E+00-3.933041073E-01
 
    1.65000000E+00 R0 [M] USED FOR CONVERTING TO MKSA
    1.27030000E+00 B0 [T] USED FOR CONVERTING TO MKSA
    1.06750559E+00 R OF MAGAXE --> [M]       1.76138423E+00
   -1.20208171E-02 Z OF MAGAXE --> [M]      -1.98343483E-02
   -7.17124684E-03 PSI-AXIS --> [T M**2]    -2.48009809E-02
   -4.50583064E-02 2*PI*PSI-AXIS -->        -1.55829275E-01
    4.98914388E-02 TOTAL CURRENT --> [A]     8.32159086E+04
    2.41091297E+00 POLOIDAL BETA
    3.41148669E-03 BETA
    4.92238874E-03 BETA* (SQRT(<P**2>))
    3.45536501E-03 BETA_EXP=<P>*2*MU0/B0**2
    1.13599444E+00 LI
    1.80000000E+00 Q_ZERO
    6.88311341E+00 Q_EDGE
    4.82469450E+00 ASPECT RATIO ; a/R=     2.07267009E-01
    1.03514036E+00 b/a
    9.19657943E-01 VOLUME ->     4.13121844E+00
    1.43751350E-01 AREA   ->     3.91363051E-01
    1.34674734E+00 LENGTH ->     2.22213311E+00
    8.08055166E-01 RMIN -> RMIN [m]     1.33329102E+00
    1.23057388E+00 RMAX -> RMAX [m]     2.03044690E+00
   -2.33912584E-01 ZMIN -> ZMIN [m]    -3.85955764E-01
    2.03441249E-01 ZMAX -> ZMAX [m]     3.35678061E-01
    1.01931452E+00 RGEOM -> RGEOM [m]     1.68186896E+00
    2.11259358E-01 MINOR RADIUS -> A [m]     3.48577940E-01
