 CHEASE    00/00/00      #000000,00000ms20050328   3  65  65
 7.207743649E-01 7.467486971E-01 1.650000000E+00 1.321476214E+00-1.990555253E-02
 1.754744525E+00-1.990555253E-02-2.518122104E-02 0.000000000E+00 1.270300000E+00
 8.436568369E+04-2.518122104E-02 0.000000000E+00 1.754744525E+00 0.000000000E+00
-1.990555253E-02 0.000000000E+00 0.000000000E+00 0.000000000E+00 0.000000000E+00
 2.089467012E+00 2.089713815E+00 2.089963970E+00 2.090213241E+00 2.090458968E+00
 2.090699501E+00 2.090933627E+00 2.091159368E+00 2.091376505E+00 2.091583492E+00
 2.091779598E+00 2.091965103E+00 2.092140115E+00 2.092306847E+00 2.092465788E+00
 2.092616462E+00 2.092759119E+00 2.092893968E+00 2.093021159E+00 2.093140955E+00
 2.093253657E+00 2.093359586E+00 2.093459099E+00 2.093552584E+00 2.093640451E+00
 2.093723127E+00 2.093801058E+00 2.093874699E+00 2.093944513E+00 2.094010966E+00
 2.094074525E+00 2.094135652E+00 2.094194800E+00 2.094252412E+00 2.094308913E+00
 2.094364709E+00 2.094420184E+00 2.094475694E+00 2.094531564E+00 2.094588086E+00
 2.094645517E+00 2.094704066E+00 2.094763902E+00 2.094825144E+00 2.094887862E+00
 2.094952069E+00 2.095017724E+00 2.095084722E+00 2.095152899E+00 2.095222025E+00
 2.095291800E+00 2.095361853E+00 2.095431745E+00 2.095500963E+00 2.095568918E+00
 2.095634948E+00 2.095698313E+00 2.095758198E+00 2.095813702E+00 2.095863854E+00
 2.095907607E+00 2.095943837E+00 2.095971348E+00 2.095988852E+00 2.095995000E+00
 7.787574308E+03 7.521679783E+03 7.256275659E+03 6.992389389E+03 6.730948308E+03
 6.472790799E+03 6.218669645E+03 5.969255279E+03 5.725138761E+03 5.486835132E+03
 5.254786488E+03 5.029365151E+03 4.810876908E+03 4.599563915E+03 4.395608328E+03
 4.199136162E+03 4.010218201E+03 3.828874916E+03 3.655079318E+03 3.488760145E+03
 3.329804853E+03 3.178062971E+03 3.033349165E+03 2.895446450E+03 2.764109378E+03
 2.639067174E+03 2.520026948E+03 2.406676819E+03 2.298689152E+03 2.195723634E+03
 2.097430587E+03 2.003453981E+03 1.913434757E+03 1.827013965E+03 1.743835805E+03
 1.663550980E+03 1.585819826E+03 1.510315922E+03 1.436729392E+03 1.364765299E+03
 1.294154052E+03 1.224652502E+03 1.156045318E+03 1.088148821E+03 1.020814418E+03
 9.539315629E+02 8.874310363E+02 8.212881205E+02 7.555257228E+02 6.902170663E+02
 6.254902428E+02 5.615316583E+02 4.985862805E+02 4.369628551E+02 3.770370309E+02
 3.192541965E+02 2.641318360E+02 2.122634900E+02 1.643290728E+02 1.210844913E+02
 8.337096147E+01 5.211853563E+01 2.834830141E+01 1.318611056E+01 7.845480352E+00
 1.288001481E+00 1.321359821E+00 1.330075473E+00 1.314730474E+00 1.295024337E+00
 1.261097057E+00 1.224123300E+00 1.176350527E+00 1.129754413E+00 1.070387033E+00
 1.015088441E+00 9.569907087E-01 9.067265062E-01 8.666475642E-01 8.232869479E-01
 7.797355792E-01 7.379183351E-01 6.967277193E-01 6.566597790E-01 6.181463510E-01
 5.812562461E-01 5.461671516E-01 5.130674232E-01 4.820854657E-01 4.533306491E-01
 4.268996765E-01 4.028640266E-01 3.812745231E-01 3.621600386E-01 3.455300053E-01
 3.313719063E-01 3.196527155E-01 3.103198925E-01 3.032986430E-01 2.984970077E-01
 2.958002034E-01 2.950752707E-01 2.961679123E-01 2.989075813E-01 3.031020073E-01
 3.085404075E-01 3.149962410E-01 3.222207656E-01 3.299518578E-01 3.379079431E-01
 3.457914913E-01 3.532910010E-01 3.600776345E-01 3.658105215E-01 3.701349477E-01
 3.726846974E-01 3.730817594E-01 3.709404119E-01 3.658659198E-01 3.574578130E-01
 3.453093945E-01 3.290116491E-01 3.081527520E-01 2.823214053E-01 2.511067536E-01
 2.140995866E-01 1.708918046E-01 1.210784470E-01 6.425234476E-02 0.000000000E+00
-6.755231142E+05-6.756333210E+05-6.730313113E+05-6.679571687E+05-6.606409283E+05
-6.513038075E+05-6.401591022E+05-6.274124986E+05-6.132615781E+05-5.978954137E+05
-5.814953886E+05-5.642346619E+05-5.462787328E+05-5.277846873E+05-5.089009659E+05
-4.897690868E+05-4.705220674E+05-4.512841211E+05-4.321726032E+05-4.132960301E+05
-3.947548628E+05-3.766420573E+05-3.590417082E+05-3.420305383E+05-3.256767324E+05
-3.100407089E+05-2.951745595E+05-2.811226551E+05-2.679208988E+05-2.555975009E+05
-2.441723850E+05-2.336573149E+05-2.240563661E+05-2.153649122E+05-2.075712259E+05
-2.006545724E+05-1.945867340E+05-1.893307138E+05-1.848425932E+05-1.810694634E+05
-1.779503327E+05-1.754171407E+05-1.733922169E+05-1.717913050E+05-1.705211643E+05
-1.694806168E+05-1.685610645E+05-1.676449134E+05-1.666071501E+05-1.653144741E+05
-1.636255744E+05-1.613906530E+05-1.584525284E+05-1.546455320E+05-1.497962363E+05
-1.437226847E+05-1.362352123E+05-1.271358771E+05-1.162188847E+05-1.032703350E+05
-8.806831466E+04-7.038229370E+04-4.997454276E+04-2.659873733E+04 0.000000000E+00
 8.363461956E-03 8.082769975E-03 7.782831920E-03 7.466732022E-03 7.137288511E-03
 6.795842495E-03 6.442592732E-03 6.076977673E-03 5.692534708E-03 5.276013212E-03
 4.822804700E-03 4.336748629E-03 3.828842250E-03 3.327565969E-03 2.862563315E-03
 2.447128523E-03 2.082631080E-03 1.757319291E-03 1.457813617E-03 1.181682697E-03
 9.332879497E-04 7.239812045E-04 5.613896474E-04 4.488829755E-04 3.867562632E-04
 3.691133010E-04 3.917031543E-04 4.510385681E-04 5.458170474E-04 6.750491145E-04
 8.356401618E-04 1.023582062E-03 1.234453384E-03 1.459564613E-03 1.691327823E-03
 1.929097812E-03 2.174752136E-03 2.431137010E-03 2.697239259E-03 2.969675125E-03
 3.244519540E-03 3.518740635E-03 3.792309097E-03 4.064536214E-03 4.336110468E-03
 4.608257519E-03 4.880644658E-03 5.152869115E-03 5.424246503E-03 5.692730657E-03
 5.952989209E-03 6.197414878E-03 6.416312854E-03 6.597799239E-03 6.729433996E-03
 6.800151188E-03 6.798743613E-03 6.713913115E-03 6.534523386E-03 6.249409789E-03
 5.843603748E-03 5.298457919E-03 4.592797099E-03 3.702633257E-03 2.601033972E-03
 7.914561622E-03 7.635284875E-03 7.336169244E-03 7.018594587E-03 6.684919870E-03
 6.337504189E-03 5.977505847E-03 5.605205220E-03 5.220408557E-03 4.818957431E-03
 4.393086671E-03 3.942452438E-03 3.473238968E-03 2.997293359E-03 2.537731689E-03
 2.112411147E-03 1.727031723E-03 1.379516188E-03 1.061857375E-03 7.707316299E-04
 5.086655947E-04 2.809543332E-04 9.284762114E-05-5.373205779E-05-1.567620353E-04
-2.172717511E-04-2.386098732E-04-2.232618665E-04-1.731758505E-04-8.893024939E-05
 2.676666315E-05 1.697669240E-04 3.378808263E-04 5.266148377E-04 7.302571559E-04
 9.474032008E-04 1.178371403E-03 1.423900546E-03 1.682887796E-03 1.953122451E-03
 2.233038516E-03 2.521997065E-03 2.820146793E-03 3.125962485E-03 3.438626723E-03
 3.757823562E-03 4.083017679E-03 4.413729860E-03 4.749064122E-03 5.086371126E-03
 5.420331561E-03 5.743468159E-03 6.046360669E-03 6.317713871E-03 6.546568325E-03
 6.722189989E-03 6.833517721E-03 6.869387872E-03 6.818761447E-03 6.668816219E-03
 6.402815347E-03 6.001536879E-03 5.443112383E-03 4.702809619E-03 3.752791057E-03
 7.473576696E-03 7.194809511E-03 6.895755930E-03 6.577818917E-03 6.242343952E-03
 5.891198560E-03 5.526368877E-03 5.148938325E-03 4.759386203E-03 4.358005499E-03
 3.942795960E-03 3.510525374E-03 3.063934175E-03 2.610335091E-03 2.161040571E-03
 1.732534824E-03 1.334089558E-03 9.672612957E-04 6.297873148E-04 3.194175629E-04
 3.792754263E-05-2.112650333E-04-4.251987132E-04-6.028191651E-04-7.431394590E-04
-8.437449723E-04-9.063417737E-04-9.329779911E-04-9.258010729E-04-8.850804034E-04
-8.120438145E-04-7.105768545E-04-5.823869175E-04-4.294080007E-04-2.554099297E-04
-6.178009962E-05 1.514205582E-04 3.839576159E-04 6.343911594E-04 9.009655390E-04
 1.183516532E-03 1.483065080E-03 1.800090342E-03 2.132621361E-03 2.478845904E-03
 2.837682036E-03 3.208511309E-03 3.590732773E-03 3.983117476E-03 4.382599201E-03
 4.783927651E-03 5.179771657E-03 5.561011238E-03 5.917297212E-03 6.238491482E-03
 6.514040324E-03 6.733024237E-03 6.884412409E-03 6.956656184E-03 6.935003731E-03
 6.802078301E-03 6.538058901E-03 6.120382749E-03 5.523512768E-03 4.718723025E-03
 7.041081364E-03 6.761871778E-03 6.461863953E-03 6.142563983E-03 5.805376480E-03
 5.451658694E-03 5.083002085E-03 4.701123161E-03 4.307136036E-03 3.901826474E-03
 3.486070758E-03 3.059806253E-03 2.623293251E-03 2.181149255E-03 1.740672886E-03
 1.311418442E-03 9.035496512E-04 5.212087729E-04 1.647315971E-04-1.661014835E-04
-4.696189711E-04-7.430102452E-04-9.837965878E-04-1.191378611E-03-1.365742070E-03
-1.504734719E-03-1.606638461E-03-1.673216025E-03-1.706477648E-03-1.707151905E-03
-1.674889560E-03-1.612284784E-03-1.521483342E-03-1.402958300E-03-1.258901687E-03
-1.090449067E-03-8.973966354E-04-6.800021453E-04-4.398854445E-04-1.787602399E-04
 1.038536884E-04 4.100226399E-04 7.406147779E-04 1.093528378E-03 1.466464182E-03
 1.858139510E-03 2.267919204E-03 2.695021885E-03 3.137842609E-03 3.593170768E-03
 4.055756875E-03 4.518487413E-03 4.972657679E-03 5.408850756E-03 5.817284508E-03
 6.187577966E-03 6.508947879E-03 6.770375549E-03 6.958958041E-03 7.059064828E-03
 7.052820989E-03 6.919785380E-03 6.636674128E-03 6.177077756E-03 5.513688096E-03
 6.617859793E-03 6.337231353E-03 6.035226827E-03 5.713455230E-03 5.373412243E-03
 5.016513308E-03 4.644149536E-03 4.257809285E-03 3.859058389E-03 3.449140770E-03
 3.029238423E-03 2.600871200E-03 2.165608386E-03 1.726099791E-03 1.287670412E-03
 8.566586235E-04 4.401553976E-04 4.369629991E-05-3.306106866E-04-6.818159266E-04
-1.008150589E-03-1.306959693E-03-1.575690883E-03-1.813062902E-03-2.019590058E-03
-2.194739264E-03-2.334708486E-03-2.439602710E-03-2.511111569E-03-2.550797007E-03
-2.557409449E-03-2.531640369E-03-2.475994034E-03-2.390299042E-03-2.275507286E-03
-2.132482123E-03-1.960661331E-03-1.759927255E-03-1.531836912E-03-1.278125560E-03
-9.980287613E-04-6.888668253E-04-3.494632526E-04 1.815227659E-05 4.116472725E-04
 8.299158436E-04 1.272372200E-03 1.738007193E-03 2.224949333E-03 2.730013175E-03
 3.247914991E-03 3.771830944E-03 4.293622353E-03 4.804479122E-03 5.294852315E-03
 5.754520841E-03 6.172831791E-03 6.538229605E-03 6.836775672E-03 7.052417073E-03
 7.166757937E-03 7.158711180E-03 7.004212938E-03 6.677294367E-03 6.153668116E-03
 6.206151031E-03 5.921872491E-03 5.616764480E-03 5.291407550E-03 4.947328615E-03
 4.586019329E-03 4.208915732E-03 3.817455568E-03 3.413142855E-03 2.997519059E-03
 2.572044907E-03 2.138359541E-03 1.698630996E-03 1.255659506E-03 8.133646251E-04
 3.767508871E-04-4.936854116E-05-4.601728351E-04-8.523309496E-04-1.223865313E-03
-1.573151365E-03-1.897703391E-03-2.194905386E-03-2.462492166E-03-2.700413050E-03
-2.909175740E-03-3.086305872E-03-3.228434424E-03-3.336712952E-03-3.413099633E-03
-3.456708411E-03-3.466284172E-03-3.443900692E-03-3.389472438E-03-3.302925899E-03
-3.184816649E-03-3.034289150E-03-2.850766751E-03-2.635642232E-03-2.390703656E-03
-2.115040167E-03-1.805594718E-03-1.461114770E-03-1.083572933E-03-6.749604104E-04
-2.358638460E-04 2.333130622E-04 7.313503296E-04 1.256379426E-03 1.805188764E-03
 2.372562675E-03 2.952033564E-03 3.536032993E-03 4.116113773E-03 4.682942720E-03
 5.226452837E-03 5.735957492E-03 6.199097015E-03 6.601504315E-03 6.926719062E-03
 7.155784521E-03 7.266939357E-03 7.235974379E-03 7.039283583E-03 6.653370357E-03
 5.810605200E-03 5.518566662E-03 5.207711662E-03 4.877473766E-03 4.528195119E-03
 4.161245874E-03 3.778120579E-03 3.380286292E-03 2.969239714E-03 2.546567390E-03
 2.113904732E-03 1.672996785E-03 1.225956600E-03 7.755224770E-04 3.252209722E-04
-1.208181670E-04-5.586321136E-04-9.847924727E-04-1.395528891E-03-1.788102096E-03
-2.160557025E-03-2.510944914E-03-2.836612399E-03-3.134960529E-03-3.404314267E-03
-3.645402064E-03-3.857829986E-03-4.036593547E-03-4.180803333E-03-4.292120091E-03
-4.370973727E-03-4.414788660E-03-4.424142119E-03-4.399621738E-03-4.340298532E-03
-4.246340992E-03-4.116692731E-03-3.950332215E-03-3.748440763E-03-3.512886946E-03
-3.242659669E-03-2.934425754E-03-2.587065351E-03-2.202669170E-03-1.782907996E-03
-1.327845605E-03-8.375357236E-04-3.130225409E-04 2.442134560E-04 8.308420300E-04
 1.441868965E-03 2.071241606E-03 2.711845376E-03 3.355533202E-03 3.993171103E-03
 4.614832017E-03 5.209489435E-03 5.764342876E-03 6.264732565E-03 6.693747002E-03
 7.031846603E-03 7.256866785E-03 7.346176264E-03 7.277056714E-03 7.026308718E-03
 5.434626409E-03 5.131089297E-03 4.810998206E-03 4.473155468E-03 4.117173113E-03
 3.743388671E-03 3.352987471E-03 2.947469931E-03 2.528345290E-03 2.097183389E-03
 1.655686357E-03 1.205671213E-03 7.492064886E-04 2.888307029E-04-1.723453890E-04
-6.306808807E-04-1.082654354E-03-1.525276068E-03-1.955582528E-03-2.370163208E-03
-2.766592847E-03-3.142980808E-03-3.497096453E-03-3.826224622E-03-4.127679272E-03
-4.400846197E-03-4.646389912E-03-4.861403903E-03-5.041155969E-03-5.186497207E-03
-5.299032553E-03-5.376092194E-03-5.416215364E-03-5.420502057E-03-5.387533561E-03
-5.316973478E-03-5.207647551E-03-5.058117792E-03-4.869321312E-03-4.643231074E-03
-4.378748863E-03-4.072310024E-03-3.723084385E-03-3.333402860E-03-2.904659429E-03
-2.436584282E-03-1.929175179E-03-1.383157864E-03-7.993845068E-04-1.808581874E-04
 4.679547441E-04 1.141438832E-03 1.832869062E-03 2.534381309E-03 3.237042172E-03
 3.930948348E-03 4.604758896E-03 5.245471113E-03 5.838107746E-03 6.365257314E-03
 6.806928092E-03 7.141804678E-03 7.348152720E-03 7.403484763E-03 7.284909343E-03
 5.080097146E-03 4.761787812E-03 4.429415293E-03 4.081133820E-03 3.715966667E-03
 3.333707836E-03 2.934809309E-03 2.520355921E-03 2.091842601E-03 1.650832936E-03
 1.198986286E-03 7.381380123E-04 2.703306966E-04-2.020479898E-04-6.761792788E-04
-1.148967470E-03-1.617176830E-03-2.077865863E-03-2.528478923E-03-2.966080086E-03
-3.387495267E-03-3.790495554E-03-4.173153635E-03-4.532943504E-03-4.866981614E-03
-5.172774814E-03-5.450710026E-03-5.700423777E-03-5.915719371E-03-6.095003036E-03
-6.239958347E-03-6.349343807E-03-6.419776109E-03-6.452041846E-03-6.444776818E-03
-6.397001704E-03-6.307485682E-03-6.174394263E-03-5.998382731E-03-5.781544415E-03
-5.522691118E-03-5.218046036E-03-4.867192050E-03-4.472766236E-03-4.035907855E-03
-3.556203339E-03-3.033859428E-03-2.469221906E-03-1.863029236E-03-1.217872997E-03
-5.371642811E-04 1.744680359E-04 9.107821881E-04 1.664188110E-03 2.425950927E-03
 3.186102006E-03 3.933175132E-03 4.653992145E-03 5.333171032E-03 5.952897112E-03
 6.493492272E-03 6.934431855E-03 7.254166499E-03 7.430416941E-03 7.440624909E-03
 4.747127873E-03 4.411728081E-03 4.064467576E-03 3.703323895E-03 3.326725023E-03
 2.933930460E-03 2.524924063E-03 2.100306501E-03 1.661180982E-03 1.209039042E-03
 7.455124550E-04 2.723684014E-04-2.084094633E-04-6.945528336E-04-1.183484522E-03
-1.672457051E-03-2.158629845E-03-2.639052281E-03-3.111075920E-03-3.572326662E-03
-4.019715485E-03-4.450269823E-03-4.861849502E-03-5.252329513E-03-5.618864072E-03
-5.958254272E-03-6.268893469E-03-6.551405765E-03-6.802375218E-03-7.015878956E-03
-7.192750743E-03-7.333643489E-03-7.434272524E-03-7.493948035E-03-7.511942618E-03
-7.486561740E-03-7.416484981E-03-7.299514876E-03-7.135975837E-03-6.928086458E-03
-6.674553597E-03-6.371393787E-03-6.018701659E-03-5.619426474E-03-5.174456377E-03
-4.683430501E-03-4.146886937E-03-3.564851414E-03-2.938430461E-03-2.269921320E-03
-1.561950757E-03-8.179543527E-04-4.285983771E-05 7.563765181E-04 1.571191890E-03
 2.391602321E-03 3.206097323E-03 4.001219417E-03 4.761252645E-03 5.468398569E-03
 6.103583495E-03 6.646444867E-03 7.075540936E-03 7.368778304E-03 7.503982490E-03
 4.431842641E-03 4.079768633E-03 3.716524039E-03 3.340612397E-03 2.950707364E-03
 2.545632206E-03 2.124897977E-03 1.688692284E-03 1.237769432E-03 7.733277928E-04
 2.968909892E-04-1.898259204E-04-6.849292465E-04-1.186314042E-03-1.691652096E-03
-2.198400543E-03-2.703932169E-03-3.205542769E-03-3.700402990E-03-4.185996941E-03
-4.659978186E-03-5.119020601E-03-5.560307777E-03-5.981676876E-03-6.380645897E-03
-6.753992199E-03-7.098364510E-03-7.413395407E-03-7.698722062E-03-7.946960227E-03
-8.156077342E-03-8.327702525E-03-8.458488277E-03-8.545370350E-03-8.588375641E-03
-8.585217519E-03-8.534389852E-03-8.433373615E-03-8.282101817E-03-8.082910390E-03
-7.834375010E-03-7.532303751E-03-7.177381844E-03-6.772810561E-03-6.319225186E-03
-5.816528708E-03-5.265504935E-03-4.666179130E-03-4.020272657E-03-3.329931551E-03
-2.597284128E-03-1.824955996E-03-1.016657614E-03-1.777562828E-04 6.839725501E-04
 1.558642202E-03 2.434617070E-03 3.298162372E-03 4.133483107E-03 4.923193595E-03
 5.648382664E-03 6.288700295E-03 6.822740383E-03 7.228644181E-03 7.484620340E-03
 4.130175386E-03 3.762324732E-03 3.383672390E-03 2.992768595E-03 2.588401145E-03
 2.169656791E-03 1.735871059E-03 1.286834442E-03 8.229529199E-04 3.451388146E-04
-1.452902731E-04-6.467301734E-04-1.157390316E-03-1.675318618E-03-2.198385927E-03
-2.724266812E-03-3.250450390E-03-3.774355823E-03-4.293305441E-03-4.804472116E-03
-5.305365739E-03-5.793534715E-03-6.265388099E-03-6.718198117E-03-7.149654285E-03
-7.556798428E-03-7.935918115E-03-8.284209106E-03-8.602067732E-03-8.885548253E-03
-9.127713081E-03-9.329621883E-03-9.490287534E-03-9.604634002E-03-9.672554287E-03
-9.691628824E-03-9.660037217E-03-9.574983912E-03-9.435941322E-03-9.245341240E-03
-9.001591532E-03-8.700289273E-03-8.342770790E-03-7.932355632E-03-7.469437264E-03
-6.954390344E-03-6.387984289E-03-5.770819693E-03-5.105195552E-03-4.393247276E-03
-3.636879288E-03-2.838295620E-03-2.000372614E-03-1.127159098E-03-2.246896625E-04
 6.981059722E-04 1.629421271E-03 2.555460208E-03 3.460719933E-03 4.328007757E-03
 5.138346676E-03 5.871276130E-03 6.505469489E-03 7.019303763E-03 7.390855580E-03
 3.839400825E-03 3.456793126E-03 3.063455505E-03 2.657991126E-03 2.239237751E-03
 1.806276232E-03 1.358499530E-03 8.956528946E-04 4.178627753E-04-7.423630392E-05
-5.795670735E-04-1.096713025E-03-1.624021594E-03-2.159657876E-03-2.701617302E-03
-3.247737225E-03-3.795671109E-03-4.342890272E-03-4.886778580E-03-5.424592140E-03
-5.953413882E-03-6.470699109E-03-6.973762566E-03-7.458754452E-03-7.922962513E-03
-8.363782373E-03-8.777687547E-03-9.160519442E-03-9.510829218E-03-9.828248669E-03
-1.010426223E-02-1.033674280E-02-1.052682866E-02-1.066904613E-02-1.076186708E-02
-1.080330729E-02-1.079108016E-02-1.072216521E-02-1.059550052E-02-1.041357857E-02
-1.017459407E-02-9.873937726E-03-9.513632786E-03-9.096915303E-03-8.623993332E-03
-8.095789910E-03-7.512926050E-03-6.877036251E-03-6.190882422E-03-5.456683196E-03
-4.676405138E-03-3.852156192E-03-2.986339993E-03-2.082143658E-03-1.144168287E-03
-1.796200639E-04 8.007421265E-04 1.783460066E-03 2.753304249E-03 3.692972398E-03
 4.583246508E-03 5.403591923E-03 6.132771879E-03 6.749050193E-03 7.230414291E-03
 3.557585954E-03 3.161578706E-03 2.754431232E-03 2.335026228E-03 1.902213816E-03
 1.455091719E-03 9.930578186E-04 5.158091161E-04 2.340556551E-05-4.837064339E-04
-1.004671253E-03-1.538300387E-03-2.083128005E-03-2.637430191E-03-3.199286601E-03
-3.766613299E-03-4.337175628E-03-4.908554500E-03-5.478136177E-03-6.043193354E-03
-6.600837298E-03-7.147984871E-03-7.681971340E-03-8.199747272E-03-8.697243364E-03
-9.171685544E-03-9.620004467E-03-1.003803323E-02-1.042174115E-02-1.077104157E-02
-1.108152706E-02-1.134548810E-02-1.156433871E-02-1.173474644E-02-1.185248224E-02
-1.191646607E-02-1.192381217E-02-1.187133760E-02-1.175737223E-02-1.158442076E-02
-1.135041306E-02-1.105055486E-02-1.068754764E-02-1.026431018E-02-9.780971598E-03
-9.238847192E-03-8.638616031E-03-7.983074452E-03-7.275306205E-03-6.517735295E-03
-5.712652954E-03-4.862302852E-03-3.968983694E-03-3.035404567E-03-2.065392306E-03
-1.064670807E-03-4.149053498E-05 9.922008357E-04 2.021120862E-03 3.027630869E-03
 3.992300302E-03 4.894539950E-03 5.712968644E-03 6.425790055E-03 7.011042652E-03
 3.282534600E-03 2.875343919E-03 2.455816684E-03 2.023300539E-03 1.576970104E-03
 1.115991590E-03 6.397177318E-04 1.478417106E-04-3.596010499E-04-8.822533809E-04
-1.419441641E-03-1.970173705E-03-2.533147539E-03-3.106804077E-03-3.689319224E-03
-4.278646237E-03-4.872575712E-03-5.468746208E-03-6.064606880E-03-6.657389339E-03
-7.244185236E-03-7.821890947E-03-8.387191160E-03-8.937247538E-03-9.468513676E-03
-9.976778709E-03-1.045910497E-02-1.091180753E-02-1.133004260E-02-1.171103852E-02
-1.205440927E-02-1.235068723E-02-1.259808418E-02-1.279638570E-02-1.293931217E-02
-1.302595174E-02-1.305310057E-02-1.301743210E-02-1.291661909E-02-1.275311664E-02
-1.252453489E-02-1.222594417E-02-1.186065216E-02-1.143101820E-02-1.093725139E-02
-1.038065480E-02-9.762554720E-03-9.086629693E-03-8.356159004E-03-7.573968494E-03
-6.742843989E-03-5.865364444E-03-4.944028698E-03-3.981576728E-03-2.981546780E-03
-1.948257935E-03-8.874547529E-04 1.914003258E-04 1.273555648E-03 2.341069914E-03
 3.374311908E-03 4.352455884E-03 5.254049747E-03 6.057407598E-03 6.740847056E-03
 3.013384478E-03 2.597219651E-03 2.167010064E-03 1.722606211E-03 1.263533172E-03
 7.891743447E-04 2.989546273E-04-2.074959014E-04-7.302057970E-04-1.268819754E-03
-1.822705823E-03-2.391004903E-03-2.972601933E-03-3.566064769E-03-4.169695741E-03
-4.781540503E-03-5.399382239E-03-6.020826585E-03-6.643325642E-03-7.264136677E-03
-7.880268718E-03-8.488565740E-03-9.085646180E-03-9.667906674E-03-1.023228981E-02
-1.077463668E-02-1.129070120E-02-1.177724993E-02-1.222986081E-02-1.264343647E-02
-1.301708448E-02-1.334611494E-02-1.362244391E-02-1.384770684E-02-1.401607870E-02
-1.412530842E-02-1.417243752E-02-1.415392578E-02-1.406678799E-02-1.391335365E-02
-1.369086226E-02-1.339432921E-02-1.302752178E-02-1.259201391E-02-1.208823112E-02
-1.151712522E-02-1.088115569E-02-1.018444543E-02-9.430438291E-03-8.622537915E-03
-7.764090273E-03-6.858221974E-03-5.907947525E-03-4.916573763E-03-3.887308675E-03
-2.823064673E-03-1.728048258E-03-6.096686662E-04 5.195982359E-04 1.642005375E-03
 2.737544303E-03 3.785286011E-03 4.764030207E-03 5.652421069E-03 6.428530124E-03
 2.750858646E-03 2.327640975E-03 1.888283380E-03 1.433156883E-03 9.621989380E-04
 4.750519490E-04-2.873354667E-05-5.495160540E-04-1.087392918E-03-1.642109934E-03
-2.213069467E-03-2.799374696E-03-3.399946705E-03-4.013508077E-03-4.638502447E-03
-5.273053995E-03-5.915031786E-03-6.562011871E-03-7.211348215E-03-7.860242272E-03
-8.505697297E-03-9.144437397E-03-9.772996693E-03-1.038766081E-02-1.098449506E-02
-1.156017063E-02-1.210988412E-02-1.262943834E-02-1.311514438E-02-1.356177013E-02
-1.396514027E-02-1.432479537E-02-1.463070037E-02-1.488177671E-02-1.507547925E-02
-1.520698935E-02-1.527411146E-02-1.527300544E-02-1.520006083E-02-1.505738884E-02
-1.484182100E-02-1.454842616E-02-1.418119983E-02-1.374079544E-02-1.322777799E-02
-1.264282727E-02-1.198956804E-02-1.127211018E-02-1.049419605E-02-9.659845404E-03
-8.773020301E-03-7.837587763E-03-6.857602034E-03-5.836831266E-03-4.777848368E-03
-3.683024453E-03-2.555916108E-03-1.402343028E-03-2.322225508E-04 9.384622703E-04
 2.089762694E-03 3.201200599E-03 4.251813448E-03 5.219893076E-03 6.082976508E-03
 2.499451490E-03 2.068706121E-03 1.620860734E-03 1.155851828E-03 6.736821914E-04
 1.742578034E-04-3.427225880E-04-8.775884400E-04-1.430442673E-03-2.001090213E-03
-2.589044183E-03-3.193514009E-03-3.813393350E-03-4.447314964E-03-5.093769400E-03
-5.751034013E-03-6.417047332E-03-7.089441620E-03-7.765551367E-03-8.442414309E-03
-9.116908921E-03-9.785722003E-03-1.044523964E-02-1.109162986E-02-1.172080323E-02
-1.232847127E-02-1.291097561E-02-1.346295598E-02-1.398028903E-02-1.445867261E-02
-1.489230440E-02-1.527922910E-02-1.561474489E-02-1.589109354E-02-1.610924982E-02
-1.626260968E-02-1.634949036E-02-1.636585445E-02-1.630753528E-02-1.617631786E-02
-1.596860740E-02-1.567966545E-02-1.531337891E-02-1.486951599E-02-1.434838991E-02
-1.375101230E-02-1.308158771E-02-1.234399220E-02-1.154239611E-02-1.068134468E-02
-9.765515926E-03-8.799943848E-03-7.789694280E-03-6.738380883E-03-5.648616916E-03
-4.523128916E-03-3.365165836E-03-2.179607438E-03-9.743860461E-04 2.378913235E-04
 1.439290832E-03 2.609355432E-03 3.726603666E-03 4.768583446E-03 5.712144566E-03
 2.265320001E-03 1.824876994E-03 1.367429182E-03 8.922942402E-04 3.991222088E-04
-1.123140760E-04-6.422612986E-04-1.190974122E-03-1.758569959E-03-2.344922771E-03
-2.949612689E-03-3.571937863E-03-4.210914866E-03-4.865244000E-03-5.533294750E-03
-6.213209084E-03-6.902998533E-03-7.600405251E-03-8.302782114E-03-9.007168091E-03
-9.710242910E-03-1.040847971E-02-1.109818740E-02-1.177537239E-02-1.243579658E-02
-1.307497617E-02-1.368827732E-02-1.427167352E-02-1.481941727E-02-1.532744362E-02
-1.579071078E-02-1.620387277E-02-1.656624180E-02-1.686785259E-02-1.710849924E-02
-1.728329910E-02-1.738939431E-02-1.742303922E-02-1.737961303E-02-1.726046132E-02
-1.706156449E-02-1.677853540E-02-1.641472240E-02-1.596917661E-02-1.544157016E-02
-1.483379312E-02-1.414980504E-02-1.339332695E-02-1.256888254E-02-1.168148841E-02
-1.073682911E-02-9.741259340E-03-8.699954805E-03-7.616788324E-03-6.495377172E-03
-5.339032600E-03-4.151315824E-03-2.936540807E-03-1.700311365E-03-4.513175175E-04
 7.952971894E-04 2.018734529E-03 3.196666968E-03 4.306064173E-03 5.323233240E-03
 2.051390769E-03 1.598758977E-03 1.130218930E-03 6.442099734E-04 1.397938973E-04
-3.835869198E-04-9.263228663E-04-1.488700136E-03-2.070831190E-03-2.672609411E-03
-3.293700810E-03-3.933502046E-03-4.591093471E-03-5.265256305E-03-5.954472741E-03
-6.656876109E-03-7.370244351E-03-8.092169788E-03-8.820098483E-03-9.551107503E-03
-1.028187161E-02-1.100868924E-02-1.172755324E-02-1.243433642E-02-1.312464460E-02
-1.379382143E-02-1.443700151E-02-1.504925593E-02-1.562618615E-02-1.616190340E-02
-1.665232804E-02-1.709167232E-02-1.747683597E-02-1.780342955E-02-1.806481577E-02
-1.826010031E-02-1.838451392E-02-1.843494838E-02-1.840645598E-02-1.829982948E-02
-1.811064812E-02-1.783501690E-02-1.747530763E-02-1.702997941E-02-1.649810935E-02
-1.588235763E-02-1.518588167E-02-1.441238163E-02-1.356651901E-02-1.265393049E-02
-1.168165743E-02-1.065628496E-02-9.583146141E-03-8.467462516E-03-7.314022832E-03
-6.127328338E-03-4.911261155E-03-3.668646631E-03-2.402840309E-03-1.120423516E-03
 1.660561966E-04 1.436871192E-03 2.669211239E-03 3.839505055E-03 4.923442476E-03
 1.856122264E-03 1.390377465E-03 9.097642752E-04 4.123089506E-04-1.035080964E-04
-6.387116477E-04-1.193944298E-03-1.769626585E-03-2.365948304E-03-2.982851855E-03
-3.620017343E-03-4.276853051E-03-4.952507312E-03-5.645850154E-03-6.355407622E-03
-7.079374469E-03-7.815616560E-03-8.561603507E-03-9.314429413E-03-1.007105409E-02
-1.082823309E-02-1.158225513E-02-1.232900404E-02-1.306396726E-02-1.378252807E-02
-1.447989771E-02-1.515103158E-02-1.579073958E-02-1.639389975E-02-1.695577867E-02
-1.747065928E-02-1.793426988E-02-1.834081459E-02-1.868915325E-02-1.897027790E-02
-1.918434451E-02-1.932580188E-02-1.939224373E-02-1.937845925E-02-1.928461283E-02
-1.910593068E-02-1.883909875E-02-1.848518738E-02-1.804195561E-02-1.750851733E-02
-1.688738336E-02-1.618093059E-02-1.539270916E-02-1.452748073E-02-1.359198665E-02
-1.259355144E-02-1.153853551E-02-1.043368177E-02-9.285727467E-03-8.101222432E-03
-6.885361593E-03-5.640929440E-03-4.369932214E-03-3.075393371E-03-1.762723748E-03
-4.417341467E-04 8.705182109E-04 2.151148401E-03 3.375929179E-03 4.519842794E-03
 1.673373773E-03 1.196309166E-03 7.045814866E-04 1.961946139E-04-3.305862045E-04
-8.771058050E-04-1.444298563E-03-2.032754837E-03-2.642731532E-03-3.274206722E-03
-3.926906587E-03-4.600272685E-03-5.293451092E-03-6.005285592E-03-6.734326087E-03
-7.478832193E-03-8.236691525E-03-9.005410389E-03-9.782126766E-03-1.056352363E-02
-1.134591218E-02-1.212553505E-02-1.289832390E-02-1.365972036E-02-1.440475078E-02
-1.512827690E-02-1.582515457E-02-1.649003775E-02-1.711751676E-02-1.770243115E-02
-1.823978933E-02-1.872436941E-02-1.915147275E-02-1.951709662E-02-1.981745768E-02
-2.004762385E-02-2.020492190E-02-2.028626780E-02-2.028668504E-02-2.020563669E-02
-2.003807558E-02-1.978127148E-02-1.943483224E-02-1.899563993E-02-1.846340762E-02
-1.783955110E-02-1.712587628E-02-1.632556215E-02-1.544398347E-02-1.448821293E-02
-1.346477650E-02-1.238123410E-02-1.124598785E-02-1.006782248E-02-8.853809546E-03
-7.608261365E-03-6.334397018E-03-5.035161619E-03-3.713402788E-03-2.373187060E-03
-1.022033368E-03 3.260201543E-04 1.649028122E-03 2.922076057E-03 4.119330058E-03
 1.499610784E-03 1.014132615E-03 5.132404345E-04-4.754410194E-06-5.415548530E-04
-1.098622641E-03-1.677007929E-03-2.277397141E-03-2.900163264E-03-3.545384168E-03
-4.212837530E-03-4.901946942E-03-5.611846875E-03-6.341385719E-03-7.089086967E-03
-7.853136975E-03-8.631386285E-03-9.421370677E-03-1.022022853E-02-1.102465561E-02
-1.183093439E-02-1.263484307E-02-1.343185941E-02-1.421746328E-02-1.498672730E-02
-1.573429136E-02-1.645454842E-02-1.714206132E-02-1.779132615E-02-1.839686484E-02
-1.895367304E-02-1.945663108E-02-1.990124719E-02-2.028254611E-02-2.059877602E-02
-2.084293154E-02-2.101443497E-02-2.110928935E-02-2.112312383E-02-2.105466080E-02
-2.089868932E-02-2.065295900E-02-2.031542054E-02-1.988241176E-02-1.935392191E-02
-1.873001789E-02-1.801187162E-02-1.720266247E-02-1.630815773E-02-1.533403662E-02
-1.428758617E-02-1.317802676E-02-1.201577066E-02-1.080941893E-02-9.565450750E-03
-8.289716330E-03-6.986976476E-03-5.660548508E-03-4.312984445E-03-2.947413431E-03
-1.569575809E-03-1.907719989E-04 1.169045202E-03 2.484420099E-03 3.728780305E-03
 1.334769524E-03 8.436298016E-04 3.357370570E-04-1.903068432E-04-7.360039333E-04
-1.302714776E-03-1.891470073E-03-2.502983112E-03-3.137663907E-03-3.795626181E-03
-4.476685674E-03-5.180353447E-03-5.905826505E-03-6.651959876E-03-7.417194582E-03
-8.199658215E-03-8.997141809E-03-9.807058056E-03-1.062643327E-02-1.145194319E-02
-1.227985726E-02-1.310595354E-02-1.392557297E-02-1.473355130E-02-1.552461876E-02
-1.629356578E-02-1.703477360E-02-1.774234244E-02-1.841061695E-02-1.903412665E-02
-1.960750562E-02-2.012608565E-02-2.058491620E-02-2.098011443E-02-2.130801687E-02
-2.156569254E-02-2.174969700E-02-2.185683706E-02-2.188313364E-02-2.182650700E-02
-2.168180337E-02-2.144719516E-02-2.111935610E-02-2.069477385E-02-2.017223089E-02
-1.955073156E-02-1.883095545E-02-1.801649058E-02-1.711131874E-02-1.612130405E-02
-1.505535004E-02-1.392425492E-02-1.273718544E-02-1.150271606E-02-1.022956789E-02
-8.925101972E-03-7.594802352E-03-6.242407682E-03-4.870449346E-03-3.481418851E-03
-2.079715092E-03-6.744483048E-04 7.169938679E-04 2.069314379E-03 3.355264416E-03
 1.182568283E-03 6.868951142E-04 1.732313381E-04-3.596918577E-04-9.132272895E-04
-1.488605321E-03-2.086803121E-03-2.708521739E-03-3.354178375E-03-4.023901613E-03
-4.717524815E-03-5.434572103E-03-6.174244315E-03-6.935406715E-03-7.716572821E-03
-8.515891200E-03-9.331099382E-03-1.015944515E-02-1.099783023E-02-1.184275914E-02
-1.269030967E-02-1.353617947E-02-1.437570361E-02-1.520373124E-02-1.601471434E-02
-1.680270155E-02-1.756197454E-02-1.828689489E-02-1.897153122E-02-1.961012578E-02
-2.019744755E-02-2.072839921E-02-2.119892241E-02-2.160535186E-02-2.194449715E-02
-2.221422953E-02-2.240945471E-02-2.252790621E-02-2.256560216E-02-2.251978272E-02
-2.238551050E-02-2.216112793E-02-2.184244634E-02-2.142681452E-02-2.091175945E-02
-2.029487029E-02-1.957670001E-02-1.875911450E-02-1.784567108E-02-1.684388691E-02
-1.576333606E-02-1.461257462E-02-1.340162750E-02-1.214125608E-02-1.084131416E-02
-9.510093846E-03-8.153896108E-03-6.776992797E-03-5.382108264E-03-3.971432631E-03
-2.548369815E-03-1.120214222E-03 2.981939709E-04 1.682543632E-03 3.005002983E-03
 1.045744385E-03 5.457855654E-04 2.695187290E-05-5.120526006E-04-1.072508484E-03
-1.655570225E-03-2.262181895E-03-2.893040733E-03-3.548574244E-03-4.228924125E-03
-4.933931502E-03-5.663121026E-03-6.415686479E-03-7.190477657E-03-7.985986826E-03
-8.800324411E-03-9.631202777E-03-1.047591586E-02-1.133132523E-02-1.219379925E-02
-1.305915676E-02-1.392287136E-02-1.478001741E-02-1.562531213E-02-1.645323668E-02
-1.725790650E-02-1.803315932E-02-1.877267854E-02-1.947078341E-02-2.012184747E-02
-2.072019807E-02-2.126115304E-02-2.174131656E-02-2.215795587E-02-2.250775918E-02
-2.278726492E-02-2.299314879E-02-2.312200967E-02-2.316994351E-02-2.313381785E-02
-2.300902238E-02-2.279371048E-02-2.248344047E-02-2.207593084E-02-2.156804835E-02
-2.095753551E-02-2.024272350E-02-1.942386617E-02-1.850641536E-02-1.749717254E-02
-1.640323124E-02-1.523476443E-02-1.400317438E-02-1.271997540E-02-1.139592035E-02
-1.004022531E-02-8.660089319E-03-7.260485051E-03-5.844462345E-03-4.414061747E-03
-2.971944819E-03-1.523948685E-03-8.266486643E-05 1.329213060E-03 2.683468508E-03
 9.254099280E-04 4.211826319E-04-1.024174497E-04-6.468008651E-04-1.213287297E-03
-1.803030009E-03-2.416971656E-03-3.055812991E-03-3.719990248E-03-4.409655971E-03
-5.124661535E-03-5.864539609E-03-6.628485052E-03-7.415337710E-03-8.223560654E-03
-9.051221450E-03-9.895968910E-03-1.075502209E-02-1.162515001E-02-1.250265435E-02
-1.338336468E-02-1.426264669E-02-1.513535457E-02-1.599585873E-02-1.683833162E-02
-1.765673306E-02-1.844499110E-02-1.919693286E-02-1.990626351E-02-2.056694690E-02
-2.117385814E-02-2.172320258E-02-2.221210057E-02-2.263764168E-02-2.299666582E-02
-2.328556430E-02-2.350104567E-02-2.363883871E-02-2.369578079E-02-2.366815524E-02
-2.355172344E-02-2.334407745E-02-2.304140560E-02-2.264095272E-02-2.213962037E-02
-2.153495818E-02-2.082401932E-02-2.000784213E-02-1.908907028E-02-1.807301423E-02
-1.696836577E-02-1.578569866E-02-1.453680847E-02-1.323386930E-02-1.188854411E-02
-1.051103456E-02-9.109415823E-03-7.689328161E-03-6.254195272E-03-4.806045669E-03
-3.347045153E-03-1.881920321E-03-4.214074509E-04 1.013736373E-03 2.395278842E-03
 8.213104576E-04 3.132753290E-04-2.144574830E-04-7.634235160E-04-1.335013788E-03
-1.930408254E-03-2.550559327E-03-3.196174918E-03-3.867698014E-03-4.565288668E-03
-5.288803619E-03-6.037779367E-03-6.811412416E-03-7.608534987E-03-8.427594700E-03
-9.266630924E-03-1.012325333E-02-1.099461629E-02-1.187739897E-02-1.276778879E-02
-1.366147638E-02-1.455367865E-02-1.543916093E-02-1.631228409E-02-1.716707581E-02
-1.799722111E-02-1.879622571E-02-1.955774362E-02-2.027567838E-02-2.094402903E-02
-2.155789237E-02-2.211430256E-02-2.261087532E-02-2.304429187E-02-2.341133707E-02
-2.370854706E-02-2.393203939E-02-2.407804622E-02-2.414269985E-02-2.412232977E-02
-2.401304501E-02-2.381184467E-02-2.351557762E-02-2.312100348E-02-2.262530930E-02
-2.202516069E-02-2.131988002E-02-2.050680685E-02-1.958717637E-02-1.856695101E-02
-1.745460547E-02-1.626077964E-02-1.499770073E-02-1.367822797E-02-1.231479885E-02
-1.091844234E-02-9.498031555E-03-8.059889247E-03-6.607894444E-03-5.144188212E-03
-3.670612201E-03-2.191023302E-03-7.146509505E-04 7.396678035E-04 2.144047995E-03
 7.332662062E-04 2.221831945E-04-3.088691198E-04-8.615191729E-04-1.437213978E-03
-2.037161443E-03-2.662329311E-03-3.313435457E-03-3.990931631E-03-4.694983972E-03
-5.425454427E-03-6.181878699E-03-6.963446560E-03-7.768979092E-03-8.596905297E-03
-9.445238696E-03-1.031155034E-02-1.119294958E-02-1.208605616E-02-1.298698030E-02
-1.389131855E-02-1.479416242E-02-1.569012813E-02-1.657340566E-02-1.743784121E-02
-1.827705614E-02-1.908456158E-02-1.985386737E-02-2.057849772E-02-2.125233779E-02
-2.187178885E-02-2.243447706E-02-2.293732829E-02-2.337747042E-02-2.375145345E-02
-2.405562196E-02-2.428615629E-02-2.443899165E-02-2.451029098E-02-2.449591702E-02
-2.439237260E-02-2.419645830E-02-2.390516577E-02-2.351538516E-02-2.302398960E-02
-2.242904661E-02-2.172723855E-02-2.091701861E-02-1.999834157E-02-1.897592632E-02
-1.785821433E-02-1.665598648E-02-1.538175209E-02-1.404886953E-02-1.267046439E-02
-1.125834601E-02-9.822134556E-03-8.368778903E-03-6.902579681E-03-5.425825597E-03
-3.940153325E-03-2.448776074E-03-9.597362468E-04 5.097972349E-04 1.932561147E-03
 6.613705816E-04 1.481174825E-04-3.853664376E-04-9.407534546E-04-1.519515623E-03
-2.122878826E-03-2.751824806E-03-3.407081089E-03-4.089107046E-03-4.798074432E-03
-5.533847955E-03-6.295964577E-03-7.083610426E-03-7.895599373E-03-8.730346724E-03
-9.585844506E-03-1.045963428E-02-1.134877928E-02-1.224984258E-02-1.315886681E-02
-1.407136996E-02-1.498235310E-02-1.588633256E-02-1.677740037E-02-1.764929092E-02
-1.849548480E-02-1.930933596E-02-2.008419797E-02-2.081349884E-02-2.149170049E-02
-2.211578101E-02-2.268325442E-02-2.319123720E-02-2.363684511E-02-2.401643179E-02
-2.432637986E-02-2.456282755E-02-2.472152394E-02-2.479813129E-02-2.478854086E-02
-2.468926328E-02-2.449720240E-02-2.420953565E-02-2.382345611E-02-2.333593883E-02
-2.274401309E-02-2.204525274E-02-2.123777000E-02-2.032073779E-02-1.929744773E-02
-1.817618370E-02-1.696780220E-02-1.568509931E-02-1.434187600E-02-1.295181354E-02
-1.152733542E-02-1.007867026E-02-8.613289375E-03-7.135862941E-03-5.648833653E-03
-4.153717808E-03-2.653262694E-03-1.154625266E-03 3.263641487E-04 1.763150784E-03
 6.058304598E-04 9.127961025E-05-4.437163709E-04-1.000845541E-03-1.581589854E-03
-2.187186671E-03-2.818628016E-03-3.476649604E-03-4.161716362E-03-4.874004644E-03
-5.613381131E-03-6.379383033E-03-7.171194203E-03-7.987622015E-03-8.827072324E-03
-9.687520925E-03-1.056648757E-02-1.146100617E-02-1.236760098E-02-1.328226859E-02
-1.420046951E-02-1.511714045E-02-1.602672254E-02-1.692321886E-02-1.780027563E-02
-1.865128562E-02-1.946951271E-02-2.024823603E-02-2.098075762E-02-2.166205620E-02
-2.228942866E-02-2.286045857E-02-2.337233886E-02-2.382197752E-02-2.420579167E-02
-2.452025879E-02-2.476131099E-02-2.492436471E-02-2.500495711E-02-2.499896158E-02
-2.490280464E-02-2.471335174E-02-2.442821971E-02-2.404459887E-02-2.355950609E-02
-2.297011185E-02-2.227376827E-02-2.146838742E-02-2.055281702E-02-1.952930420E-02
-1.840585697E-02-1.719339920E-02-1.590490922E-02-1.455448857E-02-1.315621264E-02
-1.172295332E-02-1.026538919E-02-8.791388306E-03-7.305911157E-03-5.811539783E-03
-4.309730385E-03-2.802919506E-03-1.297647558E-03 1.912197225E-04 1.637765696E-03
 5.667546236E-04 5.177535712E-05-4.837864655E-04-1.041625056E-03-1.623226321E-03
-2.229834146E-03-2.862446385E-03-3.521803870E-03-4.208375008E-03-4.922339048E-03
-5.663564725E-03-6.431589897E-03-7.225598527E-03-8.044395537E-03-8.886382472E-03
-9.749527789E-03-1.063133930E-02-1.152883539E-02-1.243851810E-02-1.335635674E-02
-1.427777830E-02-1.519767918E-02-1.611045636E-02-1.701006321E-02-1.789009415E-02
-1.874388793E-02-1.956465044E-02-2.034560905E-02-2.108001280E-02-2.176319780E-02
-2.239266327E-02-2.296595012E-02-2.348028286E-02-2.393249197E-02-2.431907727E-02
-2.463649318E-02-2.488053591E-02-2.504645190E-02-2.512974823E-02-2.512602953E-02
-2.503172732E-02-2.484402826E-02-2.456028869E-02-2.417818141E-02-2.369472443E-02
-2.310691566E-02-2.241208924E-02-2.160808073E-02-2.069361956E-02-1.967032925E-02
-1.854588397E-02-1.733124636E-02-1.603949842E-02-1.468492239E-02-1.328183723E-02
-1.184339635E-02-1.038056229E-02-8.901457721E-03-7.411233247E-03-5.912568880E-03
-4.406896633E-03-2.896475183E-03-1.387474840E-03 1.058266968E-04 1.557956086E-03
 5.441928990E-04 2.966291445E-05-5.054997253E-04-1.062993614E-03-1.644305624E-03
-2.250681074E-03-2.883118818E-03-3.542360783E-03-4.228876305E-03-4.942845729E-03
-5.684139406E-03-6.452296712E-03-7.246503682E-03-8.065567057E-03-8.907889841E-03
-9.771441732E-03-1.065373024E-02-1.155177266E-02-1.246206797E-02-1.338058028E-02
-1.430272979E-02-1.522340306E-02-1.613698561E-02-1.703741685E-02-1.791827541E-02
-1.877288295E-02-1.959442576E-02-2.037611182E-02-2.111117780E-02-2.179507483E-02
-2.242535322E-02-2.299953214E-02-2.351484309E-02-2.396811475E-02-2.435584003E-02
-2.467450010E-02-2.491975881E-02-2.508692196E-02-2.517137877E-02-2.516867469E-02
-2.507522207E-02-2.488828056E-02-2.460527623E-02-2.422387493E-02-2.374119311E-02
-2.315415772E-02-2.246008457E-02-2.165677526E-02-2.074292688E-02-1.971995550E-02
-1.859539594E-02-1.738022672E-02-1.608756815E-02-1.473176810E-02-1.332723462E-02
-1.188722487E-02-1.042280755E-02-8.942201929E-03-7.450633353E-03-5.950823202E-03
-4.444199967E-03-2.932960284E-03-1.423136456E-03 7.122060417E-05 1.524821696E-03
 5.381524549E-04 2.496095327E-05-5.088278449E-04-1.064914397E-03-1.644782777E-03
-2.249674176E-03-2.880583495E-03-3.538249622E-03-4.223140017E-03-4.935434501E-03
-5.675004441E-03-6.441391814E-03-7.233787007E-03-8.051002892E-03-8.891450463E-03
-9.753109337E-03-1.063349891E-02-1.152965035E-02-1.243807850E-02-1.335476527E-02
-1.427515024E-02-1.519414080E-02-1.610614409E-02-1.700512147E-02-1.788467313E-02
-1.873814120E-02-1.955873254E-02-2.033967251E-02-2.107420192E-02-2.175762471E-02
-2.238742053E-02-2.296112386E-02-2.347595019E-02-2.392872289E-02-2.431592369E-02
-2.463398778E-02-2.487872284E-02-2.504536253E-02-2.512939431E-02-2.512642324E-02
-2.503286063E-02-2.484589100E-02-2.456286598E-02-2.418144049E-02-2.369865158E-02
-2.311150347E-02-2.241733167E-02-2.161397052E-02-2.070014974E-02-1.967747061E-02
-1.855359266E-02-1.733948333E-02-1.604823333E-02-1.469413906E-02-1.329153948E-02
-1.185361320E-02-1.039135137E-02-8.912906629E-03-7.423457472E-03-5.925705187E-03
-4.421090011E-03-2.911856369E-03-1.404124413E-03 8.792712390E-05 1.538912309E-03
 5.486064348E-04 3.764981821E-05-4.937873177E-04-1.047403022E-03-1.624673877E-03
-2.226830945E-03-2.854859974E-03-3.509492504E-03-4.191191142E-03-4.900133477E-03
-5.636191193E-03-6.398909887E-03-7.187486507E-03-8.000744253E-03-8.837108507E-03
-9.694577247E-03-1.057069365E-02-1.146251743E-02-1.236659799E-02-1.327895771E-02
-1.419508156E-02-1.510992830E-02-1.601795960E-02-1.691319465E-02-1.778929237E-02
-1.863965293E-02-1.945754306E-02-2.023623791E-02-2.096902756E-02-2.165081741E-02
-2.227886047E-02-2.285072449E-02-2.336362082E-02-2.381440041E-02-2.419943312E-02
-2.451522345E-02-2.475767909E-02-2.492218516E-02-2.500427218E-02-2.499973655E-02
-2.490508014E-02-2.471713956E-02-2.443336599E-02-2.405113862E-02-2.356742335E-02
-2.297936550E-02-2.228430885E-02-2.148018072E-02-2.056583369E-02-1.954347712E-02
-1.842110537E-02-1.720965564E-02-1.592212272E-02-1.457263574E-02-1.317530921E-02
-1.174306443E-02-1.028663603E-02-8.813950917E-03-7.330023889E-03-5.837478549E-03
-4.337785969E-03-2.833351572E-03-1.330611424E-03 1.557735849E-04 1.600058090E-03
 5.754914824E-04 6.767061505E-05-4.604483469E-04-1.010546415E-03-1.584083334E-03
-2.182273003E-03-2.806086887E-03-3.456245190E-03-4.133203130E-03-4.837134399E-03
-5.567910563E-03-6.325081912E-03-7.107854130E-03-7.915065253E-03-8.745161095E-03
-9.596166791E-03-1.046566105E-02-1.135074612E-02-1.224802425E-02-1.315357866E-02
-1.406296454E-02-1.497121928E-02-1.587288857E-02-1.676208147E-02-1.763254482E-02
-1.847776566E-02-1.929109458E-02-2.006587307E-02-2.079556599E-02-2.147456896E-02
-2.209973083E-02-2.266846723E-02-2.317799443E-02-2.362533399E-02-2.400682439E-02
-2.431878401E-02-2.455733058E-02-2.471824438E-02-2.479706009E-02-2.478977008E-02
-2.469269336E-02-2.450283723E-02-2.421733943E-02-2.383330371E-02-2.334780885E-02
-2.275786591E-02-2.206105027E-02-2.125549810E-02-2.034031897E-02-1.931873060E-02
-1.819902218E-02-1.699207290E-02-1.571071274E-02-1.436879478E-02-1.298006784E-02
-1.155703473E-02-1.011001179E-02-8.646557914E-03-7.171422178E-03-5.687106409E-03
-4.195145244E-03-2.698232533E-03-1.203358864E-03 2.739708729E-04 1.707448564E-03
 6.186957376E-04 1.149195251E-04-4.089324015E-04-9.544943472E-04-1.523192132E-03
-2.116214025E-03-2.734512193E-03-3.378792355E-03-4.049500515E-03-4.746804888E-03
-5.470576960E-03-6.220371991E-03-6.995406155E-03-7.794535706E-03-8.616230974E-03
-9.458551764E-03-1.031912034E-02-1.119509408E-02-1.208314201E-02-1.297942381E-02
-1.387958467E-02-1.477875909E-02-1.567159895E-02-1.655232412E-02-1.741483723E-02
-1.825279095E-02-1.905968341E-02-1.982897144E-02-2.055409433E-02-2.122894528E-02
-2.184992044E-02-2.241442457E-02-2.291936883E-02-2.336190176E-02-2.373845761E-02
-2.404540119E-02-2.427879602E-02-2.443463269E-02-2.450878073E-02-2.449750291E-02
-2.439709098E-02-2.420403461E-02-2.391559365E-02-2.352858451E-02-2.304007772E-02
-2.244750392E-02-2.174828255E-02-2.094054283E-02-2.002422708E-02-1.900403909E-02
-1.788837923E-02-1.668802154E-02-1.541552383E-02-1.408431796E-02-1.270762375E-02
-1.129735858E-02-9.863259218E-03-8.412394415E-03-6.949174686E-03-5.475967773E-03
-3.994431981E-03-2.507702515E-03-1.023583897E-03 4.412073456E-04 1.859707577E-03
 6.780637838E-04 1.792223752E-04-3.394539130E-04-8.795084579E-04-1.442309437E-03
-2.029010514E-03-2.640540196E-03-3.277587844E-03-3.940588120E-03-4.629702247E-03
-5.344800928E-03-6.085443729E-03-6.850859111E-03-7.639922182E-03-8.451131329E-03
-9.282584912E-03-1.013195346E-02-1.099645665E-02-1.187283693E-02-1.275734577E-02
-1.364576133E-02-1.453337992E-02-1.541501325E-02-1.628505075E-02-1.713751143E-02
-1.796602464E-02-1.876414849E-02-1.952560979E-02-2.024432948E-02-2.091408663E-02
-2.152981030E-02-2.208865581E-02-2.258796253E-02-2.302444402E-02-2.339488055E-02
-2.369561977E-02-2.392277153E-02-2.407251145E-02-2.414083536E-02-2.412422884E-02
-2.401899066E-02-2.382140720E-02-2.352873827E-02-2.313761794E-02-2.264523089E-02
-2.204876941E-02-2.134621437E-02-2.053606528E-02-1.961929962E-02-1.860164284E-02
-1.749162153E-02-1.629999424E-02-1.503901206E-02-1.372157901E-02-1.236022910E-02
-1.096612919E-02-9.548302197E-03-8.113221872E-03-6.664899565E-03-5.205568838E-03
-3.737088952E-03-2.263206265E-03-7.928316203E-04 6.557652380E-04 2.055008095E-03
 7.535764222E-04 2.604055349E-04-2.522825293E-04-7.859220789E-04-1.341819143E-03
-1.921092925E-03-2.524648989E-03-3.153160082E-03-3.807047366E-03-4.486464165E-03
-5.191277464E-03-5.921049530E-03-6.675018998E-03-7.452079061E-03-8.250757366E-03
-9.069191751E-03-9.905127891E-03-1.075588637E-02-1.161832044E-02-1.248880832E-02
-1.336324818E-02-1.423704435E-02-1.510504612E-02-1.596170607E-02-1.680128433E-02
-1.761783390E-02-1.840528157E-02-1.915724451E-02-1.986735519E-02-2.052980820E-02
-2.113921251E-02-2.169154906E-02-2.218389316E-02-2.261335943E-02-2.297644266E-02
-2.326971436E-02-2.348970972E-02-2.363231075E-02-2.369369548E-02-2.367046727E-02
-2.355878467E-02-2.335588863E-02-2.305744540E-02-2.266112017E-02-2.216372420E-02
-2.156280862E-02-2.085613924E-02-2.004320209E-02-1.912715057E-02-1.811397478E-02
-1.701198049E-02-1.583168462E-02-1.458499537E-02-1.328428004E-02-1.194132421E-02
-1.056644917E-02-9.167873092E-03-7.751400905E-03-6.320612089E-03-4.877641132E-03
-3.424667529E-03-1.966269558E-03-5.127764744E-04 9.157155130E-04 2.291244342E-03
 8.453886156E-04 3.583669032E-04-1.476774522E-04-6.740880517E-04-1.222139845E-03
-1.792935680E-03-2.387367334E-03-3.006092374E-03-3.649518399E-03-4.317787622E-03
-5.010760590E-03-5.728001025E-03-6.468769191E-03-7.232002781E-03-8.016277145E-03
-8.819793272E-03-9.640355475E-03-1.047535188E-02-1.132171730E-02-1.217586040E-02
-1.303371350E-02-1.389086640E-02-1.474251431E-02-1.558348774E-02-1.640827286E-02
-1.721082766E-02-1.798494250E-02-1.872453948E-02-1.942386626E-02-2.007701743E-02
-2.067835056E-02-2.122301420E-02-2.170754216E-02-2.212868580E-02-2.248365855E-02
-2.276850189E-02-2.297988544E-02-2.311441401E-02-2.316777667E-02-2.313672161E-02
-2.301765348E-02-2.280800478E-02-2.250245536E-02-2.209984528E-02-2.159654365E-02
-2.099026652E-02-2.027945546E-02-1.946502972E-02-1.855114333E-02-1.754425075E-02
-1.645283333E-02-1.528691046E-02-1.405771369E-02-1.277683110E-02-1.145520831E-02
-1.010231877E-02-8.725561310E-03-7.330064424E-03-5.919018729E-03-4.494555188E-03
-3.059333812E-03-1.619003926E-03-1.856655599E-04 1.218644353E-03 2.565923623E-03
 9.534380267E-04 4.728210618E-04-2.602938447E-05-5.444492730E-04-1.083751366E-03
-1.645059009E-03-2.229261993E-03-2.837006017E-03-3.468692538E-03-4.124467870E-03
-4.804199492E-03-5.507463010E-03-6.233530335E-03-6.981350559E-03-7.749533522E-03
-8.536316046E-03-9.339503504E-03-1.015647750E-02-1.098427771E-02-1.181955362E-02
-1.265853703E-02-1.349704975E-02-1.433046484E-02-1.515353673E-02-1.596071221E-02
-1.674627300E-02-1.750459412E-02-1.822978567E-02-1.891581175E-02-1.955695446E-02
-2.014784042E-02-2.068337195E-02-2.115878225E-02-2.157116813E-02-2.191629978E-02
-2.219211252E-02-2.239396353E-02-2.251915260E-02-2.256351190E-02-2.252350541E-02
-2.239605821E-02-2.217786272E-02-2.186483799E-02-2.145461065E-02-2.094473920E-02
-2.033273277E-02-1.961873199E-02-1.880497229E-02-1.789573610E-02-1.689760192E-02
-1.581913405E-02-1.467027619E-02-1.346160057E-02-1.220363803E-02-1.090628493E-02
-9.578002420E-03-8.225333130E-03-6.852814908E-03-5.463365386E-03-4.059253843E-03
-2.643842471E-03-1.224175168E-03 1.854840215E-04 1.561355841E-03 2.875755965E-03
 1.076750272E-03 6.030311915E-04 1.120623761E-04-3.975521569E-04-9.272010703E-04
-1.478060527E-03-2.051034121E-03-2.646762200E-03-3.265628712E-03-3.907758744E-03
-4.573008912E-03-5.260955917E-03-5.970870719E-03-6.701676566E-03-7.451946588E-03
-8.219951574E-03-9.003640082E-03-9.800593875E-03-1.060801629E-02-1.142272195E-02
-1.224105851E-02-1.305877312E-02-1.387125347E-02-1.467356866E-02-1.546064993E-02
-1.622715325E-02-1.696731972E-02-1.767528560E-02-1.834535800E-02-1.897196751E-02
-1.954971741E-02-2.007328643E-02-2.053845610E-02-2.094023098E-02-2.127547066E-02
-2.154060143E-02-2.173224623E-02-2.184685117E-02-2.188131660E-02-2.183132813E-02
-2.169442747E-02-2.146634096E-02-2.114560508E-02-2.072671049E-02-2.020997274E-02
-1.959352813E-02-1.887846788E-02-1.806771883E-02-1.716590610E-02-1.617958423E-02
-1.511706456E-02-1.398792018E-02-1.280219662E-02-1.156965740E-02-1.029902395E-02
-8.997605694E-03-7.671048188E-03-6.323280040E-03-4.957033041E-03-3.574945561E-03
-2.181392315E-03-7.851816577E-04 5.969028585E-04 1.939901024E-03 3.216665382E-03
 1.213692559E-03 7.478662619E-04 2.657631906E-04-2.341391104E-04-7.532793889E-04
-1.292839241E-03-1.853695645E-03-2.436457265E-03-3.041479911E-03-3.668858827E-03
-4.318403370E-03-4.989634329E-03-5.681807407E-03-6.393916055E-03-7.124649237E-03
-7.872377583E-03-8.635141418E-03-9.410635783E-03-1.019611347E-02-1.098830530E-02
-1.178359016E-02-1.257799050E-02-1.336724288E-02-1.414685148E-02-1.491178315E-02
-1.565664747E-02-1.637595309E-02-1.706416546E-02-1.771573597E-02-1.832514804E-02
-1.888680243E-02-1.939597683E-02-1.984782284E-02-2.023710000E-02-2.056121067E-02
-2.081455045E-02-2.099512166E-02-2.109812051E-02-2.112184259E-02-2.106093699E-02
-2.091350822E-02-2.067492480E-02-2.034578494E-02-1.991895051E-02-1.939642392E-02
-1.877800655E-02-1.806446993E-02-1.725940075E-02-1.636785604E-02-1.539637625E-02
-1.435290311E-02-1.324635320E-02-1.208601848E-02-1.088078252E-02-9.638508299E-03
-8.365526546E-03-7.066529668E-03-5.744886792E-03-4.403286574E-03-3.044916930E-03
-1.675456941E-03-3.059116366E-04 1.044259421E-03 2.349700390E-03 3.583885280E-03
 1.362870827E-03 9.064132653E-04 4.343229699E-04-5.494429974E-05-5.627539917E-04
-1.090209867E-03-1.638114206E-03-2.206996023E-03-2.797132327E-03-3.408566308E-03
-4.041123699E-03-4.694377995E-03-5.367636637E-03-6.059929357E-03-6.769998718E-03
-7.496280597E-03-8.236811319E-03-8.989190209E-03-9.750700392E-03-1.051828888E-02
-1.128855961E-02-1.205792411E-02-1.282227127E-02-1.357705364E-02-1.431737476E-02
-1.503820522E-02-1.573430676E-02-1.640033506E-02-1.703084368E-02-1.762019194E-02
-1.816332526E-02-1.865554689E-02-1.909065514E-02-1.946564435E-02-1.977545363E-02
-2.001572051E-02-2.018378049E-02-2.027413768E-02-2.028629843E-02-2.021380545E-02
-2.005532106E-02-1.980687874E-02-1.946934360E-02-1.903727895E-02-1.851093261E-02
-1.789276343E-02-1.718372745E-02-1.638727457E-02-1.550887409E-02-1.455507649E-02
-1.353340431E-02-1.245204703E-02-1.131932833E-02-1.014315159E-02-8.930407984E-03
-7.686626756E-03-6.415923530E-03-5.121281017E-03-3.805465324E-03-2.472491911E-03
-1.129719340E-03 2.092337339E-04 1.522703527E-03 2.785628007E-03 3.972078306E-03
 1.524391819E-03 1.078566330E-03 6.174451112E-04 1.395882575E-04-3.561822457E-04
-8.707778803E-04-1.404866137E-03-1.958924550E-03-2.533226726E-03-3.127828200E-03
-3.742553009E-03-4.376984517E-03-5.030452203E-03-5.702012993E-03-6.390365790E-03
-7.093845955E-03-7.810511331E-03-8.538116596E-03-9.274080601E-03-1.001563275E-02
-1.075959209E-02-1.150231820E-02-1.223977021E-02-1.296761942E-02-1.368131631E-02
-1.437602629E-02-1.504674250E-02-1.568825105E-02-1.629506332E-02-1.686200203E-02
-1.738449797E-02-1.785632996E-02-1.827294602E-02-1.863100724E-02-1.892403528E-02
-1.914936286E-02-1.930302700E-02-1.937957976E-02-1.937944305E-02-1.929519381E-02
-1.912600163E-02-1.886908611E-02-1.852395417E-02-1.808909664E-02-1.756155103E-02
-1.694589317E-02-1.624417018E-02-1.545937994E-02-1.459694821E-02-1.366339182E-02
-1.266581865E-02-1.161164773E-02-1.050823446E-02-9.362396967E-03-8.180052434E-03
-6.965958434E-03-5.723751290E-03-4.456441015E-03-3.167301229E-03-1.861491094E-03
-5.484245160E-04 7.553411552E-04 2.027005003E-03 3.242111147E-03 4.375348674E-03
 1.699369899E-03 1.264864941E-03 8.152071817E-04 3.492626693E-04-1.338830092E-04
-6.349782736E-04-1.154620920E-03-1.693243063E-03-2.251094058E-03-2.828219905E-03
-3.424445944E-03-4.039352393E-03-4.672201355E-03-5.321949979E-03-5.987307695E-03
-6.666714330E-03-7.358303298E-03-8.059999152E-03-8.769445328E-03-9.483841037E-03
-1.020001923E-02-1.091443899E-02-1.162332805E-02-1.232261697E-02-1.300793321E-02
-1.367468569E-02-1.431800883E-02-1.493270981E-02-1.551368306E-02-1.605646639E-02
-1.655532676E-02-1.700450992E-02-1.740109258E-02-1.773930362E-02-1.801401002E-02
-1.822266061E-02-1.836040624E-02-1.842234113E-02-1.840941211E-02-1.831348626E-02
-1.813415559E-02-1.787005711E-02-1.751875729E-02-1.708293513E-02-1.655728162E-02
-1.594655075E-02-1.525452263E-02-1.448422151E-02-1.364035331E-02-1.272923571E-02
-1.175751632E-02-1.073188143E-02-9.658728363E-03-8.543872476E-03-7.392279616E-03
-6.208015222E-03-4.994429018E-03-3.754720654E-03-2.493080661E-03-1.216414990E-03
 6.324081975E-05 1.326748326E-03 2.551343671E-03 3.713173692E-03 4.787517888E-03
 1.888922016E-03 1.465643232E-03 1.027521893E-03 5.736922482E-04 1.034543993E-04
-3.837866995E-04-8.885604377E-04-1.411276677E-03-1.952178511E-03-2.511293642E-03
-3.088372665E-03-3.682902700E-03-4.294147536E-03-4.921128734E-03-5.562592188E-03
-6.217058282E-03-6.882855477E-03-7.557916539E-03-8.239838480E-03-8.925875482E-03
-9.612980063E-03-1.029786844E-02-1.097693788E-02-1.164629090E-02-1.230178467E-02
-1.293896754E-02-1.355303343E-02-1.413910294E-02-1.469286409E-02-1.520922992E-02
-1.568202201E-02-1.610752920E-02-1.648178479E-02-1.679810796E-02-1.705321061E-02
-1.724372452E-02-1.736438740E-02-1.741124836E-02-1.738530036E-02-1.727801660E-02
-1.708934060E-02-1.681932691E-02-1.646382573E-02-1.602829047E-02-1.550753632E-02
-1.490429020E-02-1.422410191E-02-1.347042805E-02-1.264731303E-02-1.176032409E-02
-1.081563760E-02-9.819211687E-03-8.776583909E-03-7.692655796E-03-6.571609787E-03
-5.416970768E-03-4.231985616E-03-3.020376014E-03-1.787593997E-03-5.427427622E-04
 6.990005578E-04 1.917058396E-03 3.089200080E-03 4.192198590E-03 5.201905152E-03
 2.093031151E-03 1.680580989E-03 1.253801170E-03 8.120616265E-04 3.548457603E-04
-1.183131447E-04-6.078949326E-04-1.114310735E-03-1.637752976E-03-2.178182662E-03
-2.735351892E-03-3.308787621E-03-3.897766728E-03-4.501333174E-03-5.118374917E-03
-5.747458339E-03-6.386831212E-03-7.034446413E-03-7.687936753E-03-8.344707532E-03
-9.001899817E-03-9.656346996E-03-1.030460854E-02-1.094298705E-02-1.156746715E-02
-1.217367358E-02-1.275705476E-02-1.331352564E-02-1.383857771E-02-1.432624438E-02
-1.477188994E-02-1.517251877E-02-1.552224138E-02-1.581561835E-02-1.605003642E-02
-1.622133861E-02-1.632418451E-02-1.635582582E-02-1.631689481E-02-1.619878472E-02
-1.600172123E-02-1.572702113E-02-1.536951525E-02-1.493534614E-02-1.442180622E-02
-1.382864278E-02-1.316213235E-02-1.242654395E-02-1.162562362E-02-1.076388351E-02
-9.846774616E-03-8.879593586E-03-7.867114877E-03-6.813497251E-03-5.722319228E-03
-4.596826192E-03-3.440450477E-03-2.257765337E-03-1.055951013E-03 1.531573145E-04
 1.351739667E-03 2.519078681E-03 3.633389240E-03 4.671975714E-03 5.611250190E-03
 2.311177006E-03 1.908987574E-03 1.493182745E-03 1.063373736E-03 6.192067657E-04
 1.603091816E-04-3.137280880E-04-8.033106840E-04-1.308683552E-03-1.829862997E-03
-2.366615703E-03-2.918465997E-03-3.484775164E-03-4.064656497E-03-4.656916019E-03
-5.260095566E-03-5.872457385E-03-6.491994127E-03-7.116493513E-03-7.743472407E-03
-8.370160593E-03-8.993539315E-03-9.610332016E-03-1.021695110E-02-1.080945940E-02
-1.138368602E-02-1.193581897E-02-1.246182893E-02-1.295633573E-02-1.341422591E-02
-1.383241539E-02-1.420663663E-02-1.453049048E-02-1.480032863E-02-1.501320964E-02
-1.516462289E-02-1.524936351E-02-1.526589158E-02-1.521424853E-02-1.508600703E-02
-1.488160446E-02-1.460336395E-02-1.424583931E-02-1.381425868E-02-1.330941419E-02
-1.272858313E-02-1.207722910E-02-1.136065043E-02-1.058245451E-02-9.746370578E-03
-8.856772526E-03-7.918296262E-03-6.935073295E-03-5.910725113E-03-4.848483985E-03
-3.751604748E-03-2.624082714E-03-1.471784998E-03-3.041147283E-04 8.641028583E-04
 2.013937624E-03 3.125054858E-03 4.176074568E-03 5.144688604E-03 6.007780791E-03
 2.542122003E-03 2.149396126E-03 1.744131542E-03 1.326144749E-03 8.952043430E-04
 4.509764010E-04-6.986267264E-06-4.792105013E-04-9.660540732E-04-1.467562197E-03
-1.983550171E-03-2.513616558E-03-3.057061770E-03-3.612935589E-03-4.180041315E-03
-4.756915171E-03-5.341883755E-03-5.933056202E-03-6.528283016E-03-7.125150551E-03
-7.721018795E-03-8.312996712E-03-8.897897639E-03-9.472204916E-03-1.003214438E-02
-1.057419396E-02-1.109472257E-02-1.158912098E-02-1.205220593E-02-1.248030161E-02
-1.287038890E-02-1.321690422E-02-1.351452391E-02-1.376052012E-02-1.395140415E-02
-1.408263486E-02-1.414936233E-02-1.415111107E-02-1.408721506E-02-1.394963350E-02
-1.373894650E-02-1.345820993E-02-1.310225577E-02-1.267456736E-02-1.217907993E-02
-1.161211917E-02-1.097708435E-02-1.027987089E-02-9.524220454E-03-8.713356278E-03
-7.850624908E-03-6.939827458E-03-5.984630452E-03-4.988304528E-03-3.954060204E-03
-2.885531737E-03-1.787705118E-03-6.682546944E-04 4.606788533E-04 1.582259518E-03
 2.677674600E-03 3.726933783E-03 4.709028396E-03 5.602040561E-03 6.383222854E-03
 2.782829565E-03 2.398921565E-03 2.004032379E-03 1.598123042E-03 1.181069927E-03
 7.523431219E-04 3.111712665E-04-1.431455181E-04-6.110438953E-04-1.092648375E-03
-1.587738328E-03-2.095813829E-03-2.616141559E-03-3.147754433E-03-3.689448431E-03
-4.239840043E-03-4.797318770E-03-5.360031273E-03-5.925884067E-03-6.492572803E-03
-7.057553955E-03-7.618006721E-03-8.170803968E-03-8.712559839E-03-9.240038175E-03
-9.749974714E-03-1.023846938E-02-1.070055617E-02-1.113221378E-02-1.153083286E-02
-1.189220247E-02-1.221048640E-02-1.248197613E-02-1.270406171E-02-1.287287246E-02
-1.298397463E-02-1.303309005E-02-1.302056036E-02-1.294500170E-02-1.279889316E-02
-1.258289854E-02-1.230055760E-02-1.194730687E-02-1.152471476E-02-1.103868544E-02
-1.048621148E-02-9.868184177E-03-9.190153520E-03-8.456327818E-03-7.669535118E-03
-6.832464591E-03-5.948023395E-03-5.019455732E-03-4.049993675E-03-3.043120111E-03
-2.003308979E-03-9.370445236E-04 1.456336459E-04 1.230126922E-03 2.299276993E-03
 3.334552054E-03 4.316276611E-03 5.223768234E-03 6.035451279E-03 6.728946536E-03
 3.028153361E-03 2.652897131E-03 2.269159256E-03 1.876852769E-03 1.475219346E-03
 1.063183044E-03 6.396592916E-04 2.037687386E-04-2.449589458E-04-7.064961349E-04
-1.180493516E-03-1.666392236E-03-2.163421911E-03-2.670626596E-03-3.186870798E-03
-3.710797391E-03-4.240818862E-03-4.775129124E-03-5.311720899E-03-5.848361198E-03
-6.382558219E-03-6.911538120E-03-7.432279798E-03-7.941820865E-03-8.437244721E-03
-8.915202077E-03-9.371194892E-03-9.801164670E-03-1.020222451E-02-1.057136303E-02
-1.090359969E-02-1.119399152E-02-1.143978937E-02-1.163813707E-02-1.178511878E-02
-1.187643891E-02-1.190856904E-02-1.188236524E-02-1.179579338E-02-1.164192001E-02
-1.142144397E-02-1.113816915E-02-1.078829461E-02-1.037170717E-02-9.894851464E-03
-9.356601985E-03-8.755609346E-03-8.096239562E-03-7.383076463E-03-6.618812268E-03
-5.805741164E-03-4.946182775E-03-4.042990833E-03-3.099598880E-03-2.120194699E-03
-1.110538740E-03-7.919930323E-05 9.612525689E-04 1.995412014E-03 3.006337944E-03
 3.975764763E-03 4.884271495E-03 5.711469929E-03 6.436099511E-03 7.036105287E-03
 3.271409892E-03 2.907400236E-03 2.537795200E-03 2.161524597E-03 1.777127792E-03
 1.383041790E-03 9.778144518E-04 5.605412220E-04 1.310800641E-04-3.102805070E-04
-7.630653891E-04-1.226655987E-03-1.700315699E-03-2.183136981E-03-2.674000809E-03
-3.171565309E-03-3.674285832E-03-4.180419544E-03-4.688010099E-03-5.194859143E-03
-5.698509444E-03-6.196273968E-03-6.685450210E-03-7.163437542E-03-7.627295453E-03
-8.073155931E-03-8.497028748E-03-8.895708512E-03-9.266913629E-03-9.606736321E-03
-9.910016245E-03-1.017321524E-02-1.039394479E-02-1.056901254E-02-1.069465965E-02
-1.076676283E-02-1.078266846E-02-1.074343364E-02-1.064648655E-02-1.048549827E-02
-1.026116285E-02-9.977362373E-03-9.631097546E-03-9.220921034E-03-8.752780087E-03
-8.227772507E-03-7.643223596E-03-7.001724772E-03-6.307775072E-03-5.564347358E-03
-4.773513498E-03-3.937425962E-03-3.058779563E-03-2.141437099E-03-1.190727179E-03
-2.142339618E-04 7.770447502E-04 1.769354700E-03 2.747356456E-03 3.694301060E-03
 4.592165600E-03 5.421792468E-03 6.163029030E-03 6.794890643E-03 7.295628596E-03
 3.511422674E-03 3.163080895E-03 2.811076367E-03 2.453463785E-03 2.087985684E-03
 1.712301044E-03 1.325160174E-03 9.262828985E-04 5.159590800E-04 9.473823262E-05
-3.367702077E-04-7.780116637E-04-1.228320118E-03-1.686822843E-03-2.152422185E-03
-2.623821003E-03-3.099516271E-03-3.577798715E-03-4.056730241E-03-4.534134853E-03
-5.007626468E-03-5.474748532E-03-5.933179400E-03-6.380299522E-03-6.812876055E-03
-7.227054378E-03-7.619604355E-03-7.988287909E-03-8.330171463E-03-8.640928691E-03
-8.916106820E-03-9.153062071E-03-9.349435655E-03-9.501894572E-03-9.606871297E-03
-9.660487317E-03-9.660952580E-03-9.609309104E-03-9.502555027E-03-9.334947021E-03
-9.107140201E-03-8.822952905E-03-8.480140223E-03-8.076303932E-03-7.616302584E-03
-7.103137576E-03-6.533864902E-03-5.909173502E-03-5.233023137E-03-4.508840371E-03
-3.738779819E-03-2.925156658E-03-2.071000673E-03-1.180892365E-03-2.617007986E-04
 6.767288697E-04 1.622055234E-03 2.560401456E-03 3.476506799E-03 4.353779133E-03
 5.174407919E-03 5.919481729E-03 6.569106992E-03 7.102523869E-03 7.498243651E-03
 3.752267383E-03 3.424319820E-03 3.093466941E-03 2.755980640E-03 2.408824101E-03
 2.050502273E-03 1.680644413E-03 1.299595143E-03 9.081118129E-04 5.070332203E-04
 9.686997910E-05-3.219686037E-04-7.489211723E-04-1.183175278E-03-1.623689931E-03
-2.069191025E-03-2.518193581E-03-2.968989452E-03-3.419649346E-03-3.868054057E-03
-4.311979400E-03-4.749345959E-03-5.177814689E-03-5.594672763E-03-5.996343260E-03
-6.379723084E-03-6.742282549E-03-7.081920097E-03-7.395141902E-03-7.677459934E-03
-7.925623643E-03-8.137392282E-03-8.310225148E-03-8.440873555E-03-8.525942102E-03
-8.561880747E-03-8.547651990E-03-8.484154706E-03-8.368053187E-03-8.194147681E-03
-7.963026661E-03-7.678344950E-03-7.338512501E-03-6.940575557E-03-6.488045214E-03
-5.985141949E-03-5.429613891E-03-4.820556089E-03-4.161093998E-03-3.454966711E-03
-2.704903263E-03-1.913683368E-03-1.085156288E-03-2.251085056E-04 6.577565297E-04
 1.552338749E-03 2.445973921E-03 3.324662377E-03 4.173217118E-03 4.975198482E-03
 5.712979775E-03 6.367871958E-03 6.920225983E-03 7.349534851E-03 7.634530716E-03
 4.002985795E-03 3.699087036E-03 3.388974570E-03 3.069273369E-03 2.738300908E-03
 2.395647958E-03 2.041786918E-03 1.677979600E-03 1.305450661E-03 9.247704318E-04
 5.361818776E-04 1.399120313E-04-2.636354140E-04-6.737429466E-04-1.089377740E-03
-1.509268241E-03-1.931912298E-03-2.355592680E-03-2.778419769E-03-3.198383723E-03
-3.613612544E-03-4.022026273E-03-4.421294555E-03-4.808260942E-03-5.179920544E-03
-5.533621443E-03-5.867572165E-03-6.178995009E-03-6.464173005E-03-6.719152270E-03
-6.941470820E-03-7.129100397E-03-7.279287772E-03-7.388975931E-03-7.454930348E-03
-7.474002808E-03-7.445754076E-03-7.370862375E-03-7.245749705E-03-7.065705805E-03
-6.831233251E-03-6.545759981E-03-6.208247999E-03-5.815520350E-03-5.369754983E-03
-4.875591877E-03-4.332214959E-03-3.737769445E-03-3.094369819E-03-2.405964310E-03
-1.676245076E-03-9.088533827E-04-1.088903264E-04 7.163049405E-04 1.557131524E-03
 2.402221770E-03 3.238669380E-03 4.052259674E-03 4.827725895E-03 5.548864767E-03
 6.198248557E-03 6.757387472E-03 7.206858024E-03 7.526392743E-03 7.694968522E-03
 4.272705250E-03 3.989193599E-03 3.695623310E-03 3.390175877E-03 3.072450826E-03
 2.743267006E-03 2.404825105E-03 2.058765477E-03 1.705794964E-03 1.346065896E-03
 9.795023872E-04 6.060169378E-04 2.258957020E-04-1.601522762E-04-5.510977399E-04
-9.456412157E-04-1.342245852E-03-1.739204799E-03-2.134690477E-03-2.526997392E-03
-2.914283857E-03-3.294506878E-03-3.665001238E-03-4.022846110E-03-4.365492225E-03
-4.690981070E-03-4.997288273E-03-5.281348772E-03-5.539279110E-03-5.768134044E-03
-5.965818639E-03-6.130282816E-03-6.258736528E-03-6.348308243E-03-6.395920843E-03
-6.398891277E-03-6.357202923E-03-6.271276220E-03-6.137378950E-03-5.951233398E-03
-5.713247264E-03-5.426589785E-03-5.090696596E-03-4.702409709E-03-4.262729517E-03
-3.776190910E-03-3.243687351E-03-2.663204232E-03-2.036001488E-03-1.366295067E-03
-6.588961081E-04 8.117004841E-05 8.474632815E-04 1.632118539E-03 2.425415538E-03
 3.215638466E-03 3.989649693E-03 4.732988865E-03 5.430180391E-03 6.065023327E-03
 6.620513681E-03 7.078380697E-03 7.419407668E-03 7.623551301E-03 7.670020926E-03
 4.558903585E-03 4.289686641E-03 4.007378230E-03 3.711637189E-03 3.404304234E-03
 3.088688334E-03 2.766847603E-03 2.439688714E-03 2.107341704E-03 1.769429166E-03
 1.425287118E-03 1.074712856E-03 7.180236315E-04 3.559403199E-04-1.050497739E-05
-3.799744269E-04-7.508967495E-04-1.121566808E-03-1.490371977E-03-1.855670360E-03
-2.215664626E-03-2.568168083E-03-2.910432591E-03-3.240070182E-03-3.554908670E-03
-3.853382580E-03-4.132920411E-03-4.390323630E-03-4.622101042E-03-4.826006899E-03
-5.000191555E-03-5.142428330E-03-5.250030912E-03-5.320283139E-03-5.350272700E-03
-5.337835563E-03-5.283197354E-03-5.186517605E-03-5.043996733E-03-4.851738079E-03
-4.610057764E-03-4.321863139E-03-3.987013639E-03-3.602552424E-03-3.168535497E-03
-2.689141935E-03-2.166884372E-03-1.600415657E-03-9.906708421E-04-3.422875982E-04
 3.386098824E-04 1.045727935E-03 1.772342373E-03 2.510643013E-03 3.251051179E-03
 3.981367386E-03 4.687985904E-03 5.356215678E-03 5.970323635E-03 6.513879701E-03
 6.970054393E-03 7.321174938E-03 7.548243897E-03 7.631427008E-03 7.550153379E-03
 4.852873335E-03 4.590556308E-03 4.313235174E-03 4.024721170E-03 3.729213970E-03
 3.429227720E-03 3.125925901E-03 2.819481526E-03 2.509141800E-03 2.193587199E-03
 1.872083469E-03 1.544505398E-03 1.211212401E-03 8.728842523E-04 5.305902092E-04
 1.857684029E-04-1.599426181E-04-5.048922397E-04-8.475229483E-04-1.186264266E-03
-1.519361454E-03-1.844428007E-03-2.159231211E-03-2.461596116E-03-2.749932553E-03
-3.022225454E-03-3.275786662E-03-3.507262850E-03-3.714012025E-03-3.894099893E-03
-4.045782615E-03-4.166679990E-03-4.254254517E-03-4.305926867E-03-4.318961551E-03
-4.291737860E-03-4.224578936E-03-4.117402057E-03-3.966429989E-03-3.768108297E-03
-3.522681008E-03-3.232819956E-03-2.898790597E-03-2.517981582E-03-2.089776511E-03
-1.617938194E-03-1.106254846E-03-5.548738126E-04 3.476103170E-05 6.574330882E-04
 1.305941222E-03 1.973719100E-03 2.654307919E-03 3.340139926E-03 4.021955328E-03
 4.687572311E-03 5.322213673E-03 5.910803713E-03 6.437358237E-03 6.885170458E-03
 7.237153996E-03 7.476102509E-03 7.583735319E-03 7.540427894E-03 7.325817050E-03
 5.139561436E-03 4.876854151E-03 4.603947161E-03 4.325718542E-03 4.045175611E-03
 3.763793400E-03 3.481835255E-03 3.198004580E-03 2.910278662E-03 2.617358333E-03
 2.318634526E-03 2.014055236E-03 1.703843130E-03 1.388687985E-03 1.069842855E-03
 7.489068412E-04 4.277510982E-04 1.081447800E-04-2.084861128E-04-5.207833831E-04
-8.269809157E-04-1.125130631E-03-1.413240577E-03-1.689477225E-03-1.952211834E-03
-2.199041879E-03-2.427193623E-03-2.633641122E-03-2.816388841E-03-2.973718164E-03
-3.103777708E-03-3.204165757E-03-3.272479444E-03-3.306268019E-03-3.303001057E-03
-3.261560011E-03-3.182305479E-03-3.064940623E-03-2.905810362E-03-2.701683488E-03
-2.452776545E-03-2.161590198E-03-1.828813947E-03-1.452299270E-03-1.031012182E-03
-5.682990331E-04-6.876295750E-05 4.653419128E-04 1.031267001E-03 1.623277233E-03
 2.233370391E-03 2.854870358E-03 3.482486538E-03 4.109178494E-03 4.726140456E-03
 5.321716869E-03 5.880203920E-03 6.385027251E-03 6.819928346E-03 7.167920186E-03
 7.411609599E-03 7.533531561E-03 7.516280684E-03 7.340982891E-03 6.987474906E-03
 5.401706447E-03 5.141085363E-03 4.877262094E-03 4.613773993E-03 4.352462335E-03
 4.093671933E-03 3.835326505E-03 3.574689995E-03 3.309872860E-03 3.039748166E-03
 2.763804850E-03 2.481690734E-03 2.193578959E-03 1.900427427E-03 1.603731792E-03
 1.305664988E-03 1.008701938E-03 7.145035538E-04 4.242013864E-04 1.387480420E-04
-1.406816112E-04-4.125229776E-04-6.748817828E-04-9.260538568E-04-1.163822914E-03
-1.385737399E-03-1.588961941E-03-1.771260520E-03-1.930946138E-03-2.066455758E-03
-2.175720451E-03-2.256397459E-03-2.306205475E-03-2.322815174E-03-2.303928593E-03
-2.248858002E-03-2.158002614E-03-2.030911034E-03-1.864170555E-03-1.654887805E-03
-1.403340523E-03-1.111980770E-03-7.819782773E-04-4.117267072E-04 8.491335885E-08
 4.507653537E-04 9.355286867E-04 1.450073593E-03 1.989261872E-03 2.546206905E-03
 3.112188465E-03 3.680189084E-03 4.246980250E-03 4.807021050E-03 5.352099407E-03
 5.871216667E-03 6.349066637E-03 6.766458224E-03 7.106037167E-03 7.350541509E-03
 7.482265648E-03 7.483394226E-03 7.336333139E-03 7.023566300E-03 6.525626543E-03
 5.634982432E-03 5.382716682E-03 5.133983911E-03 4.891047212E-03 4.654210922E-03
 4.420381676E-03 4.186128682E-03 3.948952637E-03 3.707180710E-03 3.459796714E-03
 3.205748481E-03 2.944544570E-03 2.676706253E-03 2.403504283E-03 2.127321343E-03
 1.851791200E-03 1.579372122E-03 1.311412844E-03 1.048361312E-03 7.899889381E-04
 5.368431300E-04 2.903567528E-04 5.251073637E-05-1.743224306E-04-3.876031359E-04
-5.848474643E-04-7.636950389E-04-9.225991865E-04-1.060109438E-03-1.174620755E-03
-1.263918807E-03-1.325738226E-03-1.357894787E-03-1.358147922E-03-1.324427765E-03
-1.256399708E-03-1.154562496E-03-1.018443569E-03-8.450412808E-04-6.318787357E-04
-3.794643826E-04-9.041121926E-05 2.335601819E-04 5.936417217E-04 9.918666051E-04
 1.427061023E-03 1.894638381E-03 2.388215818E-03 2.898979207E-03 3.417488026E-03
 3.934384525E-03 4.442173718E-03 4.939244158E-03 5.424005924E-03 5.889137432E-03
 6.324384328E-03 6.715325735E-03 7.041877318E-03 7.282955111E-03 7.420762973E-03
 7.437290747E-03 7.314376521E-03 7.034020655E-03 6.578717530E-03 5.930827766E-03
 5.840828010E-03 5.604700377E-03 5.378653219E-03 5.162642410E-03 4.952423209E-03
 4.743889388E-03 4.533917207E-03 4.320264867E-03 4.101365826E-03 3.875339604E-03
 3.640881433E-03 3.397920874E-03 3.147353629E-03 2.891552139E-03 2.635607519E-03
 2.383394571E-03 2.137038439E-03 1.897174595E-03 1.662008125E-03 1.430240262E-03
 1.202122960E-03 9.792690437E-04 7.647122359E-04 5.616001827E-04 3.726054612E-04
 1.999467291E-04 4.499589251E-05-9.115155737E-05-2.072789758E-04-3.015928819E-04
-3.718809066E-04-4.159682533E-04-4.316608024E-04-4.166773997E-04-3.690713481E-04
-2.888105511E-04-1.766640527E-04-3.244650223E-05 1.461138848E-04 3.608881305E-04
 6.109035384E-04 8.932961133E-04 1.206135625E-03 1.550820062E-03 1.930822769E-03
 2.347224579E-03 2.795623760E-03 3.267615794E-03 3.749927338E-03 4.228211254E-03
 4.692221659E-03 5.134006345E-03 5.552428492E-03 5.951890955E-03 6.327721829E-03
 6.670484969E-03 6.966694999E-03 7.197213703E-03 7.337138777E-03 7.365552536E-03
 7.264136315E-03 7.014390649E-03 6.597930343E-03 5.996783410E-03 5.193706729E-03
 6.024798378E-03 5.814386962E-03 5.618141341E-03 5.430692718E-03 5.247259519E-03
 5.064082645E-03 4.878332405E-03 4.687846786E-03 4.489788751E-03 4.281896969E-03
 4.063351988E-03 3.834509380E-03 3.597453658E-03 3.358800797E-03 3.124458655E-03
 2.897942190E-03 2.680817688E-03 2.470404243E-03 2.262710048E-03 2.055947816E-03
 1.850282188E-03 1.649018576E-03 1.456647289E-03 1.276814590E-03 1.112190903E-03
 9.639277693E-04 8.324759047E-04 7.184923467E-04 6.230201739E-04 5.479113768E-04
 4.951850346E-04 4.669573410E-04 4.658023058E-04 4.944204737E-04 5.549801658E-04
 6.470946649E-04 7.692633117E-04 9.206265114E-04 1.102167452E-03 1.315051996E-03
 1.557899523E-03 1.827892328E-03 2.123420301E-03 2.446697367E-03 2.803248092E-03
 3.197340270E-03 3.624749233E-03 4.075103876E-03 4.530479091E-03 4.968815847E-03
 5.377782409E-03 5.749070409E-03 6.081488794E-03 6.384148714E-03 6.659795946E-03
 6.900030757E-03 7.092333276E-03 7.218735442E-03 7.254172634E-03 7.171048071E-03
 6.949468780E-03 6.570606280E-03 6.015705770E-03 5.266362639E-03 4.304818369E-03
 6.197331023E-03 6.019876807E-03 5.854426708E-03 5.695523008E-03 5.538763307E-03
 5.380714648E-03 5.218573847E-03 5.048421687E-03 4.866906323E-03 4.672306867E-03
 4.464271224E-03 4.244309080E-03 4.020378351E-03 3.800983313E-03 3.591641649E-03
 3.395473684E-03 3.210340331E-03 3.029080485E-03 2.846935321E-03 2.661708407E-03
 2.475233221E-03 2.293762610E-03 2.122769128E-03 1.966354823E-03 1.826264585E-03
 1.702166580E-03 1.593804949E-03 1.501320802E-03 1.425556008E-03 1.368031529E-03
 1.330295277E-03 1.314827026E-03 1.325339886E-03 1.365758958E-03 1.438989549E-03
 1.543549751E-03 1.676231051E-03 1.833834336E-03 2.015522583E-03 2.221957667E-03
 2.451687728E-03 2.702430243E-03 2.973484016E-03 3.268476668E-03 3.595520193E-03
 3.963175606E-03 4.367680887E-03 4.796583835E-03 5.227481047E-03 5.628644908E-03
 5.982525291E-03 6.280574537E-03 6.521524587E-03 6.716217822E-03 6.879042407E-03
 7.005061558E-03 7.082730351E-03 7.095244763E-03 7.018950458E-03 6.822508192E-03
 6.479111952E-03 5.969391053E-03 5.274228390E-03 4.374818894E-03 3.252916664E-03
 1.800000000E+00 1.836261392E+00 1.859239621E+00 1.876670167E+00 1.890966630E+00
 1.903827962E+00 1.916147834E+00 1.927294979E+00 1.938483617E+00 1.949153654E+00
 1.959403535E+00 1.970058238E+00 1.981574028E+00 1.995585598E+00 2.012250034E+00
 2.031028014E+00 2.051864524E+00 2.074735579E+00 2.099544856E+00 2.126259424E+00
 2.154868987E+00 2.185361754E+00 2.217740389E+00 2.252018673E+00 2.288215428E+00
 2.326355397E+00 2.366471759E+00 2.408601650E+00 2.452785870E+00 2.499072472E+00
 2.547513362E+00 2.598163409E+00 2.651084061E+00 2.706341590E+00 2.764005959E+00
 2.824153006E+00 2.886865704E+00 2.952233071E+00 3.020349571E+00 3.091320512E+00
 3.165261655E+00 3.242295498E+00 3.322560031E+00 3.406209903E+00 3.493413030E+00
 3.584358388E+00 3.679258913E+00 3.778353400E+00 3.881912806E+00 3.990242547E+00
 4.103689959E+00 4.222651801E+00 4.347580516E+00 4.478996776E+00 4.617494561E+00
 4.763759512E+00 4.918586333E+00 5.082889585E+00 5.257746958E+00 5.444418244E+00
 5.644392950E+00 5.859488443E+00 6.091914008E+00 6.344486237E+00 6.620987057E+00
  300    5
 2.030446496E+00-1.990555471E-02 2.030431932E+00-1.411140730E-02 2.030320547E+00
-8.316822896E-03 2.030112234E+00-2.522791378E-03 2.029806916E+00 3.269693587E-03
 2.029404601E+00 9.059643852E-03 2.028905317E+00 1.484607697E-02 2.028309057E+00
 2.062801156E-02 2.027615777E+00 2.640446189E-02 2.026825414E+00 3.217443889E-02
 2.025937673E+00 3.793690208E-02 2.024952041E+00 4.369073762E-02 2.023868026E+00
 4.943479503E-02 2.022685350E+00 5.516794361E-02 2.021403865E+00 6.088906843E-02
 2.020023454E+00 6.659705426E-02 2.018544191E+00 7.229084373E-02 2.016966218E+00
 7.796941460E-02 2.015289653E+00 8.363175046E-02 2.013514517E+00 8.927680942E-02
 2.011640807E+00 9.490354403E-02 2.009668418E+00 1.005108627E-01 2.007596908E+00
 1.060974995E-01 2.005425781E+00 1.116621175E-01 2.003154601E+00 1.172033637E-01
 2.000783074E+00 1.227199221E-01 1.998310944E+00 1.282104655E-01 1.995738084E+00
 1.336737203E-01 1.993064744E+00 1.391086494E-01 1.990291238E+00 1.445142868E-01
 1.987417754E+00 1.498896168E-01 1.984444073E+00 1.552333399E-01 1.981369897E+00
 1.605440658E-01 1.978194926E+00 1.658203669E-01 1.974918780E+00 1.710607046E-01
 1.971541072E+00 1.762634751E-01 1.968061439E+00 1.814270380E-01 1.964479518E+00
 1.865496867E-01 1.960794957E+00 1.916296568E-01 1.957007442E+00 1.966651472E-01
 1.953116705E+00 2.016543327E-01 1.949122524E+00 2.065953649E-01 1.945024715E+00
 2.114863631E-01 1.940823112E+00 2.163253933E-01 1.936517538E+00 2.211104180E-01
 1.932107847E+00 2.258393485E-01 1.927593931E+00 2.305100404E-01 1.922975577E+00
 2.351200791E-01 1.918252552E+00 2.396668540E-01 1.913424705E+00 2.441476971E-01
 1.908491981E+00 2.485599023E-01 1.903454422E+00 2.529007326E-01 1.898312158E+00
 2.571673990E-01 1.893065399E+00 2.613570496E-01 1.887714358E+00 2.654665924E-01
 1.882259298E+00 2.694927512E-01 1.876700610E+00 2.734321963E-01 1.871038740E+00
 2.772813671E-01 1.865274027E+00 2.810359597E-01 1.859406952E+00 2.846914101E-01
 1.853438229E+00 2.882431157E-01 1.847369709E+00 2.916894571E-01 1.841204467E+00
 2.950333936E-01 1.834945275E+00 2.982784109E-01 1.828594325E+00 3.014275210E-01
 1.822151536E+00 3.044747872E-01 1.815615876E+00 3.074071424E-01 1.808987233E+00
 3.102111104E-01 1.802266682E+00 3.128744954E-01 1.795457516E+00 3.153960860E-01
 1.788563495E+00 3.177799155E-01 1.781587890E+00 3.200301081E-01 1.774533385E+00
 3.221491392E-01 1.767401999E+00 3.241308974E-01 1.760196092E+00 3.259664549E-01
 1.752918643E+00 3.276468562E-01 1.745573194E+00 3.291654767E-01 1.738163289E+00
 3.305249654E-01 1.730691973E+00 3.317303128E-01 1.723161765E+00 3.327864864E-01
 1.715574997E+00 3.336953554E-01 1.707935170E+00 3.344479535E-01 1.700246816E+00
 3.350329507E-01 1.692515323E+00 3.354391457E-01 1.684746456E+00 3.356579749E-01
 1.676944730E+00 3.356897133E-01 1.669114129E+00 3.355365496E-01 1.661258420E+00
 3.352005950E-01 1.653381260E+00 3.346835609E-01 1.645486509E+00 3.339858916E-01
 1.637578055E+00 3.331077420E-01 1.629659746E+00 3.320492837E-01 1.621735719E+00
 3.308098438E-01 1.613811814E+00 3.293846735E-01 1.605894812E+00 3.277679145E-01
 1.597992020E+00 3.259538958E-01 1.590110706E+00 3.239383396E-01 1.582254912E+00
 3.217243888E-01 1.574427010E+00 3.193179017E-01 1.566628951E+00 3.167245460E-01
 1.558862724E+00 3.139490331E-01 1.551133969E+00 3.109894314E-01 1.543450751E+00
 3.078405507E-01 1.535821687E+00 3.044974887E-01 1.528255688E+00 3.009560292E-01
 1.520758903E+00 2.972167198E-01 1.513335109E+00 2.932834495E-01 1.505987882E+00
 2.891600748E-01 1.498720723E+00 2.848502805E-01 1.491538196E+00 2.803563034E-01
 1.484446193E+00 2.756789407E-01 1.477450810E+00 2.708190409E-01 1.470558275E+00
 2.657776042E-01 1.463774895E+00 2.605558475E-01 1.457107045E+00 2.551552176E-01
 1.450561254E+00 2.495773090E-01 1.444144212E+00 2.438238818E-01 1.437862155E+00
 2.378973756E-01 1.431719792E+00 2.318016592E-01 1.425721567E+00 2.255408298E-01
 1.419871929E+00 2.191189942E-01 1.414175585E+00 2.125401075E-01 1.408638449E+00
 2.058074133E-01 1.403266891E+00 1.989240928E-01 1.398067424E+00 1.918935229E-01
 1.393046280E+00 1.847195310E-01 1.388206496E+00 1.774079250E-01 1.383549450E+00
 1.699652789E-01 1.379076406E+00 1.623979906E-01 1.374788727E+00 1.547121918E-01
 1.370690727E+00 1.469125512E-01 1.366789222E+00 1.390028454E-01 1.363091254E+00
 1.309871478E-01 1.359603921E+00 1.228699176E-01 1.356331183E+00 1.146570830E-01
 1.353272672E+00 1.063560520E-01 1.350427630E+00 9.797408153E-02 1.347795237E+00
 8.951816865E-02 1.345375668E+00 8.099480655E-02 1.343171451E+00 7.240981187E-02
 1.341185466E+00 6.376900641E-02 1.339420612E+00 5.507832773E-02 1.337879208E+00
 4.634393791E-02 1.336561133E+00 3.757242961E-02 1.335465610E+00 2.877037077E-02
 1.334591851E+00 1.994419013E-02 1.333939018E+00 1.110019443E-02 1.333505865E+00
 2.244597245E-03 1.333290931E+00-6.616515923E-03 1.333292742E+00-1.547719835E-02
 1.333509824E+00-2.433163011E-02 1.333940727E+00-3.317410451E-02 1.334584009E+00
-4.199901418E-02 1.335438229E+00-5.080083911E-02 1.336501941E+00-5.957413536E-02
 1.337773377E+00-6.831356141E-02 1.339250290E+00-7.701392290E-02 1.340930410E+00
-8.567014117E-02 1.342811489E+00-9.427723752E-02 1.344890743E+00-1.028304346E-01
 1.347163914E+00-1.113254164E-01 1.349626518E+00-1.197581756E-01 1.352274118E+00
-1.281249615E-01 1.355103246E+00-1.364220031E-01 1.358114975E+00-1.446442727E-01
 1.361311726E+00-1.527860322E-01 1.364695820E+00-1.608411800E-01 1.368268803E+00
-1.688034970E-01 1.372025925E+00-1.766689754E-01 1.375959025E+00-1.844353157E-01
 1.380060097E+00-1.921007173E-01 1.384321449E+00-1.996637950E-01 1.388737377E+00
-2.071227004E-01 1.393303998E+00-2.144749645E-01 1.398017562E+00-2.217182162E-01
 1.402874354E+00-2.288502204E-01 1.407868687E+00-2.358701285E-01 1.412991663E+00
-2.427795751E-01 1.418234403E+00-2.495809858E-01 1.423588425E+00-2.562773522E-01
 1.429046007E+00-2.628719552E-01 1.434600683E+00-2.693679218E-01 1.440246429E+00
-2.757687342E-01 1.445977550E+00-2.820783112E-01 1.451788892E+00-2.883008258E-01
 1.457676406E+00-2.944401532E-01 1.463636533E+00-3.005003221E-01 1.469666010E+00
-3.064856782E-01 1.475762318E+00-3.124004252E-01 1.481925952E+00-3.182460572E-01
 1.488158518E+00-3.240228989E-01 1.494461533E+00-3.297312818E-01 1.500838044E+00
-3.353695582E-01 1.507304961E+00-3.409176833E-01 1.513884807E+00-3.463443370E-01
 1.520597645E+00-3.516161135E-01 1.527461056E+00-3.566975033E-01 1.534492310E+00
-3.615474505E-01 1.541707135E+00-3.661204340E-01 1.549117966E+00-3.703687926E-01
 1.556734308E+00-3.742419759E-01 1.564568802E+00-3.776748270E-01 1.572633806E+00
-3.805908958E-01 1.580936430E+00-3.829102685E-01 1.589475163E+00-3.845566380E-01
 1.598203097E+00-3.855448299E-01 1.607046979E+00-3.859618746E-01 1.615941077E+00
-3.859001690E-01 1.624828470E+00-3.854543005E-01 1.633667190E+00-3.847019785E-01
 1.642428892E+00-3.837007523E-01 1.651090299E+00-3.825089121E-01 1.659632903E+00
-3.811862170E-01 1.668046120E+00-3.797808437E-01 1.676329145E+00-3.783144452E-01
 1.684483341E+00-3.768056059E-01 1.692511297E+00-3.752732451E-01 1.700417627E+00
-3.737315805E-01 1.708210271E+00-3.721765129E-01 1.715897012E+00-3.705994880E-01
 1.723484652E+00-3.689918349E-01 1.730978958E+00-3.673458628E-01 1.738384591E+00
-3.656590447E-01 1.745705773E+00-3.639304846E-01 1.752946479E+00-3.621592716E-01
 1.760110436E+00-3.603431164E-01 1.767200751E+00-3.584719837E-01 1.774219408E+00
-3.565331051E-01 1.781167201E+00-3.545137496E-01 1.788043919E+00-3.524030087E-01
 1.794849268E+00-3.501978255E-01 1.801582907E+00-3.478973833E-01 1.808244312E+00
-3.455008695E-01 1.814832607E+00-3.430065193E-01 1.821346028E+00-3.404095809E-01
 1.827782167E+00-3.377047934E-01 1.834138066E+00-3.348870437E-01 1.840410552E+00
-3.319525894E-01 1.846596627E+00-3.288998865E-01 1.852693075E+00-3.257276504E-01
 1.858696464E+00-3.224348015E-01 1.864604003E+00-3.190227766E-01 1.870413678E+00
-3.154951476E-01 1.876123629E+00-3.118555106E-01 1.881732111E+00-3.081073964E-01
 1.887237474E+00-3.042542413E-01 1.892638169E+00-3.002994261E-01 1.897932751E+00
-2.962462863E-01 1.903119913E+00-2.920981902E-01 1.908198539E+00-2.878586193E-01
 1.913167630E+00-2.835310186E-01 1.918026306E+00-2.791187926E-01 1.922773931E+00
-2.746255085E-01 1.927410081E+00-2.700547975E-01 1.931934452E+00-2.654102119E-01
 1.936347138E+00-2.606955911E-01 1.940649008E+00-2.559154730E-01 1.944841233E+00
-2.510743480E-01 1.948925045E+00-2.461763603E-01 1.952900727E+00-2.412242193E-01
 1.956768116E+00-2.362200013E-01 1.960527092E+00-2.311657711E-01 1.964178026E+00
-2.260640191E-01 1.967721900E+00-2.209176839E-01 1.971159832E+00-2.157296187E-01
 1.974493410E+00-2.105028727E-01 1.977725282E+00-2.052411211E-01 1.980858447E+00
-1.999479356E-01 1.983895360E+00-1.946260720E-01 1.986835150E+00-1.892755663E-01
 1.989675869E+00-1.838958470E-01 1.992415741E+00-1.784867251E-01 1.995055016E+00
-1.730495278E-01 1.997594882E+00-1.675861277E-01 2.000036560E+00-1.620982866E-01
 2.002381114E+00-1.565875502E-01 2.004629538E+00-1.510553265E-01 2.006782840E+00
-1.455029373E-01 2.008841754E+00-1.399314872E-01 2.010806859E+00-1.343419553E-01
 2.012678721E+00-1.287352729E-01 2.014457633E+00-1.231122260E-01 2.016143748E+00
-1.174735347E-01 2.017737166E+00-1.118199030E-01 2.019237654E+00-1.061519284E-01
 2.020644817E+00-1.004701952E-01 2.021958287E+00-9.477533935E-02 2.023177848E+00
-8.906807857E-02 2.024303331E+00-8.334916606E-02 2.025334603E+00-7.761938335E-02
 2.026271662E+00-7.187955268E-02 2.027114535E+00-6.613050353E-02 2.027863181E+00
-6.037305627E-02 2.028517445E+00-5.460802125E-02 2.029077154E+00-4.883622120E-02
 2.029542054E+00-4.305848718E-02 2.029911802E+00-3.727566563E-02 2.030186048E+00
-3.148863048E-02 2.030364413E+00-2.569828307E-02 2.030446496E+00-1.990555471E-02
 1.321476214E+00-3.932799011E-01 2.042250579E+00-3.932799011E-01 2.042250579E+00
 3.534687960E-01 1.321476214E+00 3.534687960E-01 1.321476214E+00-3.932799011E-01
 
    1.65000000E+00 R0 [M] USED FOR CONVERTING TO MKSA
    1.27030000E+00 B0 [T] USED FOR CONVERTING TO MKSA
    1.06348153E+00 R OF MAGAXE --> [M]       1.75474453E+00
   -1.20639712E-02 Z OF MAGAXE --> [M]      -1.99055525E-02
   -7.28119394E-03 PSI-AXIS --> [T M**2]    -2.51812210E-02
   -4.57491249E-02 2*PI*PSI-AXIS -->        -1.58218396E-01
    5.05807718E-02 TOTAL CURRENT --> [A]     8.43656744E+04
    2.14337327E+00 POLOIDAL BETA
    3.11616198E-03 BETA
    4.48796649E-03 BETA* (SQRT(<P**2>))
    3.15739484E-03 BETA_EXP=<P>*2*MU0/B0**2
    1.13967423E+00 LI
    1.80000000E+00 Q_ZERO
    6.62098706E+00 Q_EDGE
    4.82469444E+00 ASPECT RATIO ; a/R=     2.07267012E-01
    1.03513914E+00 b/a
    9.19658102E-01 VOLUME ->     4.13121915E+00
    1.43751385E-01 AREA   ->     3.91363145E-01
    1.34674730E+00 LENGTH ->     2.22213304E+00
    8.08055110E-01 RMIN -> RMIN [m]     1.33329093E+00
    1.23057363E+00 RMAX -> RMAX [m]     2.03044650E+00
   -2.33916288E-01 ZMIN -> ZMIN [m]    -3.85961875E-01
    2.03448311E-01 ZMAX -> ZMAX [m]     3.35689713E-01
    1.01931437E+00 RGEOM -> RGEOM [m]     1.68186871E+00
    2.11259262E-01 MINOR RADIUS -> A [m]     3.48577782E-01
